Rebuild target 'STC32G'
assembling START251.A51...
assembling stc32g_isr.asm...
compiling zf_common_clock.c...
compiling zf_common_debug.c...
compiling zf_common_fifo.c...
compiling zf_common_font.c...
compiling zf_common_function.c...
compiling zf_common_typedef.c...
compiling zf_common_interrupt.c...
compiling zf_driver_adc.c...
compiling zf_driver_delay.c...
compiling zf_driver_eeprom.c...
compiling zf_driver_encoder.c...
compiling zf_driver_exti.c...
compiling zf_driver_gpio.c...
compiling zf_driver_pit.c...
compiling zf_driver_pwm.c...
compiling zf_driver_soft_iic.c...
compiling zf_driver_soft_spi.c...
compiling zf_driver_spi.c...
compiling zf_driver_timer.c...
compiling zf_driver_uart.c...
compiling zf_device_ble6a20.c...
compiling zf_device_config.c...
compiling zf_device_dl1a.c...
compiling zf_device_dl1b.c...
compiling zf_device_gps_tau1201.c...
compiling zf_device_icm20602.c...
compiling zf_device_imu660ra.c...
compiling zf_device_imu660rb.c...
compiling zf_device_imu963ra.c...
compiling zf_device_ips114.c...
compiling zf_device_ips200.c...
compiling zf_device_ips200pro.c...
compiling zf_device_tft180.c...
compiling zf_device_tsl1401.c...
compiling zf_device_type.c...
compiling zf_device_wireless_uart.c...
compiling seekfree_assistant.c...
compiling seekfree_assistant_interface.c...
compiling motor.c...
compiling key.c...
compiling lcd.c...
compiling adc.c...
compiling uart.c...
compiling pid.c...
..\code\pid.c(199): warning C183: dead assignment eliminated
..\code\pid.c(200): warning C183: dead assignment eliminated
..\code\pid.c(201): warning C183: dead assignment eliminated
..\code\pid.c(202): warning C183: dead assignment eliminated
..\code\pid.c(204): warning C183: dead assignment eliminated
..\code\pid.c(205): warning C183: dead assignment eliminated
compiling encoder.c...
compiling normalization.c...
compiling control.c...
compiling isr.c...
compiling main.c...
linking...
Program Size: data=8.0 edata+hdata=2048 xdata=2341 const=3887 code=25144
creating hex file from ".\out_file\SEEKFREE"...
".\out_file\SEEKFREE" - 0 Error(s), 6 Warning(s).
Build Time Elapsed:  00:00:04
