C251 COMPILER V5.60.0,  isr                                                                18/01/26  23:08:41  PAGE 1   


C251 COMPILER V5.60.0, COMPILATION OF MODULE isr
OBJECT MODULE PLACED IN .\out_file\isr.obj
COMPILER INVOKED BY: E:\Tools\keil5\Keil_v5\C251\BIN\C251.EXE ..\user\isr.c LARGE NOALIAS WARNINGLEVEL(3) OPTIMIZE(SIZE)
                    - BROWSE INCDIR(..\..\libraries\zf_common;..\..\libraries\zf_components;..\..\libraries\zf_device;..\..\libraries\zf_driv
                    -er;..\user;..\code) DEBUG PRINT(.\out_file\isr.lst) TABS(2) OBJECT(.\out_file\isr.obj) 

stmt  level    source

    1          /********************************************************************************************************
             -*************
    2           * STC32G Opensourec Library å³ï¼ˆSTC32G å¼€æºåº“ï¼‰æ˜¯ä¸€ä¸ªåŸºäºå®˜æ–¹ SDK æ¥å£çš„ç¬¬ä¸‰æ–¹å¼€æºå
             -º“
    3           * Copyright (c) 2022 SEEKFREE é€é£ç§‘æŠ€
    4           *
    5           * æœ¬æ–‡ä»¶æ˜¯STC å¼€æºåº“çš„ä¸€éƒ¨åˆ†
    6           *
    7           * STC32G å¼€æºåº“ æ˜¯å…è´¹è½¯ä»¶
    8           * æ‚¨å¯ä»¥æ ¹æ®è‡ªç”±è½¯ä»¶åŸºé‡‘ä¼šå‘å¸ƒçš„ GPLï¼ˆGNU General Public Licenseï¼Œå³ GNUé€šç”¨å…¬å…±è®
             -¸å¯è¯ï¼‰çš„æ¡æ¬¾
    9           * å³ GPL çš„ç¬¬3ç‰ˆï¼ˆå³ GPL3.0ï¼‰æˆ–ï¼ˆæ‚¨é€‰æ‹©çš„ï¼‰ä»»ä½•åæ¥çš„ç‰ˆæœ¬ï¼Œé‡æ–°å‘å¸ƒå’Œ/æˆ–ä¿®æ
             -”¹å®ƒ
   10           *
   11           * æœ¬å¼€æºåº“çš„å‘å¸ƒæ˜¯å¸Œæœ›å®ƒèƒ½å‘æŒ¥ä½œç”¨ï¼Œä½†å¹¶æœªå¯¹å…¶ä½œä»»ä½•çš„ä¿è¯
   12           * ç”šè‡³æ²¡æœ‰éšå«çš„é€‚é”€æ€§æˆ–é€‚åˆç‰¹å®šç”¨é€”çš„ä¿è¯
   13           * æ›´å¤šç»†èŠ‚è¯·å‚è§ GPL
   14           *
   15           * æ‚¨åº”è¯¥åœ¨æ”¶åˆ°æœ¬å¼€æºåº“çš„åŒæ—¶æ”¶åˆ°ä¸€ä»½ GPL çš„å‰¯æœ¬
   16           * å¦‚æœæ²¡æœ‰ï¼Œè¯·å‚é˜…<https://www.gnu.org/licenses/>
   17           *
   18           * é¢å¤–æ³¨æ˜ï¼š
   19           * æœ¬å¼€æºåº“ä½¿ç”¨ GPL3.0 å¼€æºè®¸å¯è¯åè®® ä»¥ä¸Šè®¸å¯ç”³æ˜ä¸ºè¯‘æ–‡ç‰ˆæœ¬
   20           * è®¸å¯ç”³æ˜è‹±æ–‡ç‰ˆåœ¨ libraries/doc æ–‡ä»¶å¤¹ä¸‹çš„ GPL3_permission_statement.txt æ–‡ä»¶ä¸­
   21           * è®¸å¯è¯å‰¯æœ¬åœ¨ libraries æ–‡ä»¶å¤¹ä¸‹ å³è¯¥æ–‡ä»¶å¤¹ä¸‹çš„ LICENSE æ–‡ä»¶
   22           * æ¬¢è¿å„ä½ä½¿ç”¨å¹¶ä¼ æ’­æœ¬ç¨‹åº ä½†ä¿®æ”¹å†…å®¹æ—¶å¿…é¡»ä¿ç•™é€é£ç§‘æŠ€çš„ç‰ˆæƒå£°æ˜ï¼ˆå³æœ
             -¬å£°æ˜ï¼‰
   23           *
   24           * æ–‡ä»¶åç§°
   25           * å…¬å¸åç§°          æˆéƒ½é€é£ç§‘æŠ€æœ‰é™å…¬å¸
   26           * ç‰ˆæœ¬ä¿¡æ¯          æŸ¥çœ‹ libraries/doc æ–‡ä»¶å¤¹å†… version æ–‡ä»¶ ç‰ˆæœ¬è¯´æ˜
   27           * å¼€å‘ç¯å¢ƒ          MDK FOR C251
   28           * é€‚ç”¨å¹³å°          STC32G
   29           * åº—é“ºé“¾æ¥          https://seekfree.taobao.com/
   30           *
   31           * ä¿®æ”¹è®°å½•
   32           * æ—¥æœŸ              ä½œè€…           å¤‡æ³¨
   33           * 2024-08-01        å¤§W            first version
   34           ********************************************************************************************************
             -************/
   35          
   36          #include "zf_common_headfile.h"
   37          
   38          void DMA_UART1_IRQHandler(void) interrupt 4
   39          {
   40   1          static vuint8 dwon_count = 0;
   41   1      
   42   1          if (DMA_UR1R_STA & 0x01) // æ¥æ”¶å®Œæˆ
   43   1          {
   44   2              DMA_UR1R_STA &= ~0x01;      // æ¸…æ ‡å¿—ä½
   45   2              uart_rx_start_buff(UART_1); // è®¾ç½®ä¸‹ä¸€æ¬¡æ¥æ”¶ï¼ŒåŠ¡å¿…ä¿ç•™
   46   2      
   47   2              // ç¨‹åºè‡ªåŠ¨ä¸‹è½½
   48   2              if (uart_rx_buff[UART_1][0] == 0x7F)
   49   2              {
   50   3                  if (dwon_count++ > 20)
   51   3                  {
C251 COMPILER V5.60.0,  isr                                                                18/01/26  23:08:41  PAGE 2   

   52   4                      IAP_CONTR = 0x60;
   53   4                  }
   54   3              }
   55   2              else
   56   2              {
   57   3                  dwon_count = 0;
   58   3              }
   59   2      
   60   2              if (uart1_irq_handler != NULL)
   61   2              {
   62   3                  uart1_irq_handler(uart_rx_buff[UART_1][0]);
   63   3              }
   64   2          }
   65   1      
   66   1          if (DMA_UR1R_STA & 0x02) // æ•°æ®ä¸¢å¼ƒ
   67   1          {
   68   2              DMA_UR1R_STA &= ~0x02;      // æ¸…æ ‡å¿—ä½
   69   2              uart_rx_start_buff(UART_1); // è®¾ç½®ä¸‹ä¸€æ¬¡æ¥æ”¶ï¼ŒåŠ¡å¿…ä¿ç•™
   70   2              // å¦‚æœè¿›å…¥äº†è¿™ä¸ªä¸­æ–­ï¼Œåˆ™ä»£è¡¨UARTçš„æ•°æ®åœ¨æ²¡æœ‰å–èµ°ä¹‹å‰è¢«è¦†ç›–!
   71   2              // å¦‚æœè¿›å…¥äº†è¿™ä¸ªä¸­æ–­ï¼Œåˆ™ä»£è¡¨UARTçš„æ•°æ®åœ¨æ²¡æœ‰å–èµ°ä¹‹å‰è¢«è¦†ç›–!
   72   2              // å¦‚æœè¿›å…¥äº†è¿™ä¸ªä¸­æ–­ï¼Œåˆ™ä»£è¡¨UARTçš„æ•°æ®åœ¨æ²¡æœ‰å–èµ°ä¹‹å‰è¢«è¦†ç›–!
   73   2          }
   74   1      }
   75          
   76          void DMA_UART2_IRQHandler(void) interrupt 8
   77          {
   78   1          if (DMA_UR2R_STA & 0x01) // æ¥æ”¶å®Œæˆ
   79   1          {
   80   2              DMA_UR2R_STA &= ~0x01;      // æ¸…æ ‡å¿—ä½
   81   2              uart_rx_start_buff(UART_2); // è®¾ç½®ä¸‹ä¸€æ¬¡æ¥æ”¶ï¼ŒåŠ¡å¿…ä¿ç•™
   82   2      
   83   2              if (uart2_irq_handler != NULL)
   84   2              {
   85   3                  uart2_irq_handler(uart_rx_buff[UART_2][0]);
   86   3              }
   87   2          }
   88   1      
   89   1          if (DMA_UR2R_STA & 0x02) // æ•°æ®ä¸¢å¼ƒ
   90   1          {
   91   2              DMA_UR2R_STA &= ~0x02;      // æ¸…æ ‡å¿—ä½
   92   2              uart_rx_start_buff(UART_2); // è®¾ç½®ä¸‹ä¸€æ¬¡æ¥æ”¶ï¼ŒåŠ¡å¿…ä¿ç•™
   93   2              // å¦‚æœè¿›å…¥äº†è¿™ä¸ªä¸­æ–­ï¼Œåˆ™ä»£è¡¨UARTçš„æ•°æ®åœ¨æ²¡æœ‰å–èµ°ä¹‹å‰è¢«è¦†ç›–!
   94   2              // å¦‚æœè¿›å…¥äº†è¿™ä¸ªä¸­æ–­ï¼Œåˆ™ä»£è¡¨UARTçš„æ•°æ®åœ¨æ²¡æœ‰å–èµ°ä¹‹å‰è¢«è¦†ç›–!
   95   2              // å¦‚æœè¿›å…¥äº†è¿™ä¸ªä¸­æ–­ï¼Œåˆ™ä»£è¡¨UARTçš„æ•°æ®åœ¨æ²¡æœ‰å–èµ°ä¹‹å‰è¢«è¦†ç›–!
   96   2          }
   97   1      }
   98          
   99          void DMA_UART3_IRQHandler(void) interrupt 17
  100          {
  101   1          if (DMA_UR3R_STA & 0x01) // æ¥æ”¶å®Œæˆ
  102   1          {
  103   2              DMA_UR3R_STA &= ~0x01;      // æ¸…æ ‡å¿—ä½
  104   2              uart_rx_start_buff(UART_3); // è®¾ç½®ä¸‹ä¸€æ¬¡æ¥æ”¶ï¼ŒåŠ¡å¿…ä¿ç•™
  105   2      
  106   2              if (uart3_irq_handler != NULL)
  107   2              {
  108   3                  uart3_irq_handler(uart_rx_buff[UART_3][0]);
  109   3              }
  110   2          }
  111   1      
  112   1          if (DMA_UR3R_STA & 0x02) // æ•°æ®ä¸¢å¼ƒ
  113   1          {
  114   2              DMA_UR3R_STA &= ~0x02;      // æ¸…æ ‡å¿—ä½
  115   2              uart_rx_start_buff(UART_3); // è®¾ç½®ä¸‹ä¸€æ¬¡æ¥æ”¶ï¼ŒåŠ¡å¿…ä¿ç•™
  116   2              // å¦‚æœè¿›å…¥äº†è¿™ä¸ªä¸­æ–­ï¼Œåˆ™ä»£è¡¨UARTçš„æ•°æ®åœ¨æ²¡æœ‰å–èµ°ä¹‹å‰è¢«è¦†ç›–!
  117   2              // å¦‚æœè¿›å…¥äº†è¿™ä¸ªä¸­æ–­ï¼Œåˆ™ä»£è¡¨UARTçš„æ•°æ®åœ¨æ²¡æœ‰å–èµ°ä¹‹å‰è¢«è¦†ç›–!
C251 COMPILER V5.60.0,  isr                                                                18/01/26  23:08:41  PAGE 3   

  118   2              // å¦‚æœè¿›å…¥äº†è¿™ä¸ªä¸­æ–­ï¼Œåˆ™ä»£è¡¨UARTçš„æ•°æ®åœ¨æ²¡æœ‰å–èµ°ä¹‹å‰è¢«è¦†ç›–!
  119   2          }
  120   1      }
  121          
  122          void DMA_UART4_IRQHandler(void) interrupt 18
  123          {
  124   1          if (DMA_UR4R_STA & 0x01) // æ¥æ”¶å®Œæˆ
  125   1          {
  126   2              DMA_UR4R_STA &= ~0x01;      // æ¸…æ ‡å¿—ä½
  127   2              uart_rx_start_buff(UART_4); // è®¾ç½®ä¸‹ä¸€æ¬¡æ¥æ”¶ï¼ŒåŠ¡å¿…ä¿ç•™
  128   2      
  129   2              if (uart4_irq_handler != NULL)
  130   2              {
  131   3                  uart4_irq_handler(uart_rx_buff[UART_4][0]);
  132   3              }
  133   2          }
  134   1      
  135   1          if (DMA_UR4R_STA & 0x02) // æ•°æ®ä¸¢å¼ƒ
  136   1          {
  137   2              DMA_UR4R_STA &= ~0x02;      // æ¸…æ ‡å¿—ä½
  138   2              uart_rx_start_buff(UART_4); // è®¾ç½®ä¸‹ä¸€æ¬¡æ¥æ”¶ï¼ŒåŠ¡å¿…ä¿ç•™
  139   2              // å¦‚æœè¿›å…¥äº†è¿™ä¸ªä¸­æ–­ï¼Œåˆ™ä»£è¡¨UARTçš„æ•°æ®åœ¨æ²¡æœ‰å–èµ°ä¹‹å‰è¢«è¦†ç›–!
  140   2              // å¦‚æœè¿›å…¥äº†è¿™ä¸ªä¸­æ–­ï¼Œåˆ™ä»£è¡¨UARTçš„æ•°æ®åœ¨æ²¡æœ‰å–èµ°ä¹‹å‰è¢«è¦†ç›–!
  141   2              // å¦‚æœè¿›å…¥äº†è¿™ä¸ªä¸­æ–­ï¼Œåˆ™ä»£è¡¨UARTçš„æ•°æ®åœ¨æ²¡æœ‰å–èµ°ä¹‹å‰è¢«è¦†ç›–!
  142   2          }
  143   1      }
  144          
  145          void TM0_IRQHandler() interrupt 1
  146          {
  147   1          TIM0_CLEAR_FLAG;
  148   1      
  149   1          if (tim0_irq_handler != NULL)
  150   1          {
  151   2              tim0_irq_handler();
  152   2          }
  153   1      }
  154          
  155          void TM1_IRQHandler() interrupt 3
  156          {
  157   1          TIM1_CLEAR_FLAG;
  158   1      
  159   1          if (tim1_irq_handler != NULL)
  160   1          {
  161   2              tim1_irq_handler();
  162   2          }
  163   1      }
  164          
  165          void TM2_IRQHandler() interrupt 12
  166          {
  167   1          TIM2_CLEAR_FLAG;
  168   1      
  169   1          if (tim2_irq_handler != NULL)
  170   1          {
  171   2              tim2_irq_handler();
  172   2          }
  173   1      }
  174          
  175          void TM3_IRQHandler() interrupt 19
  176          {
  177   1          TIM3_CLEAR_FLAG;
  178   1      
  179   1          if (tim3_irq_handler != NULL)
  180   1          {
  181   2              tim3_irq_handler();
  182   2          }
  183   1      }
C251 COMPILER V5.60.0,  isr                                                                18/01/26  23:08:41  PAGE 4   

  184          
  185          void TM4_IRQHandler() interrupt 20
  186          {
  187   1          TIM4_CLEAR_FLAG;
  188   1      
  189   1          if (tim4_irq_handler != NULL)
  190   1          {
  191   2              tim4_irq_handler();
  192   2          }
  193   1      }
  194          
  195          
  196          //#define     INT0_VECTOR             0       //0003H
  197          //#define     TMR0_VECTOR             1       //000BH
  198          //#define     INT1_VECTOR             2       //0013H
  199          //#define     TMR1_VECTOR             3       //001BH
  200          //#define     UART1_VECTOR            4       //0023H
  201          //#define     ADC_VECTOR              5       //002BH
  202          //#define     LVD_VECTOR              6       //0033H
  203          ////#define   PCA_VECTOR              7       //003BH
  204          //#define     UART2_VECTOR            8       //0043H
  205          //#define     SPI_VECTOR              9       //004BH
  206          //#define     INT2_VECTOR             10      //0053H
  207          //#define     INT3_VECTOR             11      //005BH
  208          //#define     TMR2_VECTOR             12      //0063H
  209          //#define     USER_VECTOR             13      //006BH
  210          //#define     BRK_VECTOR              14      //0073H
  211          //#define     ICEP_VECTOR             15      //007BH
  212          //#define     INT4_VECTOR             16      //0083H
  213          //#define     UART3_VECTOR            17      //008BH
  214          //#define     UART4_VECTOR            18      //0093H
  215          //#define     TMR3_VECTOR             19      //009BH
  216          //#define     TMR4_VECTOR             20      //00A3H
  217          //#define     CMP_VECTOR              21      //00ABH
  218          ////#define   PWM_VECTOR              22      //00B3H
  219          ////#define   PWMFD_VECTOR            23      //00BBH
  220          //#define     I2C_VECTOR              24      //00C3H
  221          //#define     USB_VECTOR              25      //00CBH
  222          //#define     PWMA_VECTOR             26      //00D3H
  223          //#define     PWMB_VECTOR             27      //00DBH
  224          //#define     CAN1_VECTOR             28      //00E3H
  225          //#define     CAN2_VECTOR             29      //00EBH
  226          //#define     LIN_VECTOR              30      //00F3H
  227          
  228          //#define     RTC_VECTOR              36      //0123H
  229          //#define     P0INT_VECTOR            37      //012BH
  230          //#define     P1INT_VECTOR            38      //0133H
  231          //#define     P2INT_VECTOR            39      //013BH
  232          //#define     P3INT_VECTOR            40      //0143H
  233          //#define     P4INT_VECTOR            41      //014BH
  234          //#define     P5INT_VECTOR            42      //0153H
  235          //#define     P6INT_VECTOR            43      //015BH
  236          //#define     P7INT_VECTOR            44      //0163H
  237          //#define     DMA_M2M_VECTOR          47      //017BH
  238          //#define     DMA_ADC_VECTOR          48      //0183H
  239          //#define     DMA_SPI_VECTOR          49      //018BH
  240          //#define     DMA_UR1T_VECTOR         50      //0193H
  241          //#define     DMA_UR1R_VECTOR         51      //019BH
  242          //#define     DMA_UR2T_VECTOR         52      //01A3H
  243          //#define     DMA_UR2R_VECTOR         53      //01ABH
  244          //#define     DMA_UR3T_VECTOR         54      //01B3H
  245          //#define     DMA_UR3R_VECTOR         55      //01BBH
  246          //#define     DMA_UR4T_VECTOR         56      //01C3H
  247          //#define     DMA_UR4R_VECTOR         57      //01CBH
  248          //#define     DMA_LCM_VECTOR          58      //01D3H
  249          //#define     LCM_VECTOR              59      //01DBH
C251 COMPILER V5.60.0,  isr                                                                18/01/26  23:08:41  PAGE 5   

  250          //#define     DMA_I2CT_VECTOR         60      //01E3H
  251          //#define     DMA_I2CR_VECTOR         61      //01EBH
  252          //#define     I2S_VECTOR              62      //01F3H
  253          //#define     DMA_I2ST_VECTOR         63      //01FBH
  254          //#define     DMA_I2SR_VECTOR         64      //0203H


Module Information          Static   Overlayable
------------------------------------------------
  code size            =       851     ------
  ecode size           =    ------     ------
  data size            =    ------     ------
  idata size           =    ------     ------
  pdata size           =    ------     ------
  xdata size           =         1     ------
  xdata-const size     =    ------     ------
  edata size           =    ------     ------
  bit size             =    ------     ------
  ebit size            =    ------     ------
  bitaddressable size  =    ------     ------
  ebitaddressable size =    ------     ------
  far data size        =    ------     ------
  huge data size       =    ------     ------
  const size           =    ------     ------
  hconst size          =         6     ------
End of Module Information.


C251 COMPILATION COMPLETE.  0 WARNING(S),  0 ERROR(S)
