C251 COMPILER V5.60.0,  key                                                                18/01/26  23:59:58  PAGE 1   


C251 COMPILER V5.60.0, COMPILATION OF MODULE key
OBJECT MODULE PLACED IN .\out_file\key.obj
COMPILER INVOKED BY: E:\Tools\keil5\Keil_v5\C251\BIN\C251.EXE ..\code\key.c LARGE NOALIAS WARNINGLEVEL(3) OPTIMIZE(SIZE)
                    - BROWSE INCDIR(..\..\libraries\zf_common;..\..\libraries\zf_components;..\..\libraries\zf_device;..\..\libraries\zf_driv
                    -er;..\user;..\code) DEBUG PRINT(.\out_file\key.lst) TABS(2) OBJECT(.\out_file\key.obj) 

stmt  level    source

    1          #include "key.h"
    2          
    3          // 全局变量定义
    4          uint8 key_val, key_old, key_down, key_up;
    5          
    6          //-------------------------------------------------------------------------------------------------------
             -------------
    7          // 函数简介     按键初始化
    8          // 参数说明     void
    9          // 返回参数     void
   10          // 使用示例     key_init();
   11          // 备注信息     配置6个按键为上拉输入模式
   12          //-------------------------------------------------------------------------------------------------------
             -------------
   13          void key_init(void)
   14          {
   15   1          gpio_init(IO_P32, GPI, 1, GPI_PULL_UP);
   16   1          gpio_init(IO_P33, GPI, 1, GPI_PULL_UP);
   17   1          gpio_init(IO_P36, GPI, 1, GPI_PULL_UP);
   18   1          gpio_init(IO_P50, GPI, 1, GPI_PULL_UP);
   19   1          gpio_init(IO_P51, GPI, 1, GPI_PULL_UP);
   20   1          gpio_init(IO_P37, GPI, 1, GPI_PULL_UP);
   21   1      }
   22          
   23          //-------------------------------------------------------------------------------------------------------
             -------------
   24          // 函数简介     按键扫描
   25          // 参数说明     void
   26          // 返回参数     uint8           按键键值 1-6，无按键按下返回0
   27          // 使用示例     uint8 key = Key_Scan();
   28          // 备注信息     检测6个按键的状态
   29          //-------------------------------------------------------------------------------------------------------
             -------------
   30          uint8 Key_Scan(void)
   31          {
   32   1          uint8 key_temp = 0;
   33   1          if(gpio_get_level(IO_P32) == 0) key_temp = 1;
   34   1          if(gpio_get_level(IO_P33) == 0) key_temp = 2;
   35   1          if(gpio_get_level(IO_P36) == 0) key_temp = 3;
   36   1          if(gpio_get_level(IO_P50) == 0) key_temp = 4;
   37   1          if(gpio_get_level(IO_P51) == 0) key_temp = 5;
   38   1          if(gpio_get_level(IO_P37) == 0) key_temp = 6;
   39   1          return key_temp;
   40   1      }
   41          
   42          //-------------------------------------------------------------------------------------------------------
             -------------
   43          // 函数简介     按键处理
   44          // 参数说明     void
   45          // 返回参数     void
   46          // 使用示例     Key_Disp();
   47          // 备注信息     检测按键按下和释放事件，更新按键状态
   48          //-------------------------------------------------------------------------------------------------------
             -------------
   49          void Key_Disp(void)
   50          {
   51   1          key_val = Key_Scan();
C251 COMPILER V5.60.0,  key                                                                18/01/26  23:59:58  PAGE 2   

   52   1          key_down = key_val & (key_val ^ key_old);
   53   1          key_up = ~key_val & (key_val ^ key_old);
   54   1          key_old = key_val;
   55   1      
   56   1          if(key_down == 1) lcd_cnt++;
   57   1          if(key_down == 2) lcd_cnt++;
   58   1          if(key_down == 3) lcd_cnt++;
   59   1          if(key_down == 4) lcd_cnt++;
   60   1          if(key_down == 5) lcd_cnt++;
   61   1          if(key_down == 6) lcd_cnt++;
   62   1      }


Module Information          Static   Overlayable
------------------------------------------------
  code size            =       285     ------
  ecode size           =    ------     ------
  data size            =    ------     ------
  idata size           =    ------     ------
  pdata size           =    ------     ------
  xdata size           =         4     ------
  xdata-const size     =    ------     ------
  edata size           =    ------     ------
  bit size             =    ------     ------
  ebit size            =    ------     ------
  bitaddressable size  =    ------     ------
  ebitaddressable size =    ------     ------
  far data size        =    ------     ------
  huge data size       =    ------     ------
  const size           =    ------     ------
  hconst size          =    ------     ------
End of Module Information.


C251 COMPILATION COMPLETE.  0 WARNING(S),  0 ERROR(S)
