C251 COMPILER V5.60.0,  lcd                                                                14/01/26  23:11:44  PAGE 1   


C251 COMPILER V5.60.0, COMPILATION OF MODULE lcd
OBJECT MODULE PLACED IN .\out_file\lcd.obj
COMPILER INVOKED BY: E:\Tools\keil5\Keil_v5\C251\BIN\C251.EXE ..\code\lcd.c LARGE NOALIAS WARNINGLEVEL(3) OPTIMIZE(SIZE)
                    - BROWSE INCDIR(..\..\libraries\zf_common;..\..\libraries\zf_components;..\..\libraries\zf_device;..\..\libraries\zf_driv
                    -er;..\user;..\code) DEBUG PRINT(.\out_file\lcd.lst) TABS(2) OBJECT(.\out_file\lcd.obj) 

stmt  level    source

    1          //头文件引用
    2          #include "lcd.h"
    3          
    4          
    5          //变量定义
    6          
    7          uint8 lcd_cnt = 0;
    8          
    9          //函数定义
   10          
   11          void Lcd_Init(void)
   12          {
   13   1          tft180_init();
   14   1          tft180_set_color(RGB565_WHITE, RGB565_BLACK);
   15   1          tft180_clear(RGB565_BLACK);
   16   1      
   17   1      }
   18          
   19          void Lcd_Disp(void)
   20          {
   21   1      
   22   1          tft180_show_string(0, 0, "lcd cnt");
   23   1      }


Module Information          Static   Overlayable
------------------------------------------------
  code size            =        32     ------
  ecode size           =    ------     ------
  data size            =    ------     ------
  idata size           =    ------     ------
  pdata size           =    ------     ------
  xdata size           =         1     ------
  xdata-const size     =    ------     ------
  edata size           =    ------     ------
  bit size             =    ------     ------
  ebit size            =    ------     ------
  bitaddressable size  =    ------     ------
  ebitaddressable size =    ------     ------
  far data size        =    ------     ------
  huge data size       =    ------     ------
  const size           =    ------     ------
  hconst size          =        14     ------
End of Module Information.


C251 COMPILATION COMPLETE.  0 WARNING(S),  0 ERROR(S)
