C251 COMPILER V5.60.0,  main                                                               14/01/26  23:11:45  PAGE 1   


C251 COMPILER V5.60.0, COMPILATION OF MODULE main
OBJECT MODULE PLACED IN .\out_file\main.obj
COMPILER INVOKED BY: E:\Tools\keil5\Keil_v5\C251\BIN\C251.EXE ..\user\main.c LARGE NOALIAS WARNINGLEVEL(3) OPTIMIZE(SIZE
                    -) BROWSE INCDIR(..\..\libraries\zf_common;..\..\libraries\zf_components;..\..\libraries\zf_device;..\..\libraries\zf_dri
                    -ver;..\user;..\code) DEBUG PRINT(.\out_file\main.lst) TABS(2) OBJECT(.\out_file\main.obj) 

stmt  level    source

    1          /********************************************************************************************************
             -*************
    2          * STC32G Opensourec Library å³ï¼ˆSTC32G å¼€æºåº“ï¼‰æ˜¯ä¸€ä¸ªåŸºäºå®˜æ–¹ SDK æ¥å£çš„ç¬¬ä¸‰æ–¹å¼€æºåº
             -“
    3          * Copyright (c) 2022 SEEKFREE é€é£ç§‘æŠ€
    4          *
    5          * æœ¬æ–‡ä»¶æ˜¯STC å¼€æºåº“çš„ä¸€éƒ¨åˆ†
    6          *
    7          * STC32G å¼€æºåº“ æ˜¯å…è´¹è½¯ä»¶
    8          * æ‚¨å¯ä»¥æ ¹æ®è‡ªç”±è½¯ä»¶åŸºé‡‘ä¼šå‘å¸ƒçš„ GPLï¼ˆGNU General Public Licenseï¼Œå³ GNUé€šç”¨å…¬å…±è®¸
             -å¯è¯ï¼‰çš„æ¡æ¬¾
    9          * å³ GPL çš„ç¬¬3ç‰ˆï¼ˆå³ GPL3.0ï¼‰æˆ–ï¼ˆæ‚¨é€‰æ‹©çš„ï¼‰ä»»ä½•åæ¥çš„ç‰ˆæœ¬ï¼Œé‡æ–°å‘å¸ƒå’Œ/æˆ–ä¿®æ”
             -¹å®ƒ
   10          *
   11          * æœ¬å¼€æºåº“çš„å‘å¸ƒæ˜¯å¸Œæœ›å®ƒèƒ½å‘æŒ¥ä½œç”¨ï¼Œä½†å¹¶æœªå¯¹å…¶ä½œä»»ä½•çš„ä¿è¯
   12          * ç”šè‡³æ²¡æœ‰éšå«çš„é€‚é”€æ€§æˆ–é€‚åˆç‰¹å®šç”¨é€”çš„ä¿è¯
   13          * æ›´å¤šç»†èŠ‚è¯·å‚è§ GPL
   14          *
   15          * æ‚¨åº”è¯¥åœ¨æ”¶åˆ°æœ¬å¼€æºåº“çš„åŒæ—¶æ”¶åˆ°ä¸€ä»½ GPL çš„å‰¯æœ¬
   16          * å¦‚æœæ²¡æœ‰ï¼Œè¯·å‚é˜…<https://www.gnu.org/licenses/>
   17          *
   18          * é¢å¤–æ³¨æ˜ï¼š
   19          * æœ¬å¼€æºåº“ä½¿ç”¨ GPL3.0 å¼€æºè®¸å¯è¯åè®® ä»¥ä¸Šè®¸å¯ç”³æ˜ä¸ºè¯‘æ–‡ç‰ˆæœ¬
   20          * è®¸å¯ç”³æ˜è‹±æ–‡ç‰ˆåœ¨ libraries/doc æ–‡ä»¶å¤¹ä¸‹çš„ GPL3_permission_statement.txt æ–‡ä»¶ä¸­
   21          * è®¸å¯è¯å‰¯æœ¬åœ¨ libraries æ–‡ä»¶å¤¹ä¸‹ å³è¯¥æ–‡ä»¶å¤¹ä¸‹çš„ LICENSE æ–‡ä»¶
   22          * æ¬¢è¿å„ä½ä½¿ç”¨å¹¶ä¼ æ’­æœ¬ç¨‹åº ä½†ä¿®æ”¹å†…å®¹æ—¶å¿…é¡»ä¿ç•™é€é£ç§‘æŠ€çš„ç‰ˆæƒå£°æ˜ï¼ˆå³æœ¬
             -å£°æ˜ï¼‰
   23          *
   24          * æ–‡ä»¶åç§°
   25          * å…¬å¸åç§°          æˆéƒ½é€é£ç§‘æŠ€æœ‰é™å…¬å¸
   26          * ç‰ˆæœ¬ä¿¡æ¯          æŸ¥çœ‹ libraries/doc æ–‡ä»¶å¤¹å†… version æ–‡ä»¶ ç‰ˆæœ¬è¯´æ˜
   27          * å¼€å‘ç¯å¢ƒ          MDK FOR C251
   28          * é€‚ç”¨å¹³å°          STC32G
   29          * åº—é“ºé“¾æ¥          https://seekfree.taobao.com/
   30          *
   31          * ä¿®æ”¹è®°å½•
   32          * æ—¥æœŸ              ä½œè€…           å¤‡æ³¨
   33          * 2024-08-01        å¤§W            first version
   34          *********************************************************************************************************
             -***********/
   35          
   36          #include "zf_common_headfile.h"
   37          
   38          
   39          #define PIT_CH_1                          (TIM1_PIT)                 // ä½¿ç”¨çš„å‘¨æœŸä¸­æ–­ç¼–å· å¦‚æ
             -œä¿®æ”¹ éœ€è¦åŒæ­¥å¯¹åº”ä¿®æ”¹å‘¨æœŸä¸­æ–­ç¼–å·ä¸ isr.c ä¸­çš„è°ƒç”¨
   40          #define PIT_CH_2                          (TIM2_PIT)                 // ä½¿ç”¨çš„å‘¨æœŸä¸­æ–­ç¼–å· å¦‚æ
             -œä¿®æ”¹ éœ€è¦åŒæ­¥å¯¹åº”ä¿®æ”¹å‘¨æœŸä¸­æ–­ç¼–å·ä¸ isr.c ä¸­çš„è°ƒç”¨
   41          
   42          void pit_handler_1(void);
   43          void pit_handler_2(void);
   44          
   45          float left_target = 0;                    //å·¦è½®ç›®æ ‡å€¼
   46          float right_target = 0;                 //å³è½®ç›®æ ‡å€¼
   47          uint8 imu_state = 0;                                          // IMUåˆå§‹åŒ–çŠ¶æ€
   48          
   49          void main()
C251 COMPILER V5.60.0,  main                                                               14/01/26  23:11:45  PAGE 2   

   50          {
   51   1          clock_init(SYSTEM_CLOCK_30M);
   52   1          debug_init();
   53   1      
   54   1          Lcd_Init();
   55   1          key_init();
   56   1          Motor_Init();
   57   1          Adc_All_Init();
   58   1          Encoder_Init();
   59   1      
   60   1          // IMU660RBåˆå§‹åŒ–
   61   1          imu_state = imu_init();
   62   1          if(imu_state == 0)
   63   1          {
   64   2              printf("IMU init success!\r\n");
   65   2          }
   66   1          else
   67   1          {
   68   2              printf("IMU init failed!\r\n");
   69   2          }
   70   1      
   71   1      
   72   1      
   73   1      
   74   1      
   75   1        //å·®æ¯”å’Œå·®ç³»æ•°åˆå§‹åŒ–
   76   1      //  SDSD_init(&SDSD,1.0,1.0,1.0);
   77   1      
   78   1      // PIDåˆå§‹åŒ– (Kp, Ki, Kd å‚æ•°éœ€è¦æ ¹æ®å®é™…æƒ…å†µè°ƒè¯•)
   79   1      //    pid_init(&pid_motor_left,1.7, 0.22, 0.2);           // å·¦ç”µæœºPIDå‚æ•°
   80   1      //    pid_init(&pid_motor_right, 1.7, 0.1, 0.0);        // å³ç”µæœºPIDå‚æ•°
   81   1      //  pid_init(&pid_SDSD,1.0,0,0);                //SDSDçš„PIDå‚æ•°
   82   1      
   83   1      // è®¾ç½®ç›®æ ‡é€Ÿåº¦ (å•ä½: ç¼–ç å™¨è®¡æ•°å€¼æ¯5ms)
   84   1      //    pid_set_target(&pid_motor_left, left_target);             // å·¦ç”µæœºç›®æ ‡é€Ÿåº¦
   85   1      //    pid_set_target(&pid_motor_right, right_target);           // å³ç”µæœºç›®æ ‡é€Ÿåº¦
   86   1      //
   87   1      //  //è®¾ç½®é¢„æœŸå·®å€¼
   88   1      //  pid_set_target(&pid_SDSD,0);
   89   1      
   90   1      // æ­¤å¤„ç¼–å†™ç”¨æˆ·ä»£ç  ä¾‹å¦‚å¤–è®¾åˆå§‹åŒ–ä»£ç ç­‰
   91   1          tim1_irq_handler = pit_handler_1;             //é‡å†™tim0ä¸­æ–­å¤„ç†å‡½æ•°
   92   1          tim2_irq_handler = pit_handler_2;             //é‡å†™tim0ä¸­æ–­å¤„ç†å‡½æ•°
   93   1      
   94   1          pit_ms_init(PIT_CH_1,10);                   // åˆå§‹åŒ– PIT ä¸ºå‘¨æœŸä¸­æ–­ 10ms å‘¨æœŸ
   95   1          pit_ms_init(PIT_CH_2,50);                   // åˆå§‹åŒ– PIT ä¸ºå‘¨æœŸä¸­æ–­ 10ms å‘¨æœŸ
   96   1      
   97   1          while(1)
   98   1          {
   99   2              // æ­¤å¤„ç¼–å†™éœ€è¦å¾ªç¯æ‰§è¡Œçš„ä»£ç 
  100   2              // æ‰“å°ç¼–ç å™¨æ•°æ®
  101   2              printf("Encoder: R=%d, L=%d\r\n", encoder_data_dir_R, encoder_data_dir_L);
  102   2      
  103   2              // æ‰“å°IMUæ¬§æ‹‰è§’æ•°æ®
  104   2              printf("IMU: Roll=%.2f, Pitch=%.2f, Yaw=%.2f\r\n",
  105   2                     imu.euler.roll, imu.euler.pitch, imu.euler.yaw);
  106   2      
  107   2              // å»¶æ—¶é¿å…æ‰“å°è¿‡å¿«
  108   2              system_delay_ms(100);
  109   2          }
  110   1      }
  111          //-------------------------------------------------------------------------------------------------------
             -------------
  112          // å‡½æ•°ç®€ä»‹     PIT çš„å‘¨æœŸä¸­æ–­å¤„ç†å‡½æ•° è¿™ä¸ªå‡½æ•°å°†åœ¨ PIT å¯¹åº”çš„å®šæ—¶å™¨ä¸­æ–­è°ƒç”¨
             - è¯¦è§ isr.c
  113          // å‚æ•°è¯´æ˜     void
C251 COMPILER V5.60.0,  main                                                               14/01/26  23:11:45  PAGE 3   

  114          // è¿”å›å‚æ•°     void
  115          // ä½¿ç”¨ç¤ºä¾‹     pit_handler();
  116          //-------------------------------------------------------------------------------------------------------
             -------------
  117          void pit_handler_1 (void)
  118          {
  119   1          // è·å–ç¼–ç å™¨è®¡æ•°
  120   1          encoder_data_dir_R = encoder_get_count(ENCODER_DIR_R);
  121   1          encoder_data_dir_L = encoder_get_count(ENCODER_DIR_L);
  122   1      
  123   1      
  124   1        motor_pid_control(encoder_data_dir_L, encoder_data_dir_R);
  125   1          // æ¸…ç©ºç¼–ç å™¨è®¡æ•°
  126   1          encoder_clear_count(ENCODER_DIR_R);
  127   1          encoder_clear_count(ENCODER_DIR_L);
  128   1      
  129   1      
  130   1      }
  131          
  132          //-------------------------------------------------------------------------------------------------------
             -------------
  133          // å‡½æ•°ç®€ä»‹     PIT çš„å‘¨æœŸä¸­æ–­å¤„ç†å‡½æ•° è¿™ä¸ªå‡½æ•°å°†åœ¨ PIT å¯¹åº”çš„å®šæ—¶å™¨ä¸­æ–­è°ƒç”¨
             - è¯¦è§ isr.c
  134          // å‚æ•°è¯´æ˜     void
  135          // è¿”å›å‚æ•°     void
  136          // ä½¿ç”¨ç¤ºä¾‹     pit_handler();
  137          //-------------------------------------------------------------------------------------------------------
             -------------
  138          void pit_handler_2 (void)
  139          {
  140   1        imu_update();
  141   1      
  142   1      
  143   1      }


Module Information          Static   Overlayable
------------------------------------------------
  code size            =       352     ------
  ecode size           =    ------     ------
  data size            =    ------     ------
  idata size           =    ------     ------
  pdata size           =    ------     ------
  xdata size           =         9     ------
  xdata-const size     =    ------     ------
  edata size           =    ------     ------
  bit size             =    ------     ------
  ebit size            =    ------     ------
  bitaddressable size  =    ------     ------
  ebitaddressable size =    ------     ------
  far data size        =    ------     ------
  huge data size       =    ------     ------
  const size           =    ------     ------
  hconst size          =       126     ------
End of Module Information.


C251 COMPILATION COMPLETE.  0 WARNING(S),  0 ERROR(S)
