C251 COMPILER V5.60.0,  normalization                                                      14/01/26  23:11:45  PAGE 1   


C251 COMPILER V5.60.0, COMPILATION OF MODULE normalization
OBJECT MODULE PLACED IN .\out_file\normalization.obj
COMPILER INVOKED BY: E:\Tools\keil5\Keil_v5\C251\BIN\C251.EXE ..\code\normalization.c LARGE NOALIAS WARNINGLEVEL(3) OPTI
                    -MIZE(SIZE) BROWSE INCDIR(..\..\libraries\zf_common;..\..\libraries\zf_components;..\..\libraries\zf_device;..\..\librari
                    -es\zf_driver;..\user;..\code) DEBUG PRINT(.\out_file\normalization.lst) TABS(2) OBJECT(.\out_file\normalization.obj) 

stmt  level    source

    1          //-------------------------------------------------------------------------------------------------------
             -------------
    2          // 头文件包含
    3          //-------------------------------------------------------------------------------------------------------
             -------------
    4          #include "normalization.h"
    5          
    6          
    7          //-------------------------------------------------------------------------------------------------------
             -------------
    8          // 全局变量定义
    9          //-------------------------------------------------------------------------------------------------------
             -------------
   10          uint16 adc_normalized_list[CHANNEL_NUMBER] = {0};          // 归一化后的ADC值数组
   11          
   12          //-------------------------------------------------------------------------------------------------------
             -------------
   13          // 函数简介     ADC值归一化处理
   14          // 参数说明     void
   15          // 返回参数     void
   16          // 使用示例     Normalization();
   17          // 备注信息     将adc_val_list[]中的ADC原始值归一化到0-50范围
   18          //              归一化公式: result = 50 * (adc_val - min) / (max - min)
   19          //              结果保存在 adc_normalized_list[] 数组中
   20          //-------------------------------------------------------------------------------------------------------
             -------------
   21          void Normalization(void)
   22          {
   23   1          float temp;
   24   1          float range;
   25   1      
   26   1          for(channel_index = 0; channel_index < CHANNEL_NUMBER; channel_index++)
   27   1          {
   28   2              // 计算量程范围
   29   2              range = max_min_adc[2*channel_index] - max_min_adc[2*channel_index+1];
   30   2      
   31   2              // 归一化到 0-50 范围
   32   2              temp = (float)(adc_val_list[channel_index] - max_min_adc[2*channel_index+1]);
   33   2              temp = 50.0f * temp / range;
   34   2      
   35   2              // 保存结果
   36   2              adc_normalized_list[channel_index] = (uint16)temp;
   37   2          }
   38   1      }


Module Information          Static   Overlayable
------------------------------------------------
  code size            =       147     ------
  ecode size           =    ------     ------
  data size            =    ------     ------
  idata size           =    ------     ------
  pdata size           =    ------     ------
  xdata size           =        10     ------
  xdata-const size     =    ------     ------
  edata size           =    ------     ------
  bit size             =    ------     ------
  ebit size            =    ------     ------
C251 COMPILER V5.60.0,  normalization                                                      14/01/26  23:11:45  PAGE 2   

  bitaddressable size  =    ------     ------
  ebitaddressable size =    ------     ------
  far data size        =    ------     ------
  huge data size       =    ------     ------
  const size           =    ------     ------
  hconst size          =        15     ------
End of Module Information.


C251 COMPILATION COMPLETE.  0 WARNING(S),  0 ERROR(S)
