A251 MACRO ASSEMBLER  stc32g_isr                                                            08/01/26 02:12:46 PAGE     1


MACRO ASSEMBLER A251 V4.69.13.0
OBJECT MODULE PLACED IN .\out_file\stc32g_isr.obj
ASSEMBLER INVOKED BY: E:\Tools\keil5\Keil_v5\C251\BIN\A251.EXE ..\..\libraries\zf_common\stc32g_isr.asm MODSRC INCDIR(..
                      \..\libraries\zf_common) SET(LARGE) DEBUG PRINT(.\out_file\stc32g_isr.lst) OBJECT(.\out_file\stc32g_isr.obj) EP

LOC    OBJ             LINE     SOURCE

00019B                    1             CSEG AT 019BH   ;UART1 DMA RX中断
00019B 020023             2             LJMP 0023H              ;UART1 中断
                          3             
0001AB                    4             CSEG AT 01ABH   ;UART2 DMA RX中断
0001AB 020043             5             LJMP 0043H              ;UART2 中断
                          6             
0001BB                    7             CSEG AT 01BBH   ;UART3 DMA RX中断
0001BB 02008B             8             LJMP 008BH              ;UART3 中断
                          9             
0001CB                   10             CSEG AT 01CBH   ;UART4 DMA RX中断
0001CB 020093            11             LJMP 0093H              ;UART4 中断
                         12             END
A251 MACRO ASSEMBLER  stc32g_isr                                                            08/01/26 02:12:46 PAGE     2

SYMBOL TABLE LISTING
------ ----- -------


N A MT Y P E  V A L U E     ATTRIBUTES



REGISTER BANK(S) USED: 


ASSEMBLY COMPLETE.  0 WARNING(S), 0 ERROR(S).
