C251 COMPILER V5.60.0,  task                                                               18/01/26  23:16:23  PAGE 1   


C251 COMPILER V5.60.0, COMPILATION OF MODULE task
OBJECT MODULE PLACED IN .\out_file\task.obj
COMPILER INVOKED BY: E:\Tools\keil5\Keil_v5\C251\BIN\C251.EXE ..\code\task.c LARGE NOALIAS WARNINGLEVEL(3) OPTIMIZE(SIZE
                    -) BROWSE INCDIR(..\..\libraries\zf_common;..\..\libraries\zf_components;..\..\libraries\zf_device;..\..\libraries\zf_dri
                    -ver;..\user;..\code) DEBUG PRINT(.\out_file\task.lst) TABS(2) OBJECT(.\out_file\task.obj) 

stmt  level    source

*** WARNING C38 IN LINE 1 OF ..\code\task.c: empty translation unit


Module Information          Static   Overlayable
------------------------------------------------
  code size            =    ------     ------
  ecode size           =    ------     ------
  data size            =    ------     ------
  idata size           =    ------     ------
  pdata size           =    ------     ------
  xdata size           =    ------     ------
  xdata-const size     =    ------     ------
  edata size           =    ------     ------
  bit size             =    ------     ------
  ebit size            =    ------     ------
  bitaddressable size  =    ------     ------
  ebitaddressable size =    ------     ------
  far data size        =    ------     ------
  huge data size       =    ------     ------
  const size           =    ------     ------
  hconst size          =    ------     ------
End of Module Information.


C251 COMPILATION COMPLETE.  1 WARNING(S),  0 ERROR(S)
