C251 COMPILER V5.60.0,  uart                                                               24/01/26  18:53:02  PAGE 1   


C251 COMPILER V5.60.0, COMPILATION OF MODULE uart
OBJECT MODULE PLACED IN .\out_file\uart.obj
COMPILER INVOKED BY: E:\Tools\keil5\Keil_v5\C251\BIN\C251.EXE ..\code\uart.c LARGE NOALIAS WARNINGLEVEL(3) OPTIMIZE(SIZE
                    -) BROWSE INCDIR(..\..\libraries\zf_common;..\..\libraries\zf_components;..\..\libraries\zf_device;..\..\libraries\zf_dri
                    -ver;..\user;..\code) DEBUG PRINT(.\out_file\uart.lst) TABS(2) OBJECT(.\out_file\uart.obj) 

stmt  level    source

    1          //头文件引用
    2          #include "uart.h"
    3          
    4          
    5          //变量定义
    6          
    7          char buf[50];
    8          uint8 cnt = 99;
    9          //函数定义
   10          
   11          void Uart_Disp(void)
   12          {
   13   1      
   14   1          //      uart_write_string(UART_4,(uint8*)"hello world");
   15   1          //      printf("hello world %d",cnt);
   16   1          //  system_delay_ms(500);
   17   1      
   18   1      }
   19          


Module Information          Static   Overlayable
------------------------------------------------
  code size            =         1     ------
  ecode size           =    ------     ------
  data size            =    ------     ------
  idata size           =    ------     ------
  pdata size           =    ------     ------
  xdata size           =        51     ------
  xdata-const size     =    ------     ------
  edata size           =    ------     ------
  bit size             =    ------     ------
  ebit size            =    ------     ------
  bitaddressable size  =    ------     ------
  ebitaddressable size =    ------     ------
  far data size        =    ------     ------
  huge data size       =    ------     ------
  const size           =    ------     ------
  hconst size          =         6     ------
End of Module Information.


C251 COMPILATION COMPLETE.  0 WARNING(S),  0 ERROR(S)
