C251 COMPILER V5.60.0,  zf_common_typedef                                                  08/01/26  02:12:46  PAGE 1   


C251 COMPILER V5.60.0, COMPILATION OF MODULE zf_common_typedef
OBJECT MODULE PLACED IN .\out_file\zf_common_typedef.obj
COMPILER INVOKED BY: E:\Tools\keil5\Keil_v5\C251\BIN\C251.EXE ..\..\libraries\zf_common\zf_common_typedef.c LARGE NOALIA
                    -S WARNINGLEVEL(3) OPTIMIZE(SIZE) BROWSE INCDIR(..\..\libraries\zf_common;..\..\libraries\zf_components;..\..\libraries\z
                    -f_device;..\..\libraries\zf_driver;..\user;..\code) DEBUG PRINT(.\out_file\zf_common_typedef.lst) TABS(2) OBJECT(.\out_f
                    -ile\zf_common_typedef.obj) 

stmt  level    source

    1          /********************************************************************************************************
             -*************
    2          * STC32G Opensourec Library 即（STC32G 开源库）是一个基于官方 SDK 接口的第三方开源库
    3          * Copyright (c) 2022 SEEKFREE 逐飞科技
    4          *
    5          * 本文件是STC 开源库的一部分
    6          *
    7          * STC32G 开源库 是免费软件
    8          * 您可以根据自由软件基金会发布的 GPL（GNU General Public License，即 GNU通用公共许可证）的条款
    9          * 即 GPL 的第3版（即 GPL3.0）或（您选择的）任何后来的版本，重新发布和/或修改它
   10          *
   11          * 本开源库的发布是希望它能发挥作用，但并未对其作任何的保证
   12          * 甚至没有隐含的适销性或适合特定用途的保证
   13          * 更多细节请参见 GPL
   14          *
   15          * 您应该在收到本开源库的同时收到一份 GPL 的副本
   16          * 如果没有，请参阅<https://www.gnu.org/licenses/>
   17          *
   18          * 额外注明：
   19          * 本开源库使用 GPL3.0 开源许可证协议 以上许可申明为译文版本
   20          * 许可申明英文版在 libraries/doc 文件夹下的 GPL3_permission_statement.txt 文件中
   21          * 许可证副本在 libraries 文件夹下 即该文件夹下的 LICENSE 文件
   22          * 欢迎各位使用并传播本程序 但修改内容时必须保留逐飞科技的版权声明（即本声明）
   23          *
   24          * 文件名称          
   25          * 公司名称          成都逐飞科技有限公司
   26          * 版本信息          查看 libraries/doc 文件夹内 version 文件 版本说明
   27          * 开发环境          MDK FOR C251
   28          * 适用平台          STC32G
   29          * 店铺链接          https://seekfree.taobao.com/
   30          *
   31          * 修改记录
   32          * 日期              作者           备注
   33          * 2024-08-01        大W            first version
   34          *********************************************************************************************************
             -***********/
   35          
   36          #include "zf_common_typedef.h"
   37          #include "intrins.h"
   38          
   39          
   40          void (*uart1_irq_handler)(uint8 dat) = NULL;
   41          void (*uart2_irq_handler)(uint8 dat) = NULL;
   42          void (*uart3_irq_handler)(uint8 dat) = NULL;
   43          void (*uart4_irq_handler)(uint8 dat) = NULL;
   44          
   45          void (*tim0_irq_handler)(void) = NULL;
   46          void (*tim1_irq_handler)(void) = NULL;
   47          void (*tim2_irq_handler)(void) = NULL;
   48          void (*tim3_irq_handler)(void) = NULL;
   49          void (*tim4_irq_handler)(void) = NULL;
   50          void (*tim11_irq_handler)(void) = NULL;
   51          
   52          void (*int0_irq_handler)(void) = NULL;
   53          void (*int1_irq_handler)(void) = NULL;
   54          void (*int2_irq_handler)(void) = NULL;
C251 COMPILER V5.60.0,  zf_common_typedef                                                  08/01/26  02:12:46  PAGE 2   

   55          void (*int3_irq_handler)(void) = NULL;
   56          void (*int4_irq_handler)(void) = NULL;
   57          


Module Information          Static   Overlayable
------------------------------------------------
  code size            =    ------     ------
  ecode size           =    ------     ------
  data size            =    ------     ------
  idata size           =    ------     ------
  pdata size           =    ------     ------
  xdata size           =        30     ------
  xdata-const size     =    ------     ------
  edata size           =    ------     ------
  bit size             =    ------     ------
  ebit size            =    ------     ------
  bitaddressable size  =    ------     ------
  ebitaddressable size =    ------     ------
  far data size        =    ------     ------
  huge data size       =    ------     ------
  const size           =    ------     ------
  hconst size          =       105     ------
End of Module Information.


C251 COMPILATION COMPLETE.  0 WARNING(S),  0 ERROR(S)
