C251 COMPILER V5.60.0,  zf_common_font                                                     08/01/26  02:12:46  PAGE 1   


C251 COMPILER V5.60.0, COMPILATION OF MODULE zf_common_font
OBJECT MODULE PLACED IN .\out_file\zf_common_font.obj
COMPILER INVOKED BY: E:\Tools\keil5\Keil_v5\C251\BIN\C251.EXE ..\..\libraries\zf_common\zf_common_font.c LARGE NOALIAS W
                    -ARNINGLEVEL(3) OPTIMIZE(SIZE) BROWSE INCDIR(..\..\libraries\zf_common;..\..\libraries\zf_components;..\..\libraries\zf_d
                    -evice;..\..\libraries\zf_driver;..\user;..\code) DEBUG PRINT(.\out_file\zf_common_font.lst) TABS(2) OBJECT(.\out_file\zf
                    -_common_font.obj) 

stmt  level    source

    1          /********************************************************************************************************
             -*************
    2          * STC32G Opensourec Library 即（STC32G 开源库）是一个基于官方 SDK 接口的第三方开源库
    3          * Copyright (c) 2022 SEEKFREE 逐飞科技
    4          *
    5          * 本文件是STC 开源库的一部分
    6          *
    7          * STC32G 开源库 是免费软件
    8          * 您可以根据自由软件基金会发布的 GPL（GNU General Public License，即 GNU通用公共许可证）的条款
    9          * 即 GPL 的第3版（即 GPL3.0）或（您选择的）任何后来的版本，重新发布和/或修改它
   10          *
   11          * 本开源库的发布是希望它能发挥作用，但并未对其作任何的保证
   12          * 甚至没有隐含的适销性或适合特定用途的保证
   13          * 更多细节请参见 GPL
   14          *
   15          * 您应该在收到本开源库的同时收到一份 GPL 的副本
   16          * 如果没有，请参阅<https://www.gnu.org/licenses/>
   17          *
   18          * 额外注明：
   19          * 本开源库使用 GPL3.0 开源许可证协议 以上许可申明为译文版本
   20          * 许可申明英文版在 libraries/doc 文件夹下的 GPL3_permission_statement.txt 文件中
   21          * 许可证副本在 libraries 文件夹下 即该文件夹下的 LICENSE 文件
   22          * 欢迎各位使用并传播本程序 但修改内容时必须保留逐飞科技的版权声明（即本声明）
   23          *
   24          * 文件名称          
   25          * 公司名称          成都逐飞科技有限公司
   26          * 版本信息          查看 libraries/doc 文件夹内 version 文件 版本说明
   27          * 开发环境          MDK FOR C251
   28          * 适用平台          STC32G
   29          * 店铺链接          https://seekfree.taobao.com/
   30          *
   31          * 修改记录
   32          * 日期              作者           备注
   33          * 2024-08-01        大W            first version
   34          *********************************************************************************************************
             -***********/
   35          #include "zf_common_font.h"
   36          
   37          const uint8 code ascii_font_8x16[][16]=
   38          {
   39            //阴码 逐行式 字宽16 字高16 逆向
   40              {0x00,0x00,0x00,0x00,0x00,0x00,0x00,0x00,0x00,0x00,0x00,0x00,0x00,0x00,0x00,0x00}, //   0
   41              {0x00,0x00,0x00,0x08,0x08,0x08,0x08,0x08,0x08,0x08,0x00,0x00,0x08,0x08,0x00,0x00}, // ! 1
   42              {0x00,0x48,0x24,0x24,0x12,0x00,0x00,0x00,0x00,0x00,0x00,0x00,0x00,0x00,0x00,0x00}, // " 2
   43              {0x00,0x00,0x00,0x48,0x48,0x48,0x7E,0x24,0x24,0x24,0x7E,0x24,0x24,0x24,0x00,0x00}, // # 3
   44              {0x00,0x00,0x10,0x3C,0x52,0x52,0x12,0x1C,0x30,0x50,0x50,0x52,0x52,0x3C,0x10,0x10}, // $ 4
   45              {0x00,0x00,0x00,0x22,0x25,0x15,0x15,0x0D,0x2A,0x58,0x54,0x54,0x52,0x22,0x00,0x00}, // % 5
   46              {0x00,0x00,0x00,0x0C,0x12,0x12,0x12,0x0A,0x76,0x25,0x29,0x19,0x91,0x6E,0x00,0x00}, // & 6
   47              {0x00,0x06,0x04,0x04,0x02,0x00,0x00,0x00,0x00,0x00,0x00,0x00,0x00,0x00,0x00,0x00}, // ' 7
   48              {0x00,0x40,0x20,0x10,0x10,0x08,0x08,0x08,0x08,0x08,0x08,0x10,0x10,0x20,0x40,0x00}, // ( 8
   49              {0x00,0x02,0x04,0x08,0x08,0x10,0x10,0x10,0x10,0x10,0x10,0x08,0x08,0x04,0x02,0x00}, // ) 9
   50              {0x00,0x00,0x00,0x00,0x08,0x08,0x6B,0x1C,0x1C,0x6B,0x08,0x08,0x00,0x00,0x00,0x00}, // * 10
   51              {0x00,0x00,0x00,0x00,0x00,0x10,0x10,0x10,0xFE,0x10,0x10,0x10,0x00,0x00,0x00,0x00}, // + 11
   52              {0x00,0x00,0x00,0x00,0x00,0x00,0x00,0x00,0x00,0x00,0x00,0x00,0x06,0x04,0x04,0x02}, // , 12
   53              {0x00,0x00,0x00,0x00,0x00,0x00,0x00,0x00,0x7E,0x00,0x00,0x00,0x00,0x00,0x00,0x00}, // - 13
   54              {0x00,0x00,0x00,0x00,0x00,0x00,0x00,0x00,0x00,0x00,0x00,0x00,0x06,0x06,0x00,0x00}, // . 14
C251 COMPILER V5.60.0,  zf_common_font                                                     08/01/26  02:12:46  PAGE 2   

   55              {0x00,0x00,0x40,0x20,0x20,0x20,0x10,0x10,0x08,0x08,0x08,0x04,0x04,0x02,0x02,0x00}, // / 15
   56              {0x00,0x00,0x00,0x18,0x24,0x42,0x42,0x42,0x42,0x42,0x42,0x42,0x24,0x18,0x00,0x00}, // 0 16
   57              {0x00,0x00,0x00,0x10,0x1C,0x10,0x10,0x10,0x10,0x10,0x10,0x10,0x10,0x7C,0x00,0x00}, // 1 17
   58              {0x00,0x00,0x00,0x3C,0x42,0x42,0x42,0x40,0x20,0x10,0x08,0x04,0x42,0x7E,0x00,0x00}, // 2 18
   59              {0x00,0x00,0x00,0x3C,0x42,0x42,0x40,0x20,0x18,0x20,0x40,0x42,0x42,0x3C,0x00,0x00}, // 3 19
   60              {0x00,0x00,0x00,0x20,0x30,0x30,0x28,0x24,0x24,0x22,0xFE,0x20,0x20,0xF8,0x00,0x00}, // 4 20
   61              {0x00,0x00,0x00,0x7E,0x02,0x02,0x02,0x1E,0x22,0x40,0x40,0x42,0x22,0x1C,0x00,0x00}, // 5 21
   62              {0x00,0x00,0x00,0x18,0x24,0x02,0x02,0x3A,0x46,0x42,0x42,0x42,0x44,0x38,0x00,0x00}, // 6 22
   63              {0x00,0x00,0x00,0x7E,0x42,0x20,0x20,0x10,0x10,0x08,0x08,0x08,0x08,0x08,0x00,0x00}, // 7 23
   64              {0x00,0x00,0x00,0x3C,0x42,0x42,0x42,0x24,0x18,0x24,0x42,0x42,0x42,0x3C,0x00,0x00}, // 8 24
   65              {0x00,0x00,0x00,0x1C,0x22,0x42,0x42,0x42,0x62,0x5C,0x40,0x40,0x24,0x18,0x00,0x00}, // 9 25
   66              {0x00,0x00,0x00,0x00,0x00,0x00,0x18,0x18,0x00,0x00,0x00,0x00,0x18,0x18,0x00,0x00}, // : 26
   67              {0x00,0x00,0x00,0x00,0x00,0x00,0x00,0x08,0x00,0x00,0x00,0x00,0x00,0x08,0x08,0x08}, // ; 27
   68              {0x00,0x00,0x00,0x40,0x20,0x10,0x08,0x04,0x02,0x04,0x08,0x10,0x20,0x40,0x00,0x00}, // < 28
   69              {0x00,0x00,0x00,0x00,0x00,0x00,0x7E,0x00,0x00,0x7E,0x00,0x00,0x00,0x00,0x00,0x00}, // = 29
   70              {0x00,0x00,0x00,0x02,0x04,0x08,0x10,0x20,0x40,0x20,0x10,0x08,0x04,0x02,0x00,0x00}, // > 30
   71              {0x00,0x00,0x00,0x3C,0x42,0x42,0x46,0x20,0x10,0x10,0x10,0x00,0x18,0x18,0x00,0x00}, // ? 31
   72              {0x00,0x00,0x00,0x1C,0x22,0x5A,0x55,0x55,0x55,0x55,0x55,0x3A,0x42,0x3C,0x00,0x00}, // @ 32
   73              {0x00,0x00,0x00,0x08,0x08,0x18,0x14,0x14,0x24,0x3C,0x22,0x42,0x42,0xE7,0x00,0x00}, // A 33
   74              {0x00,0x00,0x00,0x1F,0x22,0x22,0x22,0x1E,0x22,0x42,0x42,0x42,0x22,0x1F,0x00,0x00}, // B 34
   75              {0x00,0x00,0x00,0x7C,0x42,0x42,0x01,0x01,0x01,0x01,0x01,0x42,0x22,0x1C,0x00,0x00}, // C 35
   76              {0x00,0x00,0x00,0x1F,0x22,0x42,0x42,0x42,0x42,0x42,0x42,0x42,0x22,0x1F,0x00,0x00}, // D 36
   77              {0x00,0x00,0x00,0x3F,0x42,0x12,0x12,0x1E,0x12,0x12,0x02,0x42,0x42,0x3F,0x00,0x00}, // E 37
   78              {0x00,0x00,0x00,0x3F,0x42,0x12,0x12,0x1E,0x12,0x12,0x02,0x02,0x02,0x07,0x00,0x00}, // F 38
   79              {0x00,0x00,0x00,0x3C,0x22,0x22,0x01,0x01,0x01,0x71,0x21,0x22,0x22,0x1C,0x00,0x00}, // G 39
   80              {0x00,0x00,0x00,0xE7,0x42,0x42,0x42,0x42,0x7E,0x42,0x42,0x42,0x42,0xE7,0x00,0x00}, // H 40
   81              {0x00,0x00,0x00,0x3E,0x08,0x08,0x08,0x08,0x08,0x08,0x08,0x08,0x08,0x3E,0x00,0x00}, // I 41
   82              {0x00,0x00,0x00,0x7C,0x10,0x10,0x10,0x10,0x10,0x10,0x10,0x10,0x10,0x10,0x11,0x0F}, // J 42
   83              {0x00,0x00,0x00,0x77,0x22,0x12,0x0A,0x0E,0x0A,0x12,0x12,0x22,0x22,0x77,0x00,0x00}, // K 43
   84              {0x00,0x00,0x00,0x07,0x02,0x02,0x02,0x02,0x02,0x02,0x02,0x02,0x42,0x7F,0x00,0x00}, // L 44
   85              {0x00,0x00,0x00,0x77,0x36,0x36,0x36,0x36,0x36,0x2A,0x2A,0x2A,0x2A,0x6B,0x00,0x00}, // M 45
   86              {0x00,0x00,0x00,0xE3,0x46,0x46,0x4A,0x4A,0x52,0x52,0x52,0x62,0x62,0x47,0x00,0x00}, // N 46
   87              {0x00,0x00,0x00,0x1C,0x22,0x41,0x41,0x41,0x41,0x41,0x41,0x41,0x22,0x1C,0x00,0x00}, // O 47
   88              {0x00,0x00,0x00,0x3F,0x42,0x42,0x42,0x42,0x3E,0x02,0x02,0x02,0x02,0x07,0x00,0x00}, // P 48
   89              {0x00,0x00,0x00,0x1C,0x22,0x41,0x41,0x41,0x41,0x41,0x41,0x4D,0x32,0x1C,0x60,0x00}, // Q 49
   90              {0x00,0x00,0x00,0x3F,0x42,0x42,0x42,0x3E,0x12,0x12,0x22,0x22,0x42,0xC7,0x00,0x00}, // R 50
   91              {0x00,0x00,0x00,0x7C,0x42,0x42,0x02,0x04,0x18,0x20,0x40,0x42,0x42,0x3E,0x00,0x00}, // S 51
   92              {0x00,0x00,0x00,0x7F,0x49,0x08,0x08,0x08,0x08,0x08,0x08,0x08,0x08,0x1C,0x00,0x00}, // T 52
   93              {0x00,0x00,0x00,0xE7,0x42,0x42,0x42,0x42,0x42,0x42,0x42,0x42,0x42,0x3C,0x00,0x00}, // U 53
   94              {0x00,0x00,0x00,0xE7,0x42,0x42,0x22,0x24,0x24,0x14,0x14,0x18,0x08,0x08,0x00,0x00}, // V 54
   95              {0x00,0x00,0x00,0x6B,0x2A,0x2A,0x2A,0x2A,0x2A,0x36,0x14,0x14,0x14,0x14,0x00,0x00}, // W 55
   96              {0x00,0x00,0x00,0xE7,0x42,0x24,0x24,0x18,0x18,0x18,0x24,0x24,0x42,0xE7,0x00,0x00}, // X 56
   97              {0x00,0x00,0x00,0x77,0x22,0x22,0x14,0x14,0x08,0x08,0x08,0x08,0x08,0x1C,0x00,0x00}, // Y 57
   98              {0x00,0x00,0x00,0x7E,0x21,0x20,0x10,0x10,0x08,0x04,0x04,0x42,0x42,0x3F,0x00,0x00}, // Z 58
   99              {0x00,0x78,0x08,0x08,0x08,0x08,0x08,0x08,0x08,0x08,0x08,0x08,0x08,0x08,0x78,0x00}, // [ 59
  100              {0x00,0x00,0x02,0x04,0x04,0x04,0x08,0x08,0x08,0x10,0x10,0x20,0x20,0x20,0x40,0x40}, // \ 60
  101              {0x00,0x1E,0x10,0x10,0x10,0x10,0x10,0x10,0x10,0x10,0x10,0x10,0x10,0x10,0x1E,0x00}, // ] 61
  102              {0x00,0x18,0x24,0x00,0x00,0x00,0x00,0x00,0x00,0x00,0x00,0x00,0x00,0x00,0x00,0x00}, // ^ 62
  103              {0x00,0x00,0x00,0x00,0x00,0x00,0x00,0x00,0x00,0x00,0x00,0x00,0x00,0x00,0x00,0xFF}, // _ 63
  104              {0x00,0x06,0x08,0x00,0x00,0x00,0x00,0x00,0x00,0x00,0x00,0x00,0x00,0x00,0x00,0x00}, // ` 64
  105              {0x00,0x00,0x00,0x00,0x00,0x00,0x00,0x1C,0x22,0x30,0x2C,0x22,0x32,0x6C,0x00,0x00}, // a 65
  106              {0x00,0x00,0x00,0x00,0x03,0x02,0x02,0x1A,0x26,0x42,0x42,0x42,0x26,0x1A,0x00,0x00}, // b 66
  107              {0x00,0x00,0x00,0x00,0x00,0x00,0x00,0x38,0x44,0x02,0x02,0x02,0x44,0x38,0x00,0x00}, // c 67
  108              {0x00,0x00,0x00,0x00,0x60,0x40,0x40,0x7C,0x42,0x42,0x42,0x42,0x62,0xDC,0x00,0x00}, // d 68
  109              {0x00,0x00,0x00,0x00,0x00,0x00,0x00,0x3C,0x42,0x42,0x7E,0x02,0x42,0x3C,0x00,0x00}, // e 69
  110              {0x00,0x00,0x00,0x00,0x30,0x48,0x08,0x3E,0x08,0x08,0x08,0x08,0x08,0x3E,0x00,0x00}, // f 70
  111              {0x00,0x00,0x00,0x00,0x00,0x00,0x00,0x7C,0x22,0x22,0x1C,0x02,0x3C,0x42,0x42,0x3C}, // g 71
  112              {0x00,0x00,0x00,0x00,0x03,0x02,0x02,0x3A,0x46,0x42,0x42,0x42,0x42,0xE7,0x00,0x00}, // h 72
  113              {0x00,0x00,0x00,0x0C,0x0C,0x00,0x00,0x0E,0x08,0x08,0x08,0x08,0x08,0x3E,0x00,0x00}, // i 73
  114              {0x00,0x00,0x00,0x30,0x30,0x00,0x00,0x38,0x20,0x20,0x20,0x20,0x20,0x20,0x22,0x1E}, // j 74
  115              {0x00,0x00,0x00,0x00,0x03,0x02,0x02,0x72,0x12,0x0A,0x0E,0x12,0x22,0x77,0x00,0x00}, // k 75
  116              {0x00,0x00,0x00,0x08,0x0E,0x08,0x08,0x08,0x08,0x08,0x08,0x08,0x08,0x3E,0x00,0x00}, // l 76
  117              {0x00,0x00,0x00,0x00,0x00,0x00,0x00,0x7F,0x92,0x92,0x92,0x92,0x92,0xB7,0x00,0x00}, // m 77
  118              {0x00,0x00,0x00,0x00,0x00,0x00,0x00,0x3B,0x46,0x42,0x42,0x42,0x42,0xE7,0x00,0x00}, // n 78
  119              {0x00,0x00,0x00,0x00,0x00,0x00,0x00,0x3C,0x42,0x42,0x42,0x42,0x42,0x3C,0x00,0x00}, // o 79
  120              {0x00,0x00,0x00,0x00,0x00,0x00,0x00,0x1B,0x26,0x42,0x42,0x42,0x26,0x1A,0x02,0x07}, // p 80
C251 COMPILER V5.60.0,  zf_common_font                                                     08/01/26  02:12:46  PAGE 3   

  121              {0x00,0x00,0x00,0x00,0x00,0x00,0x00,0x58,0x64,0x42,0x42,0x42,0x64,0x58,0x40,0xE0}, // q 81
  122              {0x00,0x00,0x00,0x00,0x00,0x00,0x00,0x77,0x4C,0x04,0x04,0x04,0x04,0x1F,0x00,0x00}, // r 82
  123              {0x00,0x00,0x00,0x00,0x00,0x00,0x00,0x7C,0x42,0x02,0x3C,0x40,0x42,0x3E,0x00,0x00}, // s 83
  124              {0x00,0x00,0x00,0x00,0x00,0x08,0x08,0x3E,0x08,0x08,0x08,0x08,0x48,0x30,0x00,0x00}, // t 84
  125              {0x00,0x00,0x00,0x00,0x00,0x00,0x00,0x63,0x42,0x42,0x42,0x42,0x62,0xDC,0x00,0x00}, // u 85
  126              {0x00,0x00,0x00,0x00,0x00,0x00,0x00,0x77,0x22,0x22,0x14,0x14,0x08,0x08,0x00,0x00}, // v 86
  127              {0x00,0x00,0x00,0x00,0x00,0x00,0x00,0xDB,0x91,0x52,0x5A,0x2A,0x24,0x24,0x00,0x00}, // w 87
  128              {0x00,0x00,0x00,0x00,0x00,0x00,0x00,0x6E,0x24,0x18,0x18,0x18,0x24,0x76,0x00,0x00}, // x 88
  129              {0x00,0x00,0x00,0x00,0x00,0x00,0x00,0xE7,0x42,0x24,0x24,0x18,0x18,0x08,0x08,0x06}, // y 89
  130              {0x00,0x00,0x00,0x00,0x00,0x00,0x00,0x7E,0x22,0x10,0x08,0x08,0x44,0x7E,0x00,0x00}, // z 90
  131              {0x00,0xC0,0x20,0x20,0x20,0x20,0x20,0x20,0x10,0x20,0x20,0x20,0x20,0x20,0xC0,0x00}, // { 91
  132              {0x10,0x10,0x10,0x10,0x10,0x10,0x10,0x10,0x10,0x10,0x10,0x10,0x10,0x10,0x10,0x10}, // | 92
  133              {0x00,0x03,0x04,0x04,0x04,0x04,0x04,0x04,0x08,0x04,0x04,0x04,0x04,0x04,0x03,0x00}, // } 93
  134              {0x04,0x5A,0x20,0x00,0x00,0x00,0x00,0x00,0x00,0x00,0x00,0x00,0x00,0x00,0x00,0x00}, // ~ 94
  135          };
  136          
  137          //const uint8 code ascii_font_6x8[][6] =
  138          //{
  139          //    // <阴码> <列行式> <逆向> <6*8>
  140          //    // <纵向 8bit 为一个数据模型> <横向取模>
  141          
  142          //    // 字模数据储存格式为：{byte1, byte2,....byte6}
  143          
  144          //    // 字模数据与像素对应关系
  145          //    // byte 1      2      3      4      5      6
  146          //    // bit  [  0]  [  8]  [ 16]  [ 24]  [ 32]  [ 40]
  147          //    // bit  [  1]  [  9]  [ 17]  [ 25]  [ 33]  [ 41]
  148          //    // bit  [  2]  [ 10]  [ 18]  [ 26]  [ 34]  [ 42]
  149          //    // bit  [  3]  [ 11]  [ 19]  [ 37]  [ 35]  [ 43]
  150          //    // bit  [  4]  [ 12]  [ 20]  [ 38]  [ 36]  [ 44]
  151          //    // bit  [  5]  [ 13]  [ 21]  [ 39]  [ 37]  [ 45]
  152          //    // bit  [  6]  [ 14]  [ 22]  [ 30]  [ 38]  [ 46]
  153          //    // bit  [  7]  [ 15]  [ 23]  [ 31]  [ 39]  [ 47]
  154          
  155          
  156          //    { 0x00, 0x00, 0x00, 0x00, 0x00, 0x00 },     //    0
  157          //    { 0x00, 0x00, 0x00, 0x2f, 0x00, 0x00 },     // !  1
  158          //    { 0x00, 0x00, 0x07, 0x00, 0x07, 0x00 },     // "  2
  159          //    { 0x00, 0x14, 0x7f, 0x14, 0x7f, 0x14 },     // #  3
  160          //    { 0x00, 0x24, 0x2a, 0x7f, 0x2a, 0x12 },     // $  4
  161          //    { 0x00, 0x62, 0x64, 0x08, 0x13, 0x23 },     // %  5
  162          //    { 0x00, 0x36, 0x49, 0x55, 0x22, 0x50 },     // &  6
  163          //    { 0x00, 0x00, 0x05, 0x03, 0x00, 0x00 },     // '  7
  164          //    { 0x00, 0x00, 0x1c, 0x22, 0x41, 0x00 },     // (  8
  165          //    { 0x00, 0x00, 0x41, 0x22, 0x1c, 0x00 },     // )  9
  166          //    { 0x00, 0x14, 0x08, 0x3E, 0x08, 0x14 },     // * 10
  167          //    { 0x00, 0x08, 0x08, 0x3E, 0x08, 0x08 },     // + 11
  168          //    { 0x00, 0x00, 0x00, 0xA0, 0x60, 0x00 },     // , 12
  169          //    { 0x00, 0x08, 0x08, 0x08, 0x08, 0x08 },     // - 13
  170          //    { 0x00, 0x00, 0x60, 0x60, 0x00, 0x00 },     // . 14
  171          //    { 0x40, 0x20, 0x10, 0x08, 0x04, 0x02 },     // / 15
  172          //    { 0x00, 0x3E, 0x51, 0x49, 0x45, 0x3E },     // 0 16
  173          //    { 0x00, 0x00, 0x42, 0x7F, 0x40, 0x00 },     // 1 17
  174          //    { 0x00, 0x42, 0x61, 0x51, 0x49, 0x46 },     // 2 18
  175          //    { 0x00, 0x21, 0x41, 0x45, 0x4B, 0x31 },     // 3 19
  176          //    { 0x00, 0x18, 0x14, 0x12, 0x7F, 0x10 },     // 4 20
  177          //    { 0x00, 0x27, 0x45, 0x45, 0x45, 0x39 },     // 5 21
  178          //    { 0x00, 0x3C, 0x4A, 0x49, 0x49, 0x30 },     // 6 22
  179          //    { 0x00, 0x01, 0x71, 0x09, 0x05, 0x03 },     // 7 23
  180          //    { 0x00, 0x36, 0x49, 0x49, 0x49, 0x36 },     // 8 24
  181          //    { 0x00, 0x06, 0x49, 0x49, 0x29, 0x1E },     // 9 25
  182          //    { 0x00, 0x00, 0x36, 0x36, 0x00, 0x00 },     // : 26
  183          //    { 0x00, 0x00, 0x56, 0x36, 0x00, 0x00 },     // ; 27
  184          //    { 0x00, 0x08, 0x14, 0x22, 0x41, 0x00 },     // < 28
  185          //    { 0x00, 0x14, 0x14, 0x14, 0x14, 0x14 },     // = 29
  186          //    { 0x00, 0x00, 0x41, 0x22, 0x14, 0x08 },     // > 30
C251 COMPILER V5.60.0,  zf_common_font                                                     08/01/26  02:12:46  PAGE 4   

  187          //    { 0x00, 0x02, 0x01, 0x51, 0x09, 0x06 },     // ? 31
  188          //    { 0x00, 0x32, 0x49, 0x59, 0x51, 0x3E },     // @ 32
  189          //    { 0x00, 0x7C, 0x12, 0x11, 0x12, 0x7C },     // A 33
  190          //    { 0x00, 0x7F, 0x49, 0x49, 0x49, 0x36 },     // B 34
  191          //    { 0x00, 0x3E, 0x41, 0x41, 0x41, 0x22 },     // C 35
  192          //    { 0x00, 0x7F, 0x41, 0x41, 0x22, 0x1C },     // D 36
  193          //    { 0x00, 0x7F, 0x49, 0x49, 0x49, 0x41 },     // E 37
  194          //    { 0x00, 0x7F, 0x09, 0x09, 0x09, 0x01 },     // F 38
  195          //    { 0x00, 0x3E, 0x41, 0x49, 0x49, 0x7A },     // G 39
  196          //    { 0x00, 0x7F, 0x08, 0x08, 0x08, 0x7F },     // H 40
  197          //    { 0x00, 0x00, 0x41, 0x7F, 0x41, 0x00 },     // I 41
  198          //    { 0x00, 0x20, 0x40, 0x41, 0x3F, 0x01 },     // J 42
  199          //    { 0x00, 0x7F, 0x08, 0x14, 0x22, 0x41 },     // K 43
  200          //    { 0x00, 0x7F, 0x40, 0x40, 0x40, 0x40 },     // L 44
  201          //    { 0x00, 0x7F, 0x02, 0x0C, 0x02, 0x7F },     // M 45
  202          //    { 0x00, 0x7F, 0x04, 0x08, 0x10, 0x7F },     // N 46
  203          //    { 0x00, 0x3E, 0x41, 0x41, 0x41, 0x3E },     // O 47
  204          //    { 0x00, 0x7F, 0x09, 0x09, 0x09, 0x06 },     // P 48
  205          //    { 0x00, 0x3E, 0x41, 0x51, 0x21, 0x5E },     // Q 49
  206          //    { 0x00, 0x7F, 0x09, 0x19, 0x29, 0x46 },     // R 50
  207          //    { 0x00, 0x46, 0x49, 0x49, 0x49, 0x31 },     // S 51
  208          //    { 0x00, 0x01, 0x01, 0x7F, 0x01, 0x01 },     // T 52
  209          //    { 0x00, 0x3F, 0x40, 0x40, 0x40, 0x3F },     // U 53
  210          //    { 0x00, 0x1F, 0x20, 0x40, 0x20, 0x1F },     // V 54
  211          //    { 0x00, 0x3F, 0x40, 0x38, 0x40, 0x3F },     // W 55
  212          //    { 0x00, 0x63, 0x14, 0x08, 0x14, 0x63 },     // X 56
  213          //    { 0x00, 0x07, 0x08, 0x70, 0x08, 0x07 },     // Y 57
  214          //    { 0x00, 0x61, 0x51, 0x49, 0x45, 0x43 },     // Z 58
  215          //    { 0x00, 0x00, 0x7F, 0x41, 0x41, 0x00 },     // [ 59
  216          //    { 0x02, 0x04, 0x08, 0x10, 0x20, 0x40 },     // \ 60
  217          //    { 0x00, 0x00, 0x41, 0x41, 0x7F, 0x00 },     // ] 61
  218          //    { 0x00, 0x04, 0x02, 0x01, 0x02, 0x04 },     // ^ 62
  219          //    { 0x00, 0x40, 0x40, 0x40, 0x40, 0x40 },     // _ 63
  220          //    { 0x00, 0x00, 0x01, 0x02, 0x04, 0x00 },     // ` 64
  221          //    { 0x00, 0x20, 0x54, 0x54, 0x54, 0x78 },     // a 65
  222          //    { 0x00, 0x7F, 0x48, 0x44, 0x44, 0x38 },     // b 66
  223          //    { 0x00, 0x38, 0x44, 0x44, 0x44, 0x20 },     // c 67
  224          //    { 0x00, 0x38, 0x44, 0x44, 0x48, 0x7F },     // d 68
  225          //    { 0x00, 0x38, 0x54, 0x54, 0x54, 0x18 },     // e 69
  226          //    { 0x00, 0x08, 0x7E, 0x09, 0x01, 0x02 },     // f 70
  227          //    { 0x00, 0x18, 0xA4, 0xA4, 0xA4, 0x7C },     // g 71
  228          //    { 0x00, 0x7F, 0x08, 0x04, 0x04, 0x78 },     // h 72
  229          //    { 0x00, 0x00, 0x44, 0x7D, 0x40, 0x00 },     // i 73
  230          //    { 0x00, 0x40, 0x80, 0x84, 0x7D, 0x00 },     // j 74
  231          //    { 0x00, 0x7F, 0x10, 0x28, 0x44, 0x00 },     // k 75
  232          //    { 0x00, 0x00, 0x41, 0x7F, 0x40, 0x00 },     // l 76
  233          //    { 0x00, 0x7C, 0x04, 0x18, 0x04, 0x78 },     // m 77
  234          //    { 0x00, 0x7C, 0x08, 0x04, 0x04, 0x78 },     // n 78
  235          //    { 0x00, 0x38, 0x44, 0x44, 0x44, 0x38 },     // o 79
  236          //    { 0x00, 0xFC, 0x24, 0x24, 0x24, 0x18 },     // p 80
  237          //    { 0x00, 0x18, 0x24, 0x24, 0x18, 0xFC },     // q 81
  238          //    { 0x00, 0x7C, 0x08, 0x04, 0x04, 0x08 },     // r 82
  239          //    { 0x00, 0x48, 0x54, 0x54, 0x54, 0x20 },     // s 83
  240          //    { 0x00, 0x04, 0x3F, 0x44, 0x40, 0x20 },     // t 84
  241          //    { 0x00, 0x3C, 0x40, 0x40, 0x20, 0x7C },     // u 85
  242          //    { 0x00, 0x1C, 0x20, 0x40, 0x20, 0x1C },     // v 86
  243          //    { 0x00, 0x3C, 0x40, 0x30, 0x40, 0x3C },     // w 87
  244          //    { 0x00, 0x44, 0x28, 0x10, 0x28, 0x44 },     // x 88
  245          //    { 0x00, 0x1C, 0xA0, 0xA0, 0xA0, 0x7C },     // y 89
  246          //    { 0x00, 0x44, 0x64, 0x54, 0x4C, 0x44 },     // z 90
  247          //    { 0x14, 0x14, 0x14, 0x14, 0x14, 0x14 }      // horiz lines
  248          //};
  249          


Module Information          Static   Overlayable
------------------------------------------------
C251 COMPILER V5.60.0,  zf_common_font                                                     08/01/26  02:12:46  PAGE 5   

  code size            =      1520     ------
  ecode size           =    ------     ------
  data size            =    ------     ------
  idata size           =    ------     ------
  pdata size           =    ------     ------
  xdata size           =    ------     ------
  xdata-const size     =    ------     ------
  edata size           =    ------     ------
  bit size             =    ------     ------
  ebit size            =    ------     ------
  bitaddressable size  =    ------     ------
  ebitaddressable size =    ------     ------
  far data size        =    ------     ------
  huge data size       =    ------     ------
  const size           =    ------     ------
  hconst size          =    ------     ------
End of Module Information.


C251 COMPILATION COMPLETE.  0 WARNING(S),  0 ERROR(S)
