C251 COMPILER V5.60.0,  zf_device_imu660ra                                                 08/01/26  02:12:47  PAGE 1   


C251 COMPILER V5.60.0, COMPILATION OF MODULE zf_device_imu660ra
OBJECT MODULE PLACED IN .\out_file\zf_device_imu660ra.obj
COMPILER INVOKED BY: E:\Tools\keil5\Keil_v5\C251\BIN\C251.EXE ..\..\libraries\zf_device\zf_device_imu660ra.c LARGE NOALI
                    -AS WARNINGLEVEL(3) OPTIMIZE(SIZE) BROWSE INCDIR(..\..\libraries\zf_common;..\..\libraries\zf_components;..\..\libraries\
                    -zf_device;..\..\libraries\zf_driver;..\user;..\code) DEBUG PRINT(.\out_file\zf_device_imu660ra.lst) TABS(2) OBJECT(.\out
                    -_file\zf_device_imu660ra.obj) 

stmt  level    source

    1          /********************************************************************************************************
             -*************
    2          * STC32G Opensourec Library å³ï¼ˆSTC32G å¼€æºåº“ï¼‰æ˜¯ä¸€ä¸ªåŸºäºå®˜æ–¹ SDK æ¥å£çš„ç¬¬ä¸‰æ–¹å¼€æºåº
             -“
    3          * Copyright (c) 2022 SEEKFREE é€é£ç§‘æŠ€
    4          *
    5          * æœ¬æ–‡ä»¶æ˜¯STC å¼€æºåº“çš„ä¸€éƒ¨åˆ†
    6          *
    7          * STC32G å¼€æºåº“ æ˜¯å…è´¹è½¯ä»¶
    8          * æ‚¨å¯ä»¥æ ¹æ®è‡ªç”±è½¯ä»¶åŸºé‡‘ä¼šå‘å¸ƒçš„ GPLï¼ˆGNU General Public Licenseï¼Œå³ GNUé€šç”¨å…¬å…±è®¸
             -å¯è¯ï¼‰çš„æ¡æ¬¾
    9          * å³ GPL çš„ç¬¬3ç‰ˆï¼ˆå³ GPL3.0ï¼‰æˆ–ï¼ˆæ‚¨é€‰æ‹©çš„ï¼‰ä»»ä½•åæ¥çš„ç‰ˆæœ¬ï¼Œé‡æ–°å‘å¸ƒå’Œ/æˆ–ä¿®æ”
             -¹å®ƒ
   10          *
   11          * æœ¬å¼€æºåº“çš„å‘å¸ƒæ˜¯å¸Œæœ›å®ƒèƒ½å‘æŒ¥ä½œç”¨ï¼Œä½†å¹¶æœªå¯¹å…¶ä½œä»»ä½•çš„ä¿è¯
   12          * ç”šè‡³æ²¡æœ‰éšå«çš„é€‚é”€æ€§æˆ–é€‚åˆç‰¹å®šç”¨é€”çš„ä¿è¯
   13          * æ›´å¤šç»†èŠ‚è¯·å‚è§ GPL
   14          *
   15          * æ‚¨åº”è¯¥åœ¨æ”¶åˆ°æœ¬å¼€æºåº“çš„åŒæ—¶æ”¶åˆ°ä¸€ä»½ GPL çš„å‰¯æœ¬
   16          * å¦‚æœæ²¡æœ‰ï¼Œè¯·å‚é˜…<https://www.gnu.org/licenses/>
   17          *
   18          * é¢å¤–æ³¨æ˜ï¼š
   19          * æœ¬å¼€æºåº“ä½¿ç”¨ GPL3.0 å¼€æºè®¸å¯è¯åè®® ä»¥ä¸Šè®¸å¯ç”³æ˜ä¸ºè¯‘æ–‡ç‰ˆæœ¬
   20          * è®¸å¯ç”³æ˜è‹±æ–‡ç‰ˆåœ¨ libraries/doc æ–‡ä»¶å¤¹ä¸‹çš„ GPL3_permission_statement.txt æ–‡ä»¶ä¸­
   21          * è®¸å¯è¯å‰¯æœ¬åœ¨ libraries æ–‡ä»¶å¤¹ä¸‹ å³è¯¥æ–‡ä»¶å¤¹ä¸‹çš„ LICENSE æ–‡ä»¶
   22          * æ¬¢è¿å„ä½ä½¿ç”¨å¹¶ä¼ æ’­æœ¬ç¨‹åº ä½†ä¿®æ”¹å†…å®¹æ—¶å¿…é¡»ä¿ç•™é€é£ç§‘æŠ€çš„ç‰ˆæƒå£°æ˜ï¼ˆå³æœ¬
             -å£°æ˜ï¼‰
   23          *
   24          * æ–‡ä»¶åç§°          
   25          * å…¬å¸åç§°          æˆéƒ½é€é£ç§‘æŠ€æœ‰é™å…¬å¸
   26          * ç‰ˆæœ¬ä¿¡æ¯          æŸ¥çœ‹ libraries/doc æ–‡ä»¶å¤¹å†… version æ–‡ä»¶ ç‰ˆæœ¬è¯´æ˜
   27          * å¼€å‘ç¯å¢ƒ          MDK FOR C251
   28          * é€‚ç”¨å¹³å°          STC32G
   29          * åº—é“ºé“¾æ¥          https://seekfree.taobao.com/
   30          *
   31          * ä¿®æ”¹è®°å½•
   32          * æ—¥æœŸ              ä½œè€…           å¤‡æ³¨
   33          * 2024-08-01        å¤§W            first version
   34          *********************************************************************************************************
             -***********/
   35          /********************************************************************************************************
             -*************
   36          * æ¥çº¿å®šä¹‰ï¼š
   37          *                   ------------------------------------
   38          *                   æ¨¡å—ç®¡è„š            å•ç‰‡æœºç®¡è„š
   39          *                   // ç¡¬ä»¶ SPI å¼•è„š
   40          *                   SCL/SPC           æŸ¥çœ‹ zf_device_imu660ra.h ä¸­ IMU660RA_SPC_PIN å®å®šä¹‰
   41          *                   SDA/DSI           æŸ¥çœ‹ zf_device_imu660ra.h ä¸­ IMU660RA_SDI_PIN å®å®šä¹‰
   42          *                   SA0/SDO           æŸ¥çœ‹ zf_device_imu660ra.h ä¸­ IMU660RA_SDO_PIN å®å®šä¹‰
   43          *                   CS                æŸ¥çœ‹ zf_device_imu660ra.h ä¸­ IMU660RA_CS_PIN å®å®šä¹‰
   44          *                   VCC               3.3Vç”µæº
   45          *                   GND               ç”µæºåœ°
   46          *                   å…¶ä½™å¼•è„šæ‚¬ç©º
   47          *
   48          *                   // è½¯ä»¶ IIC å¼•è„š
   49          *                   SCL/SPC           æŸ¥çœ‹ zf_device_imu660ra.h ä¸­ IMU660RA_SCL_PIN å®å®šä¹‰
C251 COMPILER V5.60.0,  zf_device_imu660ra                                                 08/01/26  02:12:47  PAGE 2   

   50          *                   SDA/DSI           æŸ¥çœ‹ zf_device_imu660ra.h ä¸­ IMU660RA_SDA_PIN å®å®šä¹‰
   51          *                   VCC               3.3Vç”µæº
   52          *                   GND               ç”µæºåœ°
   53          *                   å…¶ä½™å¼•è„šæ‚¬ç©º
   54          *                   ------------------------------------
   55          *********************************************************************************************************
             -***********/
   56          
   57          #include "zf_common_debug.h"
   58          #include "zf_driver_delay.h"
   59          #include "zf_driver_spi.h"
   60          #include "zf_driver_gpio.h"
   61          #include "zf_driver_soft_iic.h"
   62          #include "zf_driver_soft_spi.h"
   63          #include "zf_device_config.h"
   64          
   65          #include "zf_device_imu660ra.h"
   66          
   67          #pragma warning disable = 183
   68          #pragma warning disable = 177
   69          
   70          int16 imu660ra_gyro_x = 0, imu660ra_gyro_y = 0, imu660ra_gyro_z = 0;            // ä¸‰è½´é™€èºä»ªæ•°æ® 
             -  gyro (é™€èºä»ª)
   71          int16 imu660ra_acc_x = 0, imu660ra_acc_y = 0, imu660ra_acc_z = 0;               // ä¸‰è½´åŠ é€Ÿåº¦è®¡æ•°æ
             -® acc  (accelerometer åŠ é€Ÿåº¦è®¡)
   72          float imu660ra_transition_factor[2] = {4096, 16.4};
   73          
   74          
   75          #if (IMU660RA_USE_INTERFACE==HARDWARE_SPI) 
                 //------------------------------------------------------------------------------------------------------
             --------------
                 // å‡½æ•°ç®€ä»‹     IMU660RA å†™å¯„å­˜å™¨
                 // å‚æ•°è¯´æ˜     reg             å¯„å­˜å™¨åœ°å€
                 // å‚æ•°è¯´æ˜     dat            æ•°æ®
                 // è¿”å›å‚æ•°     void
                 // ä½¿ç”¨ç¤ºä¾‹     imu660ra_write_register(IMU660RA_PWR_CONF, 0x00);                   // å…³é—­é«˜çº§ç
             -œç”µæ¨¡å¼
                 // å¤‡æ³¨ä¿¡æ¯     å†…éƒ¨è°ƒç”¨
                 //------------------------------------------------------------------------------------------------------
             --------------
                 static void imu660ra_write_register(uint8 reg, uint8 dat)
                 {
                   IMU660RA_CS(0);
                   spi_write_8bit_register(IMU660RA_SPI, reg | IMU660RA_SPI_W, dat);
                   IMU660RA_CS(1);
                 }
               
                 //------------------------------------------------------------------------------------------------------
             --------------
                 // å‡½æ•°ç®€ä»‹     IMU660RA å†™æ•°æ®
                 // å‚æ•°è¯´æ˜     reg             å¯„å­˜å™¨åœ°å€
                 // å‚æ•°è¯´æ˜     dat            æ•°æ®
                 // è¿”å›å‚æ•°     void
                 // ä½¿ç”¨ç¤ºä¾‹     imu660ra_write_registers(IMU660RA_INIT_DATA, imu660ra_config_file, sizeof(imu660ra_c
             -onfig_file));
                 // å¤‡æ³¨ä¿¡æ¯     å†…éƒ¨è°ƒç”¨
                 //------------------------------------------------------------------------------------------------------
             --------------
                 static void imu660ra_write_registers(uint8 reg, const uint8 *dat, uint32 len)
                 {
                   IMU660RA_CS(0);
                   spi_write_8bit_registers(IMU660RA_SPI, reg | IMU660RA_SPI_W, dat, len);
                   IMU660RA_CS(1);
                 }
               
                 //------------------------------------------------------------------------------------------------------
C251 COMPILER V5.60.0,  zf_device_imu660ra                                                 08/01/26  02:12:47  PAGE 3   

             --------------
                 // å‡½æ•°ç®€ä»‹     IMU660RA è¯»å¯„å­˜å™¨
                 // å‚æ•°è¯´æ˜     reg             å¯„å­˜å™¨åœ°å€
                 // è¿”å›å‚æ•°     uint8           æ•°æ®
                 // ä½¿ç”¨ç¤ºä¾‹     imu660ra_read_register(IMU660RA_CHIP_ID);
                 // å¤‡æ³¨ä¿¡æ¯     å†…éƒ¨è°ƒç”¨
                 //------------------------------------------------------------------------------------------------------
             --------------
                 static uint8 imu660ra_read_register(uint8 reg)
                 {
                   uint8 dat[2];
                   IMU660RA_CS(0);
                   spi_read_8bit_registers(IMU660RA_SPI, reg | IMU660RA_SPI_R, dat, 2);
                   IMU660RA_CS(1);
                   return dat[1];
                 }
               
                 //------------------------------------------------------------------------------------------------------
             --------------
                 // å‡½æ•°ç®€ä»‹     IMU660RA è¯»æ•°æ®
                 // å‚æ•°è¯´æ˜     reg             å¯„å­˜å™¨åœ°å€
                 // å‚æ•°è¯´æ˜     dat            æ•°æ®ç¼“å†²åŒº
                 // å‚æ•°è¯´æ˜     len             æ•°æ®é•¿åº¦
                 // è¿”å›å‚æ•°     void
                 // ä½¿ç”¨ç¤ºä¾‹     imu660ra_read_registers(IMU660RA_ACC_ADDRESS, dat, 6);
                 // å¤‡æ³¨ä¿¡æ¯     å†…éƒ¨è°ƒç”¨
                 //------------------------------------------------------------------------------------------------------
             --------------
                 static void imu660ra_read_registers(uint8 reg, uint8 *dat, uint32 len)
                 {
                   uint16 i = 0;
                   uint8 temp_data[8];
                   IMU660RA_CS(0);
                   spi_read_8bit_registers(IMU660RA_SPI, reg | IMU660RA_SPI_R, temp_data, len + 1);
                   IMU660RA_CS(1);
                   
                   for(i = 0; i < len; i ++)
                   {
                     *(dat ++) = temp_data[i + 1];
                   }
                 }
               
               
               #elif (IMU660RA_USE_INTERFACE==SOFT_SPI)
  147          
  148            #define IMU660RA_SCK(x)       IMU660RA_SPC_PIN  = x
  149            #define IMU660RA_MOSI(x)      IMU660RA_SDI_PIN = x
  150            #define IMU660RA_MISO         IMU660RA_SDO_PIN
  151            #define IMU660RA_CS(x)        IMU660RA_CS_PIN  = x
  152          
  153            //------------------------------------------------------------------------------------------------------
             --------------
  154            //  @brief      é€šè¿‡SPIå†™ä¸€ä¸ªbyte,åŒæ—¶è¯»å–ä¸€ä¸ªbyte
  155            //  @param      byte        å‘é€çš„æ•°æ®
  156            //  @return     uint8 edata       return è¿”å›statusçŠ¶æ€
  157            //  @since      v1.0
  158            //  Sample usage:
  159            //------------------------------------------------------------------------------------------------------
             --------------
  160            static uint8 imu660ra_simspi_wr_byte(uint8 byte)
  161            {
  162   1          uint8 i;
  163   1          for(i=0; i<8; i++)
  164   1          {
  165   2            IMU660RA_SCK (0);
  166   2            IMU660RA_MOSI(byte&0x80);
C251 COMPILER V5.60.0,  zf_device_imu660ra                                                 08/01/26  02:12:47  PAGE 4   

  167   2            byte <<= 1;
  168   2            IMU660RA_SCK (1);
  169   2            byte |= IMU660RA_MISO;
  170   2          }
  171   1          IMU660RA_SCK (0);
  172   1          return(byte);
  173   1        }
  174            
  175            //------------------------------------------------------------------------------------------------------
             --------------
  176            //  @brief      å°†valå†™å…¥cmdå¯¹åº”çš„å¯„å­˜å™¨åœ°å€,åŒæ—¶è¿”å›statuså­—èŠ‚
  177            //  @param      cmd         å‘½ä»¤å­—
  178            //  @param      val         å¾…å†™å…¥å¯„å­˜å™¨çš„æ•°å€¼
  179            //  @since      v1.0
  180            //  Sample usage:
  181            //------------------------------------------------------------------------------------------------------
             --------------
  182            static void imu660ra_simspi_w_reg_byte(uint8 cmd, uint8 val)
  183            {
  184   1          cmd |= IMU660RA_SPI_W;
  185   1          imu660ra_simspi_wr_byte(cmd);
  186   1          imu660ra_simspi_wr_byte(val);
  187   1        }
  188          
  189          
  190            //------------------------------------------------------------------------------------------------------
             --------------
  191            //  @brief      å°†valå†™å…¥cmdå¯¹åº”çš„å¯„å­˜å™¨åœ°å€
  192            //  @param      cmd         å‘½ä»¤å­—
  193            //  @param      val         å¾…å†™å…¥å¯„å­˜å™¨çš„æ•°å€¼
  194            //  @since      v1.0
  195            //  Sample usage:
  196            //------------------------------------------------------------------------------------------------------
             --------------
  197            static void imu660ra_simspi_w_reg_bytes(uint8 cmd, uint8 *dat_addr, uint32 len)
  198            {
  199   1          cmd |= IMU660RA_SPI_W;
  200   1          imu660ra_simspi_wr_byte(cmd);
  201   1          while(len--)
  202   1          {
  203   2            imu660ra_simspi_wr_byte(*dat_addr++);
  204   2          }
  205   1        }
  206          
  207            //------------------------------------------------------------------------------------------------------
             --------------
  208            //  @brief      è¯»å–cmdæ‰€å¯¹åº”çš„å¯„å­˜å™¨åœ°å€
  209            //  @param      cmd         å‘½ä»¤å­—
  210            //  @param      *val        å­˜å‚¨è¯»å–çš„æ•°æ®åœ°å€
  211            //  @param      num         è¯»å–çš„æ•°é‡
  212            //  @since      v1.0
  213            //  Sample usage:
  214            //------------------------------------------------------------------------------------------------------
             --------------
  215            static void imu660ra_simspi_r_reg_bytes(uint8 cmd, uint8 *val, uint32 num)
  216            {
  217   1          cmd |= IMU660RA_SPI_R;
  218   1          imu660ra_simspi_wr_byte(cmd);
  219   1          while(num--)
  220   1          {
  221   2            *val++ = imu660ra_simspi_wr_byte(0);
  222   2          }
  223   1        }
  224          
  225          
  226            //------------------------------------------------------------------------------------------------------
C251 COMPILER V5.60.0,  zf_device_imu660ra                                                 08/01/26  02:12:47  PAGE 5   

             --------------
  227            // å‡½æ•°ç®€ä»‹     IMU660RA å†™å¯„å­˜å™¨
  228            // å‚æ•°è¯´æ˜     reg             å¯„å­˜å™¨åœ°å€
  229            // å‚æ•°è¯´æ˜     dat            æ•°æ®
  230            // è¿”å›å‚æ•°     void
  231            // ä½¿ç”¨ç¤ºä¾‹     imu660ra_write_register(IMU660RA_PWR_CONF, 0x00);                   // å…³é—­é«˜çº§ç
             -œç”µæ¨¡å¼
  232            // å¤‡æ³¨ä¿¡æ¯     å†…éƒ¨è°ƒç”¨
  233            //------------------------------------------------------------------------------------------------------
             --------------
  234            static void imu660ra_write_register(uint8 reg, uint8 dat)
  235            {
  236   1          IMU660RA_CS(0);
  237   1          imu660ra_simspi_w_reg_byte(reg | IMU660RA_SPI_W, dat);
  238   1          IMU660RA_CS(1);
  239   1        }
  240          
  241            //------------------------------------------------------------------------------------------------------
             --------------
  242            // å‡½æ•°ç®€ä»‹     IMU660RA å†™æ•°æ®
  243            // å‚æ•°è¯´æ˜     reg             å¯„å­˜å™¨åœ°å€
  244            // å‚æ•°è¯´æ˜     dat            æ•°æ®
  245            // è¿”å›å‚æ•°     void
  246            // ä½¿ç”¨ç¤ºä¾‹     imu660ra_write_registers(IMU660RA_INIT_dat, imu660ra_config_file, sizeof(imu660ra_co
             -nfig_file));
  247            // å¤‡æ³¨ä¿¡æ¯     å†…éƒ¨è°ƒç”¨
  248            //------------------------------------------------------------------------------------------------------
             --------------
  249            static void imu660ra_write_registers(uint8 reg, const uint8 *dat, uint32 len)
  250            {
  251   1          IMU660RA_CS(0);
  252   1          imu660ra_simspi_w_reg_bytes(reg | IMU660RA_SPI_W, dat, len);
  253   1          IMU660RA_CS(1);
  254   1        }
  255          
  256            //------------------------------------------------------------------------------------------------------
             --------------
  257            // å‡½æ•°ç®€ä»‹     IMU660RA è¯»å¯„å­˜å™¨
  258            // å‚æ•°è¯´æ˜     reg             å¯„å­˜å™¨åœ°å€
  259            // è¿”å›å‚æ•°     uint8 edata           æ•°æ®
  260            // ä½¿ç”¨ç¤ºä¾‹     imu660ra_read_register(IMU660RA_CHIP_ID);
  261            // å¤‡æ³¨ä¿¡æ¯     å†…éƒ¨è°ƒç”¨
  262            //------------------------------------------------------------------------------------------------------
             --------------
  263            static uint8 imu660ra_read_register(uint8 reg)
  264            {
  265   1          uint8 dat[2];
  266   1          IMU660RA_CS(0);
  267   1          imu660ra_simspi_r_reg_bytes(reg | IMU660RA_SPI_R, dat, 2);
  268   1          IMU660RA_CS(1);
  269   1          return dat[1];
  270   1        }
  271          
  272            //------------------------------------------------------------------------------------------------------
             --------------
  273            // å‡½æ•°ç®€ä»‹     IMU660RA è¯»æ•°æ®
  274            // å‚æ•°è¯´æ˜     reg             å¯„å­˜å™¨åœ°å€
  275            // å‚æ•°è¯´æ˜     dat            æ•°æ®ç¼“å†²åŒº
  276            // å‚æ•°è¯´æ˜     len             æ•°æ®é•¿åº¦
  277            // è¿”å›å‚æ•°     void
  278            // ä½¿ç”¨ç¤ºä¾‹     imu660ra_read_registers(IMU660RA_ACC_ADDRESS, dat, 6);
  279            // å¤‡æ³¨ä¿¡æ¯     å†…éƒ¨è°ƒç”¨
  280            //------------------------------------------------------------------------------------------------------
             --------------
  281            static void imu660ra_read_registers(uint8 reg, uint8 *dat, uint32 len)
  282            {
C251 COMPILER V5.60.0,  zf_device_imu660ra                                                 08/01/26  02:12:47  PAGE 6   

  283   1          uint16 i = 0;
  284   1          uint8 temp_data[8];
  285   1          IMU660RA_CS(0);
  286   1          imu660ra_simspi_r_reg_bytes(reg | IMU660RA_SPI_R, temp_data, len + 1);
  287   1          IMU660RA_CS(1);
  288   1          
  289   1          for(i = 0; i < len; i ++)
  290   1          {
  291   2            *(dat ++) = temp_data[i + 1];
  292   2          }
  293   1        }
  294            
  295          #elif (IMU660RA_USE_INTERFACE==SOFT_IIC)
               
                 static soft_iic_info_struct imu660ra_iic_struct;
                 #define imu660ra_write_register(reg, dat)        (soft_iic_write_8bit_register(&imu660ra_iic_struct, (re
             -g), (dat)))
                 #define imu660ra_write_registers(reg, dat, len)  (soft_iic_write_8bit_registers(&imu660ra_iic_struct, (r
             -eg), (dat), (len)))
                 #define imu660ra_read_register(reg)              (soft_iic_read_8bit_register(&imu660ra_iic_struct, (reg
             -)))
                 #define imu660ra_read_registers(reg, dat, len)   (soft_iic_read_8bit_registers(&imu660ra_iic_struct, (re
             -g), (dat), (len)))
               
               #endif
  304          
  305          //-------------------------------------------------------------------------------------------------------
             -------------
  306          // å‡½æ•°ç®€ä»‹     IMU660RA è‡ªæ£€
  307          // å‚æ•°è¯´æ˜     void
  308          // è¿”å›å‚æ•°     uint8           1-è‡ªæ£€å¤±è´¥ 0-è‡ªæ£€æˆåŠŸ
  309          // ä½¿ç”¨ç¤ºä¾‹     imu660ra_self_check();
  310          // å¤‡æ³¨ä¿¡æ¯     å†…éƒ¨è°ƒç”¨
  311          //-------------------------------------------------------------------------------------------------------
             -------------
  312          static uint8 imu660ra_self_check (void)
  313          {
  314   1          uint8 dat = 0, return_state = 0;
  315   1          uint16 timeout_count = 0;
  316   1          
  317   1          do
  318   1          {
  319   2              if(timeout_count ++ > IMU660RA_TIMEOUT_COUNT)
  320   2              {
  321   3                  return_state =  1;
  322   3                  break;
  323   3              }
  324   2              
  325   2              dat = imu660ra_read_register(IMU660RA_CHIP_ID);
  326   2              printf("imu660ra_read_register = 0x%X\r\n", dat);
  327   2              system_delay_ms(1);
  328   2          }
  329   1          while(0x24 != dat);                                                     // è¯»å–è®¾å¤‡IDæ˜¯å¦ç­‰äº
             -0X24ï¼Œå¦‚æœä¸æ˜¯0X24åˆ™è®¤ä¸ºæ²¡æ£€æµ‹åˆ°è®¾å¤‡
  330   1          
  331   1          return return_state;
  332   1      }
  333          
  334          //-------------------------------------------------------------------------------------------------------
             -------------
  335          // å‡½æ•°ç®€ä»‹     è·å– IMU660RA åŠ é€Ÿåº¦è®¡æ•°æ®
  336          // å‚æ•°è¯´æ˜     void
  337          // è¿”å›å‚æ•°     void
  338          // ä½¿ç”¨ç¤ºä¾‹     imu660ra_get_acc();                                             // æ‰§è¡Œè¯¥å‡½æ•°å
             -ï¼Œç›´æ¥æŸ¥çœ‹å¯¹åº”çš„å˜é‡å³å¯
  339          // å¤‡æ³¨ä¿¡æ¯     ä½¿ç”¨ SPI çš„é‡‡é›†æ—¶é—´ä¸º69us
C251 COMPILER V5.60.0,  zf_device_imu660ra                                                 08/01/26  02:12:47  PAGE 7   

  340          //            ä½¿ç”¨ IIC çš„é‡‡é›†æ—¶é—´ä¸º126us        é‡‡é›†åŠ é€Ÿåº¦è®¡çš„æ—¶é—´ä¸é‡‡é›†é™€èºä»ªçš„æ
             -—¶é—´ä¸€è‡´çš„åŸå› æ˜¯éƒ½åªæ˜¯è¯»å–å¯„å­˜å™¨æ•°æ®
  341          //-------------------------------------------------------------------------------------------------------
             -------------
  342          void imu660ra_get_acc (void)
  343          {
  344   1          uint8 dat[6];
  345   1          
  346   1          imu660ra_read_registers(IMU660RA_ACC_ADDRESS, dat, 6);
  347   1          imu660ra_acc_x = (int16)(((uint16)dat[1] << 8 | dat[0]));
  348   1          imu660ra_acc_y = (int16)(((uint16)dat[3] << 8 | dat[2]));
  349   1          imu660ra_acc_z = (int16)(((uint16)dat[5] << 8 | dat[4]));
  350   1      }
  351          //-------------------------------------------------------------------------------------------------------
             -------------
  352          // å‡½æ•°ç®€ä»‹     è·å– IMU660RA é™€èºä»ªæ•°æ®
  353          // å‚æ•°è¯´æ˜     void
  354          // è¿”å›å‚æ•°     void
  355          // ä½¿ç”¨ç¤ºä¾‹     imu660ra_get_gyro();                                            // æ‰§è¡Œè¯¥å‡½æ•°å
             -ï¼Œç›´æ¥æŸ¥çœ‹å¯¹åº”çš„å˜é‡å³å¯
  356          // å¤‡æ³¨ä¿¡æ¯     ä½¿ç”¨ SPI çš„é‡‡é›†æ—¶é—´ä¸º69us
  357          //            ä½¿ç”¨ IIC çš„é‡‡é›†æ—¶é—´ä¸º126us
  358          //-------------------------------------------------------------------------------------------------------
             -------------
  359          void imu660ra_get_gyro (void)
  360          {
  361   1          uint8 dat[6];
  362   1          
  363   1          imu660ra_read_registers(IMU660RA_GYRO_ADDRESS, dat, 6);
  364   1          imu660ra_gyro_x = (int16)(((uint16)dat[1] << 8 | dat[0]));
  365   1          imu660ra_gyro_y = (int16)(((uint16)dat[3] << 8 | dat[2]));
  366   1          imu660ra_gyro_z = (int16)(((uint16)dat[5] << 8 | dat[4]));
  367   1      }
  368          
  369          //-------------------------------------------------------------------------------------------------------
             -------------
  370          // å‡½æ•°ç®€ä»‹     åˆå§‹åŒ– IMU660RA
  371          // å‚æ•°è¯´æ˜     void
  372          // è¿”å›å‚æ•°     uint8           1-åˆå§‹åŒ–å¤±è´¥ 0-åˆå§‹åŒ–æˆåŠŸ
  373          // ä½¿ç”¨ç¤ºä¾‹     imu660ra_init();
  374          // å¤‡æ³¨ä¿¡æ¯
  375          //-------------------------------------------------------------------------------------------------------
             -------------
  376          uint8 imu660ra_init (void)
  377          {
  378   1          uint8 return_state = 0;
  379   1          system_delay_ms(20);                                                        // ç­‰å¾…è®¾å¤‡ä¸Šç”µæˆå
             -ŠŸ
  380   1          
  381   1        
  382   1      #if (IMU660RA_USE_INTERFACE==HARDWARE_SPI)   
                 spi_init(IMU660RA_SPI, SPI_MODE0, IMU660RA_SPI_SPEED, IMU660RA_SPC_PIN, IMU660RA_SDI_PIN, IMU660RA_SDO_P
             -IN, SPI_CS_NULL);   // é…ç½® IMU660RA çš„ SPI ç«¯å£
                   gpio_init(IMU660RA_CS_PIN, GPO, GPIO_HIGH, GPO_PUSH_PULL);            // é…ç½® IMU660RA çš„CSç«¯å£
                 imu660ra_read_register(IMU660RA_CHIP_ID);                                   // è¯»å–ä¸€ä¸‹è®¾å¤‡ID å°†è
             -®¾å¤‡è®¾ç½®ä¸ºSPIæ¨¡å¼
               #elif (IMU660RA_USE_INTERFACE==SOFT_SPI)
  387   1        // é»˜è®¤ä½¿ç”¨åŒå‘IOï¼Œä¸éœ€è¦åˆå§‹åŒ–ã€‚
  388   1        // soft_spi_init (IMU660RA_SPI, SPI_MODE0, 0, IMU660RA_SPC_PIN, IMU660RA_SDI_PIN, IMU660RA_SDO_PIN, IMU6
             -60RA_CS_PIN);
  389   1          imu660ra_read_register(IMU660RA_CHIP_ID);                     // è¯»å–ä¸€ä¸‹è®¾å¤‡ID å°†è®¾å¤‡è®¾ç½®ä¸ºSP
             -Iæ¨¡å¼
  390   1      #elif (IMU660RA_USE_INTERFACE==SOFT_IIC)
                 soft_iic_init(&imu660ra_iic_struct, IMU660RA_DEV_ADDR, IMU660RA_SOFT_IIC_DELAY, IMU660RA_SCL_PIN, IMU660
             -RA_SDA_PIN);        // é…ç½® IMU660RA çš„ IIC ç«¯å£
               #endif
C251 COMPILER V5.60.0,  zf_device_imu660ra                                                 08/01/26  02:12:47  PAGE 8   

  393   1      
  394   1          
  395   1          do
  396   1          {
  397   2              if(imu660ra_self_check())                                               // IMU660RA è‡ªæ£€
  398   2              {
  399   3                  // å¦‚æœç¨‹åºåœ¨è¾“å‡ºäº†æ–­è¨€ä¿¡æ¯ å¹¶ä¸”æç¤ºå‡ºé”™ä½ç½®åœ¨è¿™é‡Œ
  400   3                  // é‚£ä¹ˆå°±æ˜¯ IMU660RA è‡ªæ£€å‡ºé”™å¹¶è¶…æ—¶é€€å‡ºäº†
  401   3                  // æ£€æŸ¥ä¸€ä¸‹æ¥çº¿æœ‰æ²¡æœ‰é—®é¢˜ å¦‚æœæ²¡é—®é¢˜å¯èƒ½å°±æ˜¯åäº†
  402   3                  printf( "imu660ra self check error.\r\n");
  403   3                  return_state = 1;
  404   3                  break;
  405   3              }
  406   2              
  407   2              imu660ra_write_register(IMU660RA_PWR_CONF, 0x00);                       // å…³é—­é«˜çº§çœç”µæ¨¡å
             -¼
  408   2              system_delay_ms(1);
  409   2              imu660ra_write_register(IMU660RA_INIT_CTRL, 0x00);                      // å¼€å§‹å¯¹æ¨¡å—è¿›è¡Œå
             -ˆå§‹åŒ–é…ç½®
  410   2              imu660ra_write_registers(IMU660RA_INIT_DATA, imu660ra_config_file, sizeof(imu660ra_config_file));
             -   // è¾“å‡ºé…ç½®æ–‡ä»¶
  411   2              imu660ra_write_register(IMU660RA_INIT_CTRL, 0x01);                      // åˆå§‹åŒ–é…ç½®ç»“æŸ
  412   2              system_delay_ms(20);
  413   2              
  414   2              if(1 != imu660ra_read_register(IMU660RA_INT_STA))                       // æ£€æŸ¥æ˜¯å¦é…ç½®å®Œæ
             -ˆ
  415   2              {
  416   3                  // å¦‚æœç¨‹åºåœ¨è¾“å‡ºäº†æ–­è¨€ä¿¡æ¯ å¹¶ä¸”æç¤ºå‡ºé”™ä½ç½®åœ¨è¿™é‡Œ
  417   3                  // é‚£ä¹ˆå°±æ˜¯ IMU660RA é…ç½®åˆå§‹åŒ–æ–‡ä»¶å‡ºé”™äº†
  418   3                  // æ£€æŸ¥ä¸€ä¸‹æ¥çº¿æœ‰æ²¡æœ‰é—®é¢˜ å¦‚æœæ²¡é—®é¢˜å¯èƒ½å°±æ˜¯åäº†
  419   3                  printf( "imu660ra init error.\r\n");
  420   3                  return_state = 1;
  421   3                  break;
  422   3              }
  423   2              
  424   2              imu660ra_write_register(IMU660RA_PWR_CTRL, 0x0E);                       // å¼€å¯æ€§èƒ½æ¨¡å¼  ä½
             -¿èƒ½é™€èºä»ªã€åŠ é€Ÿåº¦ã€æ¸©åº¦ä¼ æ„Ÿå™¨
  425   2              imu660ra_write_register(IMU660RA_ACC_CONF, 0xA7);                       // åŠ é€Ÿåº¦é‡‡é›†é…ç½® 
             -æ€§èƒ½æ¨¡å¼ æ­£å¸¸é‡‡é›† 50Hz  é‡‡æ ·é¢‘ç‡
  426   2              imu660ra_write_register(IMU660RA_GYR_CONF, 0xA9);                       // é™€èºä»ªé‡‡é›†é…ç½® 
             -æ€§èƒ½æ¨¡å¼ æ­£å¸¸é‡‡é›† 200Hz é‡‡æ ·é¢‘ç‡
  427   2              
  428   2              // IMU660RA_ACC_SAMPLE å¯„å­˜å™¨
  429   2              // è®¾ç½®ä¸º 0x00 åŠ é€Ÿåº¦è®¡é‡ç¨‹ä¸º Â±2  g   è·å–åˆ°çš„åŠ é€Ÿåº¦è®¡æ•°æ®é™¤ä»¥ 16384  å¯ä
             -»¥è½¬åŒ–ä¸ºå¸¦ç‰©ç†å•ä½çš„æ•°æ® å•ä½ g(m/s^2)
  430   2              // è®¾ç½®ä¸º 0x01 åŠ é€Ÿåº¦è®¡é‡ç¨‹ä¸º Â±4  g   è·å–åˆ°çš„åŠ é€Ÿåº¦è®¡æ•°æ®é™¤ä»¥ 8192   å¯ä
             -»¥è½¬åŒ–ä¸ºå¸¦ç‰©ç†å•ä½çš„æ•°æ® å•ä½ g(m/s^2)
  431   2              // è®¾ç½®ä¸º 0x02 åŠ é€Ÿåº¦è®¡é‡ç¨‹ä¸º Â±8  g   è·å–åˆ°çš„åŠ é€Ÿåº¦è®¡æ•°æ®é™¤ä»¥ 4096   å¯ä
             -»¥è½¬åŒ–ä¸ºå¸¦ç‰©ç†å•ä½çš„æ•°æ® å•ä½ g(m/s^2)
  432   2              // è®¾ç½®ä¸º 0x03 åŠ é€Ÿåº¦è®¡é‡ç¨‹ä¸º Â±16 g   è·å–åˆ°çš„åŠ é€Ÿåº¦è®¡æ•°æ®é™¤ä»¥ 2048   å¯ä
             -»¥è½¬åŒ–ä¸ºå¸¦ç‰©ç†å•ä½çš„æ•°æ® å•ä½ g(m/s^2)
  433   2              switch(IMU660RA_ACC_SAMPLE_DEFAULT)
  434   2              {
  435   3                  default:
  436   3                  {
  437   4                      printf( "IMU660RA_ACC_SAMPLE_DEFAULT set error.\r\n");
  438   4                      return_state = 1;
  439   4                  }
  440   3                  break;
  441   3                  
  442   3                  case IMU660RA_ACC_SAMPLE_SGN_2G:
  443   3                  {
  444   4                      imu660ra_write_register(IMU660RA_ACC_RANGE, 0x00);
  445   4                      imu660ra_transition_factor[0] = 16384;
  446   4                  }
  447   3                  break;
C251 COMPILER V5.60.0,  zf_device_imu660ra                                                 08/01/26  02:12:47  PAGE 9   

  448   3                  
  449   3                  case IMU660RA_ACC_SAMPLE_SGN_4G:
  450   3                  {
  451   4                      imu660ra_write_register(IMU660RA_ACC_RANGE, 0x01);
  452   4                      imu660ra_transition_factor[0] = 8192;
  453   4                  }
  454   3                  break;
  455   3                  
  456   3                  case IMU660RA_ACC_SAMPLE_SGN_8G:
  457   3                  {
  458   4                      imu660ra_write_register(IMU660RA_ACC_RANGE, 0x02);
  459   4                      imu660ra_transition_factor[0] = 4096;
  460   4                  }
  461   3                  break;
  462   3                  
  463   3                  case IMU660RA_ACC_SAMPLE_SGN_16G:
  464   3                  {
  465   4                      imu660ra_write_register(IMU660RA_ACC_RANGE, 0x03);
  466   4                      imu660ra_transition_factor[0] = 2048;
  467   4                  }
  468   3                  break;
  469   3              }
  470   2              
  471   2              if(1 == return_state)
  472   2              {
  473   3                  break;
  474   3              }
  475   2              
  476   2              // IMU660RA_GYR_RANGE å¯„å­˜å™¨
  477   2              // è®¾ç½®ä¸º 0x04 é™€èºä»ªé‡ç¨‹ä¸º Â±125  dps    è·å–åˆ°çš„é™€èºä»ªæ•°æ®é™¤ä»¥ 262.4   å¯ä
             -»¥è½¬åŒ–ä¸ºå¸¦ç‰©ç†å•ä½çš„æ•°æ® å•ä½ä¸º Â°/s
  478   2              // è®¾ç½®ä¸º 0x03 é™€èºä»ªé‡ç¨‹ä¸º Â±250  dps    è·å–åˆ°çš„é™€èºä»ªæ•°æ®é™¤ä»¥ 131.2   å¯ä
             -»¥è½¬åŒ–ä¸ºå¸¦ç‰©ç†å•ä½çš„æ•°æ® å•ä½ä¸º Â°/s
  479   2              // è®¾ç½®ä¸º 0x02 é™€èºä»ªé‡ç¨‹ä¸º Â±500  dps    è·å–åˆ°çš„é™€èºä»ªæ•°æ®é™¤ä»¥ 65.6    å¯ä
             -»¥è½¬åŒ–ä¸ºå¸¦ç‰©ç†å•ä½çš„æ•°æ® å•ä½ä¸º Â°/s
  480   2              // è®¾ç½®ä¸º 0x01 é™€èºä»ªé‡ç¨‹ä¸º Â±1000 dps    è·å–åˆ°çš„é™€èºä»ªæ•°æ®é™¤ä»¥ 32.8    å¯ä
             -»¥è½¬åŒ–ä¸ºå¸¦ç‰©ç†å•ä½çš„æ•°æ® å•ä½ä¸º Â°/s
  481   2              // è®¾ç½®ä¸º 0x00 é™€èºä»ªé‡ç¨‹ä¸º Â±2000 dps    è·å–åˆ°çš„é™€èºä»ªæ•°æ®é™¤ä»¥ 16.4    å¯ä
             -»¥è½¬åŒ–ä¸ºå¸¦ç‰©ç†å•ä½çš„æ•°æ® å•ä½ä¸º Â°/s
  482   2              switch(IMU660RA_GYRO_SAMPLE_DEFAULT)
  483   2              {
  484   3                  default:
  485   3                  {
  486   4                      printf( "IMU660RA_GYRO_SAMPLE_DEFAULT set error.\r\n");
  487   4                      return_state = 1;
  488   4                  }
  489   3                  break;
  490   3                  
  491   3                  case IMU660RA_GYRO_SAMPLE_SGN_125DPS:
  492   3                  {
  493   4                      imu660ra_write_register(IMU660RA_GYR_RANGE, 0x04);
  494   4                      imu660ra_transition_factor[1] = 262.4;
  495   4                  }
  496   3                  break;
  497   3                  
  498   3                  case IMU660RA_GYRO_SAMPLE_SGN_250DPS:
  499   3                  {
  500   4                      imu660ra_write_register(IMU660RA_GYR_RANGE, 0x03);
  501   4                      imu660ra_transition_factor[1] = 131.2;
  502   4                  }
  503   3                  break;
  504   3                  
  505   3                  case IMU660RA_GYRO_SAMPLE_SGN_500DPS:
  506   3                  {
  507   4                      imu660ra_write_register(IMU660RA_GYR_RANGE, 0x02);
  508   4                      imu660ra_transition_factor[1] = 65.6;
C251 COMPILER V5.60.0,  zf_device_imu660ra                                                 08/01/26  02:12:47  PAGE 10  

  509   4                  }
  510   3                  break;
  511   3                  
  512   3                  case IMU660RA_GYRO_SAMPLE_SGN_1000DPS:
  513   3                  {
  514   4                      imu660ra_write_register(IMU660RA_GYR_RANGE, 0x01);
  515   4                      imu660ra_transition_factor[1] = 32.8;
  516   4                  }
  517   3                  break;
  518   3                  
  519   3                  case IMU660RA_GYRO_SAMPLE_SGN_2000DPS:
  520   3                  {
  521   4                      imu660ra_write_register(IMU660RA_GYR_RANGE, 0x00);
  522   4                      imu660ra_transition_factor[1] = 16.4;
  523   4                  }
  524   3                  break;
  525   3              }
  526   2              
  527   2              if(1 == return_state)
  528   2              {
  529   3                  break;
  530   3              }
  531   2          }
  532   1          while(0);
  533   1          
  534   1          return return_state;
  535   1      }
  536          
  537          


Module Information          Static   Overlayable
------------------------------------------------
  code size            =       734     ------
  ecode size           =    ------     ------
  data size            =    ------     ------
  idata size           =    ------     ------
  pdata size           =    ------     ------
  xdata size           =        20         36
  xdata-const size     =    ------     ------
  edata size           =    ------     ------
  bit size             =    ------     ------
  ebit size            =    ------     ------
  bitaddressable size  =    ------     ------
  ebitaddressable size =    ------     ------
  far data size        =    ------     ------
  huge data size       =    ------     ------
  const size           =    ------     ------
  hconst size          =       222     ------
End of Module Information.


C251 COMPILATION COMPLETE.  0 WARNING(S),  0 ERROR(S)
