C251 COMPILER V5.60.0,  zf_device_config                                                   08/01/26  02:12:47  PAGE 1   


C251 COMPILER V5.60.0, COMPILATION OF MODULE zf_device_config
OBJECT MODULE PLACED IN .\out_file\zf_device_config.obj
COMPILER INVOKED BY: E:\Tools\keil5\Keil_v5\C251\BIN\C251.EXE ..\..\libraries\zf_device\zf_device_config.c LARGE NOALIAS
                    - WARNINGLEVEL(3) OPTIMIZE(SIZE) BROWSE INCDIR(..\..\libraries\zf_common;..\..\libraries\zf_components;..\..\libraries\zf
                    -_device;..\..\libraries\zf_driver;..\user;..\code) DEBUG PRINT(.\out_file\zf_device_config.lst) TABS(2) OBJECT(.\out_fil
                    -e\zf_device_config.obj) 

stmt  level    source

    1          /********************************************************************************************************
             -*************
    2          * STC32G Opensourec Library 即（STC32G 开源库）是一个基于官方 SDK 接口的第三方开源库
    3          * Copyright (c) 2022 SEEKFREE 逐飞科技
    4          *
    5          * 本文件是STC 开源库的一部分
    6          *
    7          * STC32G 开源库 是免费软件
    8          * 您可以根据自由软件基金会发布的 GPL（GNU General Public License，即 GNU通用公共许可证）的条款
    9          * 即 GPL 的第3版（即 GPL3.0）或（您选择的）任何后来的版本，重新发布和/或修改它
   10          *
   11          * 本开源库的发布是希望它能发挥作用，但并未对其作任何的保证
   12          * 甚至没有隐含的适销性或适合特定用途的保证
   13          * 更多细节请参见 GPL
   14          *
   15          * 您应该在收到本开源库的同时收到一份 GPL 的副本
   16          * 如果没有，请参阅<https://www.gnu.org/licenses/>
   17          *
   18          * 额外注明：
   19          * 本开源库使用 GPL3.0 开源许可证协议 以上许可申明为译文版本
   20          * 许可申明英文版在 libraries/doc 文件夹下的 GPL3_permission_statement.txt 文件中
   21          * 许可证副本在 libraries 文件夹下 即该文件夹下的 LICENSE 文件
   22          * 欢迎各位使用并传播本程序 但修改内容时必须保留逐飞科技的版权声明（即本声明）
   23          *
   24          * 文件名称          
   25          * 公司名称          成都逐飞科技有限公司
   26          * 版本信息          查看 libraries/doc 文件夹内 version 文件 版本说明
   27          * 开发环境          MDK FOR C251
   28          * 适用平台          STC32G
   29          * 店铺链接          https://seekfree.taobao.com/
   30          *
   31          * 修改记录
   32          * 日期              作者           备注
   33          * 2024-08-01        大W            first version
   34          *********************************************************************************************************
             -***********/
   35          
   36          #include "zf_device_config.h"
   37          
   38          //-------------------------------------------------------------------------------------------------------
             -------------
   39          // 数组简介     IMU660RA 配置数组
   40          //-------------------------------------------------------------------------------------------------------
             -------------
   41          const unsigned char code imu660ra_config_file[8192] =
   42          {
   43              0xc8, 0x2e, 0x00, 0x2e, 0x80, 0x2e, 0x3d, 0xb1, 0xc8, 0x2e, 0x00, 0x2e, 0x80, 0x2e, 0x91, 0x03, 0x80,
             - 0x2e, 0xbc,
   44              0xb0, 0x80, 0x2e, 0xa3, 0x03, 0xc8, 0x2e, 0x00, 0x2e, 0x80, 0x2e, 0x00, 0xb0, 0x50, 0x30, 0x21, 0x2e,
             - 0x59, 0xf5,
   45              0x10, 0x30, 0x21, 0x2e, 0x6a, 0xf5, 0x80, 0x2e, 0x3b, 0x03, 0x00, 0x00, 0x00, 0x00, 0x08, 0x19, 0x01,
             - 0x00, 0x22,
   46              0x00, 0x75, 0x00, 0x00, 0x10, 0x00, 0x10, 0xd1, 0x00, 0xb3, 0x43, 0x80, 0x2e, 0x00, 0xc1, 0x80, 0x2e,
             - 0x00, 0xc1,
   47              0x80, 0x2e, 0x00, 0xc1, 0x80, 0x2e, 0x00, 0xc1, 0x80, 0x2e, 0x00, 0xc1, 0x80, 0x2e, 0x00, 0xc1, 0x80,
             - 0x2e, 0x00,
C251 COMPILER V5.60.0,  zf_device_config                                                   08/01/26  02:12:47  PAGE 2   

   48              0xc1, 0x80, 0x2e, 0x00, 0xc1, 0x80, 0x2e, 0x00, 0xc1, 0x80, 0x2e, 0x00, 0xc1, 0x80, 0x2e, 0x00, 0xc1,
             - 0x80, 0x2e,
   49              0x00, 0xc1, 0x80, 0x2e, 0x00, 0xc1, 0x80, 0x2e, 0x00, 0xc1, 0x80, 0x2e, 0x00, 0xc1, 0x80, 0x2e, 0x00,
             - 0xc1, 0x80,
   50              0x2e, 0x00, 0xc1, 0x80, 0x2e, 0x00, 0xc1, 0x80, 0x2e, 0x00, 0xc1, 0x80, 0x2e, 0x00, 0xc1, 0x80, 0x2e,
             - 0x00, 0xc1,
   51              0x80, 0x2e, 0x00, 0xc1, 0x80, 0x2e, 0x00, 0xc1, 0x80, 0x2e, 0x00, 0xc1, 0x80, 0x2e, 0x00, 0xc1, 0x80,
             - 0x2e, 0x00,
   52              0xc1, 0x80, 0x2e, 0x00, 0xc1, 0x80, 0x2e, 0x00, 0xc1, 0x80, 0x2e, 0x00, 0xc1, 0x80, 0x2e, 0x00, 0xc1,
             - 0x80, 0x2e,
   53              0x00, 0xc1, 0x80, 0x2e, 0x00, 0xc1, 0x80, 0x2e, 0x00, 0xc1, 0x80, 0x2e, 0x00, 0xc1, 0x80, 0x2e, 0x00,
             - 0xc1, 0x80,
   54              0x2e, 0x00, 0xc1, 0x80, 0x2e, 0x00, 0xc1, 0x80, 0x2e, 0x00, 0xc1, 0x80, 0x2e, 0x00, 0xc1, 0x80, 0x2e,
             - 0x00, 0xc1,
   55              0x80, 0x2e, 0x00, 0xc1, 0x80, 0x2e, 0x00, 0xc1, 0xe0, 0x5f, 0x00, 0x00, 0x00, 0x00, 0x01, 0x00, 0x00,
             - 0x00, 0x00,
   56              0x00, 0x00, 0x00, 0x00, 0x00, 0x00, 0x00, 0x92, 0x00, 0x00, 0x00, 0x00, 0x00, 0x00, 0x00, 0x00, 0x00,
             - 0x00, 0x00,
   57              0x00, 0x00, 0x00, 0x00, 0x00, 0x00, 0x08, 0x19, 0x00, 0x00, 0x88, 0x00, 0x00, 0x00, 0x00, 0x00, 0x00,
             - 0x00, 0x05,
   58              0xe0, 0xaa, 0x38, 0x05, 0xe0, 0x90, 0x30, 0xfa, 0x00, 0x96, 0x00, 0x4b, 0x09, 0x11, 0x00, 0x11, 0x00,
             - 0x02, 0x00,
   59              0x2d, 0x01, 0xd4, 0x7b, 0x3b, 0x01, 0xdb, 0x7a, 0x04, 0x00, 0x3f, 0x7b, 0xcd, 0x6c, 0xc3, 0x04, 0x85,
             - 0x09, 0xc3,
   60              0x04, 0xec, 0xe6, 0x0c, 0x46, 0x01, 0x00, 0x27, 0x00, 0x19, 0x00, 0x96, 0x00, 0xa0, 0x00, 0x01, 0x00,
             - 0x0c, 0x00,
   61              0xf0, 0x3c, 0x00, 0x01, 0x01, 0x00, 0x03, 0x00, 0x01, 0x00, 0x0e, 0x00, 0x00, 0x00, 0x32, 0x00, 0x05,
             - 0x00, 0xee,
   62              0x06, 0x04, 0x00, 0xc8, 0x00, 0x00, 0x00, 0x04, 0x00, 0xa8, 0x05, 0xee, 0x06, 0x00, 0x04, 0xbc, 0x02,
             - 0xb3, 0x00,
   63              0x85, 0x07, 0x00, 0x00, 0x00, 0x00, 0x00, 0x00, 0x00, 0x00, 0x00, 0x00, 0x00, 0x00, 0x00, 0x00, 0x00,
             - 0x00, 0x00,
   64              0x00, 0x00, 0x00, 0xb4, 0x00, 0x01, 0x00, 0xb9, 0x00, 0x01, 0x00, 0x98, 0x00, 0x00, 0x00, 0x00, 0x00,
             - 0x00, 0x00,
   65              0x00, 0x00, 0x01, 0x00, 0x80, 0x00, 0x04, 0x00, 0x00, 0x00, 0x00, 0x00, 0x00, 0x00, 0x00, 0x00, 0x00,
             - 0x00, 0x00,
   66              0x00, 0x00, 0x00, 0x00, 0x00, 0x00, 0x00, 0x00, 0x00, 0x00, 0x00, 0x00, 0x00, 0x00, 0x00, 0x00, 0x00,
             - 0x00, 0x00,
   67              0x00, 0x00, 0x00, 0x00, 0x00, 0x00, 0x00, 0x00, 0x00, 0x00, 0x00, 0x00, 0x00, 0x00, 0x00, 0x00, 0x00,
             - 0x00, 0x00,
   68              0x00, 0x00, 0x00, 0x00, 0x00, 0x00, 0x00, 0x00, 0x00, 0x00, 0x00, 0x00, 0x00, 0x00, 0x00, 0x00, 0x00,
             - 0x00, 0x00,
   69              0x00, 0x00, 0x00, 0x00, 0x00, 0x00, 0x00, 0x00, 0x00, 0x00, 0x00, 0x00, 0x80, 0x2e, 0x00, 0xc1, 0xfd,
             - 0x2d, 0xde,
   70              0x00, 0xeb, 0x00, 0xda, 0x00, 0x00, 0x0c, 0xff, 0x0f, 0x00, 0x04, 0xc0, 0x00, 0x5b, 0xf5, 0xc9, 0x01,
             - 0x1e, 0xf2,
   71              0x80, 0x00, 0x3f, 0xff, 0x19, 0xf4, 0x58, 0xf5, 0x66, 0xf5, 0x64, 0xf5, 0xc0, 0xf1, 0xf0, 0x00, 0xe0,
             - 0x00, 0xcd,
   72              0x01, 0xd3, 0x01, 0xdb, 0x01, 0xff, 0x7f, 0xff, 0x01, 0xe4, 0x00, 0x74, 0xf7, 0xf3, 0x00, 0xfa, 0x00,
             - 0xff, 0x3f,
   73              0xca, 0x03, 0x6c, 0x38, 0x56, 0xfe, 0x44, 0xfd, 0xbc, 0x02, 0xf9, 0x06, 0x00, 0xfc, 0x12, 0x02, 0xae,
             - 0x01, 0x58,
   74              0xfa, 0x9a, 0xfd, 0x77, 0x05, 0xbb, 0x02, 0x96, 0x01, 0x95, 0x01, 0x7f, 0x01, 0x82, 0x01, 0x89, 0x01,
             - 0x87, 0x01,
   75              0x88, 0x01, 0x8a, 0x01, 0x8c, 0x01, 0x8f, 0x01, 0x8d, 0x01, 0x92, 0x01, 0x91, 0x01, 0xdd, 0x00, 0x9f,
             - 0x01, 0x7e,
   76              0x01, 0xdb, 0x00, 0xb6, 0x01, 0x70, 0x69, 0x26, 0xd3, 0x9c, 0x07, 0x1f, 0x05, 0x9d, 0x00, 0x00, 0x08,
             - 0xbc, 0x05,
   77              0x37, 0xfa, 0xa2, 0x01, 0xaa, 0x01, 0xa1, 0x01, 0xa8, 0x01, 0xa0, 0x01, 0xa8, 0x05, 0xb4, 0x01, 0xb4,
             - 0x01, 0xce,
   78              0x00, 0xd0, 0x00, 0xfc, 0x00, 0xc5, 0x01, 0xff, 0xfb, 0xb1, 0x00, 0x00, 0x38, 0x00, 0x30, 0xfd, 0xf5,
             - 0xfc, 0xf5,
   79              0xcd, 0x01, 0xa0, 0x00, 0x5f, 0xff, 0x00, 0x40, 0xff, 0x00, 0x00, 0x80, 0x6d, 0x0f, 0xeb, 0x00, 0x7f,
             - 0xff, 0xc2,
   80              0xf5, 0x68, 0xf7, 0xb3, 0xf1, 0x67, 0x0f, 0x5b, 0x0f, 0x61, 0x0f, 0x80, 0x0f, 0x58, 0xf7, 0x5b, 0xf7,
             - 0x83, 0x0f,
C251 COMPILER V5.60.0,  zf_device_config                                                   08/01/26  02:12:47  PAGE 3   

   81              0x86, 0x00, 0x72, 0x0f, 0x85, 0x0f, 0xc6, 0xf1, 0x7f, 0x0f, 0x6c, 0xf7, 0x00, 0xe0, 0x00, 0xff, 0xd1,
             - 0xf5, 0x87,
   82              0x0f, 0x8a, 0x0f, 0xff, 0x03, 0xf0, 0x3f, 0x8b, 0x00, 0x8e, 0x00, 0x90, 0x00, 0xb9, 0x00, 0x2d, 0xf5,
             - 0xca, 0xf5,
   83              0xcb, 0x01, 0x20, 0xf2, 0x00, 0x00, 0x00, 0x00, 0x00, 0x00, 0x00, 0x00, 0x00, 0x00, 0x00, 0x00, 0x00,
             - 0x00, 0x00,
   84              0x00, 0x00, 0x00, 0x00, 0x00, 0x00, 0x00, 0x00, 0x00, 0x00, 0x00, 0x00, 0x00, 0x00, 0x00, 0x00, 0x00,
             - 0x00, 0x00,
   85              0x00, 0x00, 0x00, 0x00, 0x00, 0x00, 0x00, 0x00, 0x00, 0x00, 0x00, 0x00, 0x00, 0x00, 0x00, 0x00, 0x00,
             - 0x00, 0x00,
   86              0x00, 0x00, 0x00, 0x00, 0x00, 0x00, 0x00, 0x00, 0x00, 0x00, 0x00, 0x00, 0x00, 0x00, 0x00, 0x00, 0x00,
             - 0x00, 0x00,
   87              0x00, 0x00, 0x00, 0x00, 0x00, 0x00, 0x00, 0x00, 0x00, 0x00, 0x00, 0x00, 0x00, 0x00, 0x00, 0x00, 0x00,
             - 0x00, 0x00,
   88              0x00, 0x00, 0x00, 0x00, 0x00, 0x00, 0x00, 0x00, 0x00, 0x00, 0x00, 0x00, 0x00, 0x00, 0x00, 0x00, 0x00,
             - 0x00, 0x00,
   89              0x00, 0x00, 0x00, 0x00, 0x00, 0x00, 0x00, 0x00, 0x00, 0x00, 0x00, 0x00, 0x00, 0x00, 0x00, 0x00, 0x00,
             - 0x00, 0x00,
   90              0x00, 0x00, 0x00, 0x00, 0x00, 0x00, 0x00, 0x00, 0x00, 0x00, 0x00, 0x00, 0x00, 0x00, 0x00, 0x00, 0x00,
             - 0x00, 0x00,
   91              0x00, 0x00, 0x00, 0x00, 0x00, 0x00, 0x00, 0x00, 0x00, 0x00, 0x00, 0x00, 0x00, 0x00, 0x00, 0x00, 0x00,
             - 0x00, 0x00,
   92              0x00, 0x00, 0x00, 0x00, 0x00, 0x00, 0x00, 0x00, 0x00, 0x00, 0x00, 0x00, 0x00, 0x00, 0x00, 0x00, 0x00,
             - 0x00, 0x00,
   93              0x00, 0x00, 0x00, 0x00, 0x00, 0x00, 0x00, 0x00, 0x00, 0x00, 0x00, 0x00, 0x00, 0x00, 0x00, 0x00, 0x00,
             - 0x00, 0x00,
   94              0x00, 0x00, 0x00, 0x00, 0x00, 0x00, 0x00, 0x00, 0x00, 0x00, 0x00, 0x00, 0x00, 0x00, 0x00, 0x30, 0x50,
             - 0x98, 0x2e,
   95              0xd7, 0x0e, 0x50, 0x32, 0x98, 0x2e, 0xfa, 0x03, 0x00, 0x30, 0xf0, 0x7f, 0x00, 0x2e, 0x00, 0x2e, 0xd0,
             - 0x2e, 0x00,
   96              0x2e, 0x01, 0x80, 0x08, 0xa2, 0xfb, 0x2f, 0x98, 0x2e, 0xba, 0x03, 0x21, 0x2e, 0x19, 0x00, 0x01, 0x2e,
             - 0xee, 0x00,
   97              0x00, 0xb2, 0x07, 0x2f, 0x01, 0x2e, 0x19, 0x00, 0x00, 0xb2, 0x03, 0x2f, 0x01, 0x50, 0x03, 0x52, 0x98,
             - 0x2e, 0x07,
   98              0xcc, 0x01, 0x2e, 0xdd, 0x00, 0x00, 0xb2, 0x27, 0x2f, 0x05, 0x2e, 0x8a, 0x00, 0x05, 0x52, 0x98, 0x2e,
             - 0xc7, 0xc1,
   99              0x03, 0x2e, 0xe9, 0x00, 0x40, 0xb2, 0xf0, 0x7f, 0x08, 0x2f, 0x01, 0x2e, 0x19, 0x00, 0x00, 0xb2, 0x04,
             - 0x2f, 0x00,
  100              0x30, 0x21, 0x2e, 0xe9, 0x00, 0x98, 0x2e, 0xb4, 0xb1, 0x01, 0x2e, 0x18, 0x00, 0x00, 0xb2, 0x10, 0x2f,
             - 0x05, 0x50,
  101              0x98, 0x2e, 0x4d, 0xc3, 0x05, 0x50, 0x98, 0x2e, 0x5a, 0xc7, 0x98, 0x2e, 0xf9, 0xb4, 0x98, 0x2e, 0x54,
             - 0xb2, 0x98,
  102              0x2e, 0x67, 0xb6, 0x98, 0x2e, 0x17, 0xb2, 0x10, 0x30, 0x21, 0x2e, 0x77, 0x00, 0x01, 0x2e, 0xef, 0x00,
             - 0x00, 0xb2,
  103              0x04, 0x2f, 0x98, 0x2e, 0x7a, 0xb7, 0x00, 0x30, 0x21, 0x2e, 0xef, 0x00, 0x01, 0x2e, 0xd4, 0x00, 0x04,
             - 0xae, 0x0b,
  104              0x2f, 0x01, 0x2e, 0xdd, 0x00, 0x00, 0xb2, 0x07, 0x2f, 0x05, 0x52, 0x98, 0x2e, 0x8e, 0x0e, 0x00, 0xb2,
             - 0x02, 0x2f,
  105              0x10, 0x30, 0x21, 0x2e, 0x7d, 0x00, 0x01, 0x2e, 0x7d, 0x00, 0x00, 0x90, 0x90, 0x2e, 0xf1, 0x02, 0x01,
             - 0x2e, 0xd7,
  106              0x00, 0x00, 0xb2, 0x04, 0x2f, 0x98, 0x2e, 0x2f, 0x0e, 0x00, 0x30, 0x21, 0x2e, 0x7b, 0x00, 0x01, 0x2e,
             - 0x7b, 0x00,
  107              0x00, 0xb2, 0x12, 0x2f, 0x01, 0x2e, 0xd4, 0x00, 0x00, 0x90, 0x02, 0x2f, 0x98, 0x2e, 0x1f, 0x0e, 0x09,
             - 0x2d, 0x98,
  108              0x2e, 0x81, 0x0d, 0x01, 0x2e, 0xd4, 0x00, 0x04, 0x90, 0x02, 0x2f, 0x50, 0x32, 0x98, 0x2e, 0xfa, 0x03,
             - 0x00, 0x30,
  109              0x21, 0x2e, 0x7b, 0x00, 0x01, 0x2e, 0x7c, 0x00, 0x00, 0xb2, 0x90, 0x2e, 0x09, 0x03, 0x01, 0x2e, 0x7c,
             - 0x00, 0x01,
  110              0x31, 0x01, 0x08, 0x00, 0xb2, 0x04, 0x2f, 0x98, 0x2e, 0x47, 0xcb, 0x10, 0x30, 0x21, 0x2e, 0x77, 0x00,
             - 0x81, 0x30,
  111              0x01, 0x2e, 0x7c, 0x00, 0x01, 0x08, 0x00, 0xb2, 0x61, 0x2f, 0x03, 0x2e, 0x89, 0x00, 0x01, 0x2e, 0xd4,
             - 0x00, 0x98,
  112              0xbc, 0x98, 0xb8, 0x05, 0xb2, 0x0f, 0x58, 0x23, 0x2f, 0x07, 0x90, 0x09, 0x54, 0x00, 0x30, 0x37, 0x2f,
             - 0x15, 0x41,
  113              0x04, 0x41, 0xdc, 0xbe, 0x44, 0xbe, 0xdc, 0xba, 0x2c, 0x01, 0x61, 0x00, 0x0f, 0x56, 0x4a, 0x0f, 0x0c,
             - 0x2f, 0xd1,
C251 COMPILER V5.60.0,  zf_device_config                                                   08/01/26  02:12:47  PAGE 4   

  114              0x42, 0x94, 0xb8, 0xc1, 0x42, 0x11, 0x30, 0x05, 0x2e, 0x6a, 0xf7, 0x2c, 0xbd, 0x2f, 0xb9, 0x80, 0xb2,
             - 0x08, 0x22,
  115              0x98, 0x2e, 0xc3, 0xb7, 0x21, 0x2d, 0x61, 0x30, 0x23, 0x2e, 0xd4, 0x00, 0x98, 0x2e, 0xc3, 0xb7, 0x00,
             - 0x30, 0x21,
  116              0x2e, 0x5a, 0xf5, 0x18, 0x2d, 0xe1, 0x7f, 0x50, 0x30, 0x98, 0x2e, 0xfa, 0x03, 0x0f, 0x52, 0x07, 0x50,
             - 0x50, 0x42,
  117              0x70, 0x30, 0x0d, 0x54, 0x42, 0x42, 0x7e, 0x82, 0xe2, 0x6f, 0x80, 0xb2, 0x42, 0x42, 0x05, 0x2f, 0x21,
             - 0x2e, 0xd4,
  118              0x00, 0x10, 0x30, 0x98, 0x2e, 0xc3, 0xb7, 0x03, 0x2d, 0x60, 0x30, 0x21, 0x2e, 0xd4, 0x00, 0x01, 0x2e,
             - 0xd4, 0x00,
  119              0x06, 0x90, 0x18, 0x2f, 0x01, 0x2e, 0x76, 0x00, 0x0b, 0x54, 0x07, 0x52, 0xe0, 0x7f, 0x98, 0x2e, 0x7a,
             - 0xc1, 0xe1,
  120              0x6f, 0x08, 0x1a, 0x40, 0x30, 0x08, 0x2f, 0x21, 0x2e, 0xd4, 0x00, 0x20, 0x30, 0x98, 0x2e, 0xaf, 0xb7,
             - 0x50, 0x32,
  121              0x98, 0x2e, 0xfa, 0x03, 0x05, 0x2d, 0x98, 0x2e, 0x38, 0x0e, 0x00, 0x30, 0x21, 0x2e, 0xd4, 0x00, 0x00,
             - 0x30, 0x21,
  122              0x2e, 0x7c, 0x00, 0x18, 0x2d, 0x01, 0x2e, 0xd4, 0x00, 0x03, 0xaa, 0x01, 0x2f, 0x98, 0x2e, 0x45, 0x0e,
             - 0x01, 0x2e,
  123              0xd4, 0x00, 0x3f, 0x80, 0x03, 0xa2, 0x01, 0x2f, 0x00, 0x2e, 0x02, 0x2d, 0x98, 0x2e, 0x5b, 0x0e, 0x30,
             - 0x30, 0x98,
  124              0x2e, 0xce, 0xb7, 0x00, 0x30, 0x21, 0x2e, 0x7d, 0x00, 0x50, 0x32, 0x98, 0x2e, 0xfa, 0x03, 0x01, 0x2e,
             - 0x77, 0x00,
  125              0x00, 0xb2, 0x24, 0x2f, 0x98, 0x2e, 0xf5, 0xcb, 0x03, 0x2e, 0xd5, 0x00, 0x11, 0x54, 0x01, 0x0a, 0xbc,
             - 0x84, 0x83,
  126              0x86, 0x21, 0x2e, 0xc9, 0x01, 0xe0, 0x40, 0x13, 0x52, 0xc4, 0x40, 0x82, 0x40, 0xa8, 0xb9, 0x52, 0x42,
             - 0x43, 0xbe,
  127              0x53, 0x42, 0x04, 0x0a, 0x50, 0x42, 0xe1, 0x7f, 0xf0, 0x31, 0x41, 0x40, 0xf2, 0x6f, 0x25, 0xbd, 0x08,
             - 0x08, 0x02,
  128              0x0a, 0xd0, 0x7f, 0x98, 0x2e, 0xa8, 0xcf, 0x06, 0xbc, 0xd1, 0x6f, 0xe2, 0x6f, 0x08, 0x0a, 0x80, 0x42,
             - 0x98, 0x2e,
  129              0x58, 0xb7, 0x00, 0x30, 0x21, 0x2e, 0xee, 0x00, 0x21, 0x2e, 0x77, 0x00, 0x21, 0x2e, 0xdd, 0x00, 0x80,
             - 0x2e, 0xf4,
  130              0x01, 0x1a, 0x24, 0x22, 0x00, 0x80, 0x2e, 0xec, 0x01, 0x10, 0x50, 0xfb, 0x7f, 0x98, 0x2e, 0xf3, 0x03,
             - 0x57, 0x50,
  131              0xfb, 0x6f, 0x01, 0x30, 0x71, 0x54, 0x11, 0x42, 0x42, 0x0e, 0xfc, 0x2f, 0xc0, 0x2e, 0x01, 0x42, 0xf0,
             - 0x5f, 0x80,
  132              0x2e, 0x00, 0xc1, 0xfd, 0x2d, 0x01, 0x00, 0x00, 0x00, 0x00, 0x00, 0x00, 0x00, 0x00, 0x00, 0x00, 0x00,
             - 0x9a, 0x01,
  133              0x34, 0x03, 0x00, 0x00, 0x00, 0x00, 0x00, 0x00, 0x00, 0x00, 0x00, 0x00, 0x00, 0x00, 0x00, 0x00, 0x00,
             - 0x00, 0x00,
  134              0x00, 0x00, 0x00, 0x00, 0x00, 0x00, 0x00, 0x00, 0x00, 0x00, 0x00, 0x00, 0x00, 0x00, 0x00, 0x00, 0x00,
             - 0x00, 0x00,
  135              0x00, 0x00, 0x00, 0x00, 0x00, 0x00, 0x00, 0x00, 0x00, 0x00, 0x00, 0x00, 0x00, 0x00, 0x00, 0x00, 0x00,
             - 0x00, 0x00,
  136              0x00, 0x00, 0x00, 0x00, 0x00, 0x00, 0x00, 0x00, 0x00, 0x00, 0x00, 0x00, 0x00, 0x00, 0x00, 0x00, 0x00,
             - 0x00, 0x00,
  137              0x00, 0x00, 0x00, 0x00, 0x00, 0x00, 0x00, 0x00, 0x00, 0x00, 0x00, 0x00, 0x00, 0x00, 0x00, 0x00, 0x00,
             - 0x00, 0x00,
  138              0x00, 0x00, 0x00, 0x00, 0x00, 0x00, 0x00, 0x00, 0x00, 0x00, 0x00, 0x00, 0x00, 0x00, 0x00, 0x00, 0x00,
             - 0x00, 0x00,
  139              0x00, 0x00, 0x20, 0x50, 0xe7, 0x7f, 0xf6, 0x7f, 0x06, 0x32, 0x0f, 0x2e, 0x61, 0xf5, 0xfe, 0x09, 0xc0,
             - 0xb3, 0x04,
  140              0x2f, 0x17, 0x30, 0x2f, 0x2e, 0xef, 0x00, 0x2d, 0x2e, 0x61, 0xf5, 0xf6, 0x6f, 0xe7, 0x6f, 0xe0, 0x5f,
             - 0xc8, 0x2e,
  141              0x20, 0x50, 0xe7, 0x7f, 0xf6, 0x7f, 0x46, 0x30, 0x0f, 0x2e, 0xa4, 0xf1, 0xbe, 0x09, 0x80, 0xb3, 0x06,
             - 0x2f, 0x0d,
  142              0x2e, 0xd4, 0x00, 0x84, 0xaf, 0x02, 0x2f, 0x16, 0x30, 0x2d, 0x2e, 0x7b, 0x00, 0x86, 0x30, 0x2d, 0x2e,
             - 0x60, 0xf5,
  143              0xf6, 0x6f, 0xe7, 0x6f, 0xe0, 0x5f, 0xc8, 0x2e, 0x01, 0x2e, 0x77, 0xf7, 0x09, 0xbc, 0x0f, 0xb8, 0x00,
             - 0xb2, 0x10,
  144              0x50, 0xfb, 0x7f, 0x10, 0x30, 0x0b, 0x2f, 0x03, 0x2e, 0x8a, 0x00, 0x96, 0xbc, 0x9f, 0xb8, 0x40, 0xb2,
             - 0x05, 0x2f,
  145              0x03, 0x2e, 0x68, 0xf7, 0x9e, 0xbc, 0x9f, 0xb8, 0x40, 0xb2, 0x07, 0x2f, 0x03, 0x2e, 0x7e, 0x00, 0x41,
             - 0x90, 0x01,
  146              0x2f, 0x98, 0x2e, 0xdc, 0x03, 0x03, 0x2c, 0x00, 0x30, 0x21, 0x2e, 0x7e, 0x00, 0xfb, 0x6f, 0xf0, 0x5f,
             - 0xb8, 0x2e,
C251 COMPILER V5.60.0,  zf_device_config                                                   08/01/26  02:12:47  PAGE 5   

  147              0x20, 0x50, 0xe0, 0x7f, 0xfb, 0x7f, 0x00, 0x2e, 0x27, 0x50, 0x98, 0x2e, 0x3b, 0xc8, 0x29, 0x50, 0x98,
             - 0x2e, 0xa7,
  148              0xc8, 0x01, 0x50, 0x98, 0x2e, 0x55, 0xcc, 0xe1, 0x6f, 0x2b, 0x50, 0x98, 0x2e, 0xe0, 0xc9, 0xfb, 0x6f,
             - 0x00, 0x30,
  149              0xe0, 0x5f, 0x21, 0x2e, 0x7e, 0x00, 0xb8, 0x2e, 0x73, 0x50, 0x01, 0x30, 0x57, 0x54, 0x11, 0x42, 0x42,
             - 0x0e, 0xfc,
  150              0x2f, 0xb8, 0x2e, 0x21, 0x2e, 0x59, 0xf5, 0x10, 0x30, 0xc0, 0x2e, 0x21, 0x2e, 0x4a, 0xf1, 0x90, 0x50,
             - 0xf7, 0x7f,
  151              0xe6, 0x7f, 0xd5, 0x7f, 0xc4, 0x7f, 0xb3, 0x7f, 0xa1, 0x7f, 0x90, 0x7f, 0x82, 0x7f, 0x7b, 0x7f, 0x98,
             - 0x2e, 0x35,
  152              0xb7, 0x00, 0xb2, 0x90, 0x2e, 0x97, 0xb0, 0x03, 0x2e, 0x8f, 0x00, 0x07, 0x2e, 0x91, 0x00, 0x05, 0x2e,
             - 0xb1, 0x00,
  153              0x3f, 0xba, 0x9f, 0xb8, 0x01, 0x2e, 0xb1, 0x00, 0xa3, 0xbd, 0x4c, 0x0a, 0x05, 0x2e, 0xb1, 0x00, 0x04,
             - 0xbe, 0xbf,
  154              0xb9, 0xcb, 0x0a, 0x4f, 0xba, 0x22, 0xbd, 0x01, 0x2e, 0xb3, 0x00, 0xdc, 0x0a, 0x2f, 0xb9, 0x03, 0x2e,
             - 0xb8, 0x00,
  155              0x0a, 0xbe, 0x9a, 0x0a, 0xcf, 0xb9, 0x9b, 0xbc, 0x01, 0x2e, 0x97, 0x00, 0x9f, 0xb8, 0x93, 0x0a, 0x0f,
             - 0xbc, 0x91,
  156              0x0a, 0x0f, 0xb8, 0x90, 0x0a, 0x25, 0x2e, 0x18, 0x00, 0x05, 0x2e, 0xc1, 0xf5, 0x2e, 0xbd, 0x2e, 0xb9,
             - 0x01, 0x2e,
  157              0x19, 0x00, 0x31, 0x30, 0x8a, 0x04, 0x00, 0x90, 0x07, 0x2f, 0x01, 0x2e, 0xd4, 0x00, 0x04, 0xa2, 0x03,
             - 0x2f, 0x01,
  158              0x2e, 0x18, 0x00, 0x00, 0xb2, 0x0c, 0x2f, 0x19, 0x50, 0x05, 0x52, 0x98, 0x2e, 0x4d, 0xb7, 0x05, 0x2e,
             - 0x78, 0x00,
  159              0x80, 0x90, 0x10, 0x30, 0x01, 0x2f, 0x21, 0x2e, 0x78, 0x00, 0x25, 0x2e, 0xdd, 0x00, 0x98, 0x2e, 0x3e,
             - 0xb7, 0x00,
  160              0xb2, 0x02, 0x30, 0x01, 0x30, 0x04, 0x2f, 0x01, 0x2e, 0x19, 0x00, 0x00, 0xb2, 0x00, 0x2f, 0x21, 0x30,
             - 0x01, 0x2e,
  161              0xea, 0x00, 0x08, 0x1a, 0x0e, 0x2f, 0x23, 0x2e, 0xea, 0x00, 0x33, 0x30, 0x1b, 0x50, 0x0b, 0x09, 0x01,
             - 0x40, 0x17,
  162              0x56, 0x46, 0xbe, 0x4b, 0x08, 0x4c, 0x0a, 0x01, 0x42, 0x0a, 0x80, 0x15, 0x52, 0x01, 0x42, 0x00, 0x2e,
             - 0x01, 0x2e,
  163              0x18, 0x00, 0x00, 0xb2, 0x1f, 0x2f, 0x03, 0x2e, 0xc0, 0xf5, 0xf0, 0x30, 0x48, 0x08, 0x47, 0xaa, 0x74,
             - 0x30, 0x07,
  164              0x2e, 0x7a, 0x00, 0x61, 0x22, 0x4b, 0x1a, 0x05, 0x2f, 0x07, 0x2e, 0x66, 0xf5, 0xbf, 0xbd, 0xbf, 0xb9,
             - 0xc0, 0x90,
  165              0x0b, 0x2f, 0x1d, 0x56, 0x2b, 0x30, 0xd2, 0x42, 0xdb, 0x42, 0x01, 0x04, 0xc2, 0x42, 0x04, 0xbd, 0xfe,
             - 0x80, 0x81,
  166              0x84, 0x23, 0x2e, 0x7a, 0x00, 0x02, 0x42, 0x02, 0x32, 0x25, 0x2e, 0x62, 0xf5, 0x05, 0x2e, 0xd6, 0x00,
             - 0x81, 0x84,
  167              0x25, 0x2e, 0xd6, 0x00, 0x02, 0x31, 0x25, 0x2e, 0x60, 0xf5, 0x05, 0x2e, 0x8a, 0x00, 0x0b, 0x50, 0x90,
             - 0x08, 0x80,
  168              0xb2, 0x0b, 0x2f, 0x05, 0x2e, 0xca, 0xf5, 0xf0, 0x3e, 0x90, 0x08, 0x25, 0x2e, 0xca, 0xf5, 0x05, 0x2e,
             - 0x59, 0xf5,
  169              0xe0, 0x3f, 0x90, 0x08, 0x25, 0x2e, 0x59, 0xf5, 0x90, 0x6f, 0xa1, 0x6f, 0xb3, 0x6f, 0xc4, 0x6f, 0xd5,
             - 0x6f, 0xe6,
  170              0x6f, 0xf7, 0x6f, 0x7b, 0x6f, 0x82, 0x6f, 0x70, 0x5f, 0xc8, 0x2e, 0xc0, 0x50, 0x90, 0x7f, 0xe5, 0x7f,
             - 0xd4, 0x7f,
  171              0xc3, 0x7f, 0xb1, 0x7f, 0xa2, 0x7f, 0x87, 0x7f, 0xf6, 0x7f, 0x7b, 0x7f, 0x00, 0x2e, 0x01, 0x2e, 0x60,
             - 0xf5, 0x60,
  172              0x7f, 0x98, 0x2e, 0x35, 0xb7, 0x02, 0x30, 0x63, 0x6f, 0x15, 0x52, 0x50, 0x7f, 0x62, 0x7f, 0x5a, 0x2c,
             - 0x02, 0x32,
  173              0x1a, 0x09, 0x00, 0xb3, 0x14, 0x2f, 0x00, 0xb2, 0x03, 0x2f, 0x09, 0x2e, 0x18, 0x00, 0x00, 0x91, 0x0c,
             - 0x2f, 0x43,
  174              0x7f, 0x98, 0x2e, 0x97, 0xb7, 0x1f, 0x50, 0x02, 0x8a, 0x02, 0x32, 0x04, 0x30, 0x25, 0x2e, 0x64, 0xf5,
             - 0x15, 0x52,
  175              0x50, 0x6f, 0x43, 0x6f, 0x44, 0x43, 0x25, 0x2e, 0x60, 0xf5, 0xd9, 0x08, 0xc0, 0xb2, 0x36, 0x2f, 0x98,
             - 0x2e, 0x3e,
  176              0xb7, 0x00, 0xb2, 0x06, 0x2f, 0x01, 0x2e, 0x19, 0x00, 0x00, 0xb2, 0x02, 0x2f, 0x50, 0x6f, 0x00, 0x90,
             - 0x0a, 0x2f,
  177              0x01, 0x2e, 0x79, 0x00, 0x00, 0x90, 0x19, 0x2f, 0x10, 0x30, 0x21, 0x2e, 0x79, 0x00, 0x00, 0x30, 0x98,
             - 0x2e, 0xdc,
  178              0x03, 0x13, 0x2d, 0x01, 0x2e, 0xc3, 0xf5, 0x0c, 0xbc, 0x0f, 0xb8, 0x12, 0x30, 0x10, 0x04, 0x03, 0xb0,
             - 0x26, 0x25,
  179              0x21, 0x50, 0x03, 0x52, 0x98, 0x2e, 0x4d, 0xb7, 0x10, 0x30, 0x21, 0x2e, 0xee, 0x00, 0x02, 0x30, 0x60,
             - 0x7f, 0x25,
C251 COMPILER V5.60.0,  zf_device_config                                                   08/01/26  02:12:47  PAGE 6   

  180              0x2e, 0x79, 0x00, 0x60, 0x6f, 0x00, 0x90, 0x05, 0x2f, 0x00, 0x30, 0x21, 0x2e, 0xea, 0x00, 0x15, 0x50,
             - 0x21, 0x2e,
  181              0x64, 0xf5, 0x15, 0x52, 0x23, 0x2e, 0x60, 0xf5, 0x02, 0x32, 0x50, 0x6f, 0x00, 0x90, 0x02, 0x2f, 0x03,
             - 0x30, 0x27,
  182              0x2e, 0x78, 0x00, 0x07, 0x2e, 0x60, 0xf5, 0x1a, 0x09, 0x00, 0x91, 0xa3, 0x2f, 0x19, 0x09, 0x00, 0x91,
             - 0xa0, 0x2f,
  183              0x90, 0x6f, 0xa2, 0x6f, 0xb1, 0x6f, 0xc3, 0x6f, 0xd4, 0x6f, 0xe5, 0x6f, 0x7b, 0x6f, 0xf6, 0x6f, 0x87,
             - 0x6f, 0x40,
  184              0x5f, 0xc8, 0x2e, 0xc0, 0x50, 0xe7, 0x7f, 0xf6, 0x7f, 0x26, 0x30, 0x0f, 0x2e, 0x61, 0xf5, 0x2f, 0x2e,
             - 0x7c, 0x00,
  185              0x0f, 0x2e, 0x7c, 0x00, 0xbe, 0x09, 0xa2, 0x7f, 0x80, 0x7f, 0x80, 0xb3, 0xd5, 0x7f, 0xc4, 0x7f, 0xb3,
             - 0x7f, 0x91,
  186              0x7f, 0x7b, 0x7f, 0x0b, 0x2f, 0x23, 0x50, 0x1a, 0x25, 0x12, 0x40, 0x42, 0x7f, 0x74, 0x82, 0x12, 0x40,
             - 0x52, 0x7f,
  187              0x00, 0x2e, 0x00, 0x40, 0x60, 0x7f, 0x98, 0x2e, 0x6a, 0xd6, 0x81, 0x30, 0x01, 0x2e, 0x7c, 0x00, 0x01,
             - 0x08, 0x00,
  188              0xb2, 0x42, 0x2f, 0x03, 0x2e, 0x89, 0x00, 0x01, 0x2e, 0x89, 0x00, 0x97, 0xbc, 0x06, 0xbc, 0x9f, 0xb8,
             - 0x0f, 0xb8,
  189              0x00, 0x90, 0x23, 0x2e, 0xd8, 0x00, 0x10, 0x30, 0x01, 0x30, 0x2a, 0x2f, 0x03, 0x2e, 0xd4, 0x00, 0x44,
             - 0xb2, 0x05,
  190              0x2f, 0x47, 0xb2, 0x00, 0x30, 0x2d, 0x2f, 0x21, 0x2e, 0x7c, 0x00, 0x2b, 0x2d, 0x03, 0x2e, 0xfd, 0xf5,
             - 0x9e, 0xbc,
  191              0x9f, 0xb8, 0x40, 0x90, 0x14, 0x2f, 0x03, 0x2e, 0xfc, 0xf5, 0x99, 0xbc, 0x9f, 0xb8, 0x40, 0x90, 0x0e,
             - 0x2f, 0x03,
  192              0x2e, 0x49, 0xf1, 0x25, 0x54, 0x4a, 0x08, 0x40, 0x90, 0x08, 0x2f, 0x98, 0x2e, 0x35, 0xb7, 0x00, 0xb2,
             - 0x10, 0x30,
  193              0x03, 0x2f, 0x50, 0x30, 0x21, 0x2e, 0xd4, 0x00, 0x10, 0x2d, 0x98, 0x2e, 0xaf, 0xb7, 0x00, 0x30, 0x21,
             - 0x2e, 0x7c,
  194              0x00, 0x0a, 0x2d, 0x05, 0x2e, 0x69, 0xf7, 0x2d, 0xbd, 0x2f, 0xb9, 0x80, 0xb2, 0x01, 0x2f, 0x21, 0x2e,
             - 0x7d, 0x00,
  195              0x23, 0x2e, 0x7c, 0x00, 0xe0, 0x31, 0x21, 0x2e, 0x61, 0xf5, 0xf6, 0x6f, 0xe7, 0x6f, 0x80, 0x6f, 0xa2,
             - 0x6f, 0xb3,
  196              0x6f, 0xc4, 0x6f, 0xd5, 0x6f, 0x7b, 0x6f, 0x91, 0x6f, 0x40, 0x5f, 0xc8, 0x2e, 0x60, 0x51, 0x0a, 0x25,
             - 0x36, 0x88,
  197              0xf4, 0x7f, 0xeb, 0x7f, 0x00, 0x32, 0x31, 0x52, 0x32, 0x30, 0x13, 0x30, 0x98, 0x2e, 0x15, 0xcb, 0x0a,
             - 0x25, 0x33,
  198              0x84, 0xd2, 0x7f, 0x43, 0x30, 0x05, 0x50, 0x2d, 0x52, 0x98, 0x2e, 0x95, 0xc1, 0xd2, 0x6f, 0x27, 0x52,
             - 0x98, 0x2e,
  199              0xd7, 0xc7, 0x2a, 0x25, 0xb0, 0x86, 0xc0, 0x7f, 0xd3, 0x7f, 0xaf, 0x84, 0x29, 0x50, 0xf1, 0x6f, 0x98,
             - 0x2e, 0x4d,
  200              0xc8, 0x2a, 0x25, 0xae, 0x8a, 0xaa, 0x88, 0xf2, 0x6e, 0x2b, 0x50, 0xc1, 0x6f, 0xd3, 0x6f, 0xf4, 0x7f,
             - 0x98, 0x2e,
  201              0xb6, 0xc8, 0xe0, 0x6e, 0x00, 0xb2, 0x32, 0x2f, 0x33, 0x54, 0x83, 0x86, 0xf1, 0x6f, 0xc3, 0x7f, 0x04,
             - 0x30, 0x30,
  202              0x30, 0xf4, 0x7f, 0xd0, 0x7f, 0xb2, 0x7f, 0xe3, 0x30, 0xc5, 0x6f, 0x56, 0x40, 0x45, 0x41, 0x28, 0x08,
             - 0x03, 0x14,
  203              0x0e, 0xb4, 0x08, 0xbc, 0x82, 0x40, 0x10, 0x0a, 0x2f, 0x54, 0x26, 0x05, 0x91, 0x7f, 0x44, 0x28, 0xa3,
             - 0x7f, 0x98,
  204              0x2e, 0xd9, 0xc0, 0x08, 0xb9, 0x33, 0x30, 0x53, 0x09, 0xc1, 0x6f, 0xd3, 0x6f, 0xf4, 0x6f, 0x83, 0x17,
             - 0x47, 0x40,
  205              0x6c, 0x15, 0xb2, 0x6f, 0xbe, 0x09, 0x75, 0x0b, 0x90, 0x42, 0x45, 0x42, 0x51, 0x0e, 0x32, 0xbc, 0x02,
             - 0x89, 0xa1,
  206              0x6f, 0x7e, 0x86, 0xf4, 0x7f, 0xd0, 0x7f, 0xb2, 0x7f, 0x04, 0x30, 0x91, 0x6f, 0xd6, 0x2f, 0xeb, 0x6f,
             - 0xa0, 0x5e,
  207              0xb8, 0x2e, 0x03, 0x2e, 0x97, 0x00, 0x1b, 0xbc, 0x60, 0x50, 0x9f, 0xbc, 0x0c, 0xb8, 0xf0, 0x7f, 0x40,
             - 0xb2, 0xeb,
  208              0x7f, 0x2b, 0x2f, 0x03, 0x2e, 0x7f, 0x00, 0x41, 0x40, 0x01, 0x2e, 0xc8, 0x00, 0x01, 0x1a, 0x11, 0x2f,
             - 0x37, 0x58,
  209              0x23, 0x2e, 0xc8, 0x00, 0x10, 0x41, 0xa0, 0x7f, 0x38, 0x81, 0x01, 0x41, 0xd0, 0x7f, 0xb1, 0x7f, 0x98,
             - 0x2e, 0x64,
  210              0xcf, 0xd0, 0x6f, 0x07, 0x80, 0xa1, 0x6f, 0x11, 0x42, 0x00, 0x2e, 0xb1, 0x6f, 0x01, 0x42, 0x11, 0x30,
             - 0x01, 0x2e,
  211              0xfc, 0x00, 0x00, 0xa8, 0x03, 0x30, 0xcb, 0x22, 0x4a, 0x25, 0x01, 0x2e, 0x7f, 0x00, 0x3c, 0x89, 0x35,
             - 0x52, 0x05,
  212              0x54, 0x98, 0x2e, 0xc4, 0xce, 0xc1, 0x6f, 0xf0, 0x6f, 0x98, 0x2e, 0x95, 0xcf, 0x04, 0x2d, 0x01, 0x30,
             - 0xf0, 0x6f,
C251 COMPILER V5.60.0,  zf_device_config                                                   08/01/26  02:12:47  PAGE 7   

  213              0x98, 0x2e, 0x95, 0xcf, 0xeb, 0x6f, 0xa0, 0x5f, 0xb8, 0x2e, 0x03, 0x2e, 0xb3, 0x00, 0x02, 0x32, 0xf0,
             - 0x30, 0x03,
  214              0x31, 0x30, 0x50, 0x8a, 0x08, 0x08, 0x08, 0xcb, 0x08, 0xe0, 0x7f, 0x80, 0xb2, 0xf3, 0x7f, 0xdb, 0x7f,
             - 0x25, 0x2f,
  215              0x03, 0x2e, 0xca, 0x00, 0x41, 0x90, 0x04, 0x2f, 0x01, 0x30, 0x23, 0x2e, 0xca, 0x00, 0x98, 0x2e, 0x3f,
             - 0x03, 0xc0,
  216              0xb2, 0x05, 0x2f, 0x03, 0x2e, 0xda, 0x00, 0x00, 0x30, 0x41, 0x04, 0x23, 0x2e, 0xda, 0x00, 0x98, 0x2e,
             - 0x92, 0xb2,
  217              0x10, 0x25, 0xf0, 0x6f, 0x00, 0xb2, 0x05, 0x2f, 0x01, 0x2e, 0xda, 0x00, 0x02, 0x30, 0x10, 0x04, 0x21,
             - 0x2e, 0xda,
  218              0x00, 0x40, 0xb2, 0x01, 0x2f, 0x23, 0x2e, 0xc8, 0x01, 0xdb, 0x6f, 0xe0, 0x6f, 0xd0, 0x5f, 0x80, 0x2e,
             - 0x95, 0xcf,
  219              0x01, 0x30, 0xe0, 0x6f, 0x98, 0x2e, 0x95, 0xcf, 0x11, 0x30, 0x23, 0x2e, 0xca, 0x00, 0xdb, 0x6f, 0xd0,
             - 0x5f, 0xb8,
  220              0x2e, 0xd0, 0x50, 0x0a, 0x25, 0x33, 0x84, 0x55, 0x50, 0xd2, 0x7f, 0xe2, 0x7f, 0x03, 0x8c, 0xc0, 0x7f,
             - 0xbb, 0x7f,
  221              0x00, 0x30, 0x05, 0x5a, 0x39, 0x54, 0x51, 0x41, 0xa5, 0x7f, 0x96, 0x7f, 0x80, 0x7f, 0x98, 0x2e, 0xd9,
             - 0xc0, 0x05,
  222              0x30, 0xf5, 0x7f, 0x20, 0x25, 0x91, 0x6f, 0x3b, 0x58, 0x3d, 0x5c, 0x3b, 0x56, 0x98, 0x2e, 0x67, 0xcc,
             - 0xc1, 0x6f,
  223              0xd5, 0x6f, 0x52, 0x40, 0x50, 0x43, 0xc1, 0x7f, 0xd5, 0x7f, 0x10, 0x25, 0x98, 0x2e, 0xfe, 0xc9, 0x10,
             - 0x25, 0x98,
  224              0x2e, 0x74, 0xc0, 0x86, 0x6f, 0x30, 0x28, 0x92, 0x6f, 0x82, 0x8c, 0xa5, 0x6f, 0x6f, 0x52, 0x69, 0x0e,
             - 0x39, 0x54,
  225              0xdb, 0x2f, 0x19, 0xa0, 0x15, 0x30, 0x03, 0x2f, 0x00, 0x30, 0x21, 0x2e, 0x81, 0x01, 0x0a, 0x2d, 0x01,
             - 0x2e, 0x81,
  226              0x01, 0x05, 0x28, 0x42, 0x36, 0x21, 0x2e, 0x81, 0x01, 0x02, 0x0e, 0x01, 0x2f, 0x98, 0x2e, 0xf3, 0x03,
             - 0x57, 0x50,
  227              0x12, 0x30, 0x01, 0x40, 0x98, 0x2e, 0xfe, 0xc9, 0x51, 0x6f, 0x0b, 0x5c, 0x8e, 0x0e, 0x3b, 0x6f, 0x57,
             - 0x58, 0x02,
  228              0x30, 0x21, 0x2e, 0x95, 0x01, 0x45, 0x6f, 0x2a, 0x8d, 0xd2, 0x7f, 0xcb, 0x7f, 0x13, 0x2f, 0x02, 0x30,
             - 0x3f, 0x50,
  229              0xd2, 0x7f, 0xa8, 0x0e, 0x0e, 0x2f, 0xc0, 0x6f, 0x53, 0x54, 0x02, 0x00, 0x51, 0x54, 0x42, 0x0e, 0x10,
             - 0x30, 0x59,
  230              0x52, 0x02, 0x30, 0x01, 0x2f, 0x00, 0x2e, 0x03, 0x2d, 0x50, 0x42, 0x42, 0x42, 0x12, 0x30, 0xd2, 0x7f,
             - 0x80, 0xb2,
  231              0x03, 0x2f, 0x00, 0x30, 0x21, 0x2e, 0x80, 0x01, 0x12, 0x2d, 0x01, 0x2e, 0xc9, 0x00, 0x02, 0x80, 0x05,
             - 0x2e, 0x80,
  232              0x01, 0x11, 0x30, 0x91, 0x28, 0x00, 0x40, 0x25, 0x2e, 0x80, 0x01, 0x10, 0x0e, 0x05, 0x2f, 0x01, 0x2e,
             - 0x7f, 0x01,
  233              0x01, 0x90, 0x01, 0x2f, 0x98, 0x2e, 0xf3, 0x03, 0x00, 0x2e, 0xa0, 0x41, 0x01, 0x90, 0xa6, 0x7f, 0x90,
             - 0x2e, 0xe3,
  234              0xb4, 0x01, 0x2e, 0x95, 0x01, 0x00, 0xa8, 0x90, 0x2e, 0xe3, 0xb4, 0x5b, 0x54, 0x95, 0x80, 0x82, 0x40,
             - 0x80, 0xb2,
  235              0x02, 0x40, 0x2d, 0x8c, 0x3f, 0x52, 0x96, 0x7f, 0x90, 0x2e, 0xc2, 0xb3, 0x29, 0x0e, 0x76, 0x2f, 0x01,
             - 0x2e, 0xc9,
  236              0x00, 0x00, 0x40, 0x81, 0x28, 0x45, 0x52, 0xb3, 0x30, 0x98, 0x2e, 0x0f, 0xca, 0x5d, 0x54, 0x80, 0x7f,
             - 0x00, 0x2e,
  237              0xa1, 0x40, 0x72, 0x7f, 0x82, 0x80, 0x82, 0x40, 0x60, 0x7f, 0x98, 0x2e, 0xfe, 0xc9, 0x10, 0x25, 0x98,
             - 0x2e, 0x74,
  238              0xc0, 0x62, 0x6f, 0x05, 0x30, 0x87, 0x40, 0xc0, 0x91, 0x04, 0x30, 0x05, 0x2f, 0x05, 0x2e, 0x83, 0x01,
             - 0x80, 0xb2,
  239              0x14, 0x30, 0x00, 0x2f, 0x04, 0x30, 0x05, 0x2e, 0xc9, 0x00, 0x73, 0x6f, 0x81, 0x40, 0xe2, 0x40, 0x69,
             - 0x04, 0x11,
  240              0x0f, 0xe1, 0x40, 0x16, 0x30, 0xfe, 0x29, 0xcb, 0x40, 0x02, 0x2f, 0x83, 0x6f, 0x83, 0x0f, 0x22, 0x2f,
             - 0x47, 0x56,
  241              0x13, 0x0f, 0x12, 0x30, 0x77, 0x2f, 0x49, 0x54, 0x42, 0x0e, 0x12, 0x30, 0x73, 0x2f, 0x00, 0x91, 0x0a,
             - 0x2f, 0x01,
  242              0x2e, 0x8b, 0x01, 0x19, 0xa8, 0x02, 0x30, 0x6c, 0x2f, 0x63, 0x50, 0x00, 0x2e, 0x17, 0x42, 0x05, 0x42,
             - 0x68, 0x2c,
  243              0x12, 0x30, 0x0b, 0x25, 0x08, 0x0f, 0x50, 0x30, 0x02, 0x2f, 0x21, 0x2e, 0x83, 0x01, 0x03, 0x2d, 0x40,
             - 0x30, 0x21,
  244              0x2e, 0x83, 0x01, 0x2b, 0x2e, 0x85, 0x01, 0x5a, 0x2c, 0x12, 0x30, 0x00, 0x91, 0x2b, 0x25, 0x04, 0x2f,
             - 0x63, 0x50,
  245              0x02, 0x30, 0x17, 0x42, 0x17, 0x2c, 0x02, 0x42, 0x98, 0x2e, 0xfe, 0xc9, 0x10, 0x25, 0x98, 0x2e, 0x74,
             - 0xc0, 0x05,
C251 COMPILER V5.60.0,  zf_device_config                                                   08/01/26  02:12:47  PAGE 8   

  246              0x2e, 0xc9, 0x00, 0x81, 0x84, 0x5b, 0x30, 0x82, 0x40, 0x37, 0x2e, 0x83, 0x01, 0x02, 0x0e, 0x07, 0x2f,
             - 0x5f, 0x52,
  247              0x40, 0x30, 0x62, 0x40, 0x41, 0x40, 0x91, 0x0e, 0x01, 0x2f, 0x21, 0x2e, 0x83, 0x01, 0x05, 0x30, 0x2b,
             - 0x2e, 0x85,
  248              0x01, 0x12, 0x30, 0x36, 0x2c, 0x16, 0x30, 0x15, 0x25, 0x81, 0x7f, 0x98, 0x2e, 0xfe, 0xc9, 0x10, 0x25,
             - 0x98, 0x2e,
  249              0x74, 0xc0, 0x19, 0xa2, 0x16, 0x30, 0x15, 0x2f, 0x05, 0x2e, 0x97, 0x01, 0x80, 0x6f, 0x82, 0x0e, 0x05,
             - 0x2f, 0x01,
  250              0x2e, 0x86, 0x01, 0x06, 0x28, 0x21, 0x2e, 0x86, 0x01, 0x0b, 0x2d, 0x03, 0x2e, 0x87, 0x01, 0x5f, 0x54,
             - 0x4e, 0x28,
  251              0x91, 0x42, 0x00, 0x2e, 0x82, 0x40, 0x90, 0x0e, 0x01, 0x2f, 0x21, 0x2e, 0x88, 0x01, 0x02, 0x30, 0x13,
             - 0x2c, 0x05,
  252              0x30, 0xc0, 0x6f, 0x08, 0x1c, 0xa8, 0x0f, 0x16, 0x30, 0x05, 0x30, 0x5b, 0x50, 0x09, 0x2f, 0x02, 0x80,
             - 0x2d, 0x2e,
  253              0x82, 0x01, 0x05, 0x42, 0x05, 0x80, 0x00, 0x2e, 0x02, 0x42, 0x3e, 0x80, 0x00, 0x2e, 0x06, 0x42, 0x02,
             - 0x30, 0x90,
  254              0x6f, 0x3e, 0x88, 0x01, 0x40, 0x04, 0x41, 0x4c, 0x28, 0x01, 0x42, 0x07, 0x80, 0x10, 0x25, 0x24, 0x40,
             - 0x00, 0x40,
  255              0x00, 0xa8, 0xf5, 0x22, 0x23, 0x29, 0x44, 0x42, 0x7a, 0x82, 0x7e, 0x88, 0x43, 0x40, 0x04, 0x41, 0x00,
             - 0xab, 0xf5,
  256              0x23, 0xdf, 0x28, 0x43, 0x42, 0xd9, 0xa0, 0x14, 0x2f, 0x00, 0x90, 0x02, 0x2f, 0xd2, 0x6f, 0x81, 0xb2,
             - 0x05, 0x2f,
  257              0x63, 0x54, 0x06, 0x28, 0x90, 0x42, 0x85, 0x42, 0x09, 0x2c, 0x02, 0x30, 0x5b, 0x50, 0x03, 0x80, 0x29,
             - 0x2e, 0x7e,
  258              0x01, 0x2b, 0x2e, 0x82, 0x01, 0x05, 0x42, 0x12, 0x30, 0x2b, 0x2e, 0x83, 0x01, 0x45, 0x82, 0x00, 0x2e,
             - 0x40, 0x40,
  259              0x7a, 0x82, 0x02, 0xa0, 0x08, 0x2f, 0x63, 0x50, 0x3b, 0x30, 0x15, 0x42, 0x05, 0x42, 0x37, 0x80, 0x37,
             - 0x2e, 0x7e,
  260              0x01, 0x05, 0x42, 0x12, 0x30, 0x01, 0x2e, 0xc9, 0x00, 0x02, 0x8c, 0x40, 0x40, 0x84, 0x41, 0x7a, 0x8c,
             - 0x04, 0x0f,
  261              0x03, 0x2f, 0x01, 0x2e, 0x8b, 0x01, 0x19, 0xa4, 0x04, 0x2f, 0x2b, 0x2e, 0x82, 0x01, 0x98, 0x2e, 0xf3,
             - 0x03, 0x12,
  262              0x30, 0x81, 0x90, 0x61, 0x52, 0x08, 0x2f, 0x65, 0x42, 0x65, 0x42, 0x43, 0x80, 0x39, 0x84, 0x82, 0x88,
             - 0x05, 0x42,
  263              0x45, 0x42, 0x85, 0x42, 0x05, 0x43, 0x00, 0x2e, 0x80, 0x41, 0x00, 0x90, 0x90, 0x2e, 0xe1, 0xb4, 0x65,
             - 0x54, 0xc1,
  264              0x6f, 0x80, 0x40, 0x00, 0xb2, 0x43, 0x58, 0x69, 0x50, 0x44, 0x2f, 0x55, 0x5c, 0xb7, 0x87, 0x8c, 0x0f,
             - 0x0d, 0x2e,
  265              0x96, 0x01, 0xc4, 0x40, 0x36, 0x2f, 0x41, 0x56, 0x8b, 0x0e, 0x2a, 0x2f, 0x0b, 0x52, 0xa1, 0x0e, 0x0a,
             - 0x2f, 0x05,
  266              0x2e, 0x8f, 0x01, 0x14, 0x25, 0x98, 0x2e, 0xfe, 0xc9, 0x4b, 0x54, 0x02, 0x0f, 0x69, 0x50, 0x05, 0x30,
             - 0x65, 0x54,
  267              0x15, 0x2f, 0x03, 0x2e, 0x8e, 0x01, 0x4d, 0x5c, 0x8e, 0x0f, 0x3a, 0x2f, 0x05, 0x2e, 0x8f, 0x01, 0x98,
             - 0x2e, 0xfe,
  268              0xc9, 0x4f, 0x54, 0x82, 0x0f, 0x05, 0x30, 0x69, 0x50, 0x65, 0x54, 0x30, 0x2f, 0x6d, 0x52, 0x15, 0x30,
             - 0x42, 0x8c,
  269              0x45, 0x42, 0x04, 0x30, 0x2b, 0x2c, 0x84, 0x43, 0x6b, 0x52, 0x42, 0x8c, 0x00, 0x2e, 0x85, 0x43, 0x15,
             - 0x30, 0x24,
  270              0x2c, 0x45, 0x42, 0x8e, 0x0f, 0x20, 0x2f, 0x0d, 0x2e, 0x8e, 0x01, 0xb1, 0x0e, 0x1c, 0x2f, 0x23, 0x2e,
             - 0x8e, 0x01,
  271              0x1a, 0x2d, 0x0e, 0x0e, 0x17, 0x2f, 0xa1, 0x0f, 0x15, 0x2f, 0x23, 0x2e, 0x8d, 0x01, 0x13, 0x2d, 0x98,
             - 0x2e, 0x74,
  272              0xc0, 0x43, 0x54, 0xc2, 0x0e, 0x0a, 0x2f, 0x65, 0x50, 0x04, 0x80, 0x0b, 0x30, 0x06, 0x82, 0x0b, 0x42,
             - 0x79, 0x80,
  273              0x41, 0x40, 0x12, 0x30, 0x25, 0x2e, 0x8c, 0x01, 0x01, 0x42, 0x05, 0x30, 0x69, 0x50, 0x65, 0x54, 0x84,
             - 0x82, 0x43,
  274              0x84, 0xbe, 0x8c, 0x84, 0x40, 0x86, 0x41, 0x26, 0x29, 0x94, 0x42, 0xbe, 0x8e, 0xd5, 0x7f, 0x19, 0xa1,
             - 0x43, 0x40,
  275              0x0b, 0x2e, 0x8c, 0x01, 0x84, 0x40, 0xc7, 0x41, 0x5d, 0x29, 0x27, 0x29, 0x45, 0x42, 0x84, 0x42, 0xc2,
             - 0x7f, 0x01,
  276              0x2f, 0xc0, 0xb3, 0x1d, 0x2f, 0x05, 0x2e, 0x94, 0x01, 0x99, 0xa0, 0x01, 0x2f, 0x80, 0xb3, 0x13, 0x2f,
             - 0x80, 0xb3,
  277              0x18, 0x2f, 0xc0, 0xb3, 0x16, 0x2f, 0x12, 0x40, 0x01, 0x40, 0x92, 0x7f, 0x98, 0x2e, 0x74, 0xc0, 0x92,
             - 0x6f, 0x10,
  278              0x0f, 0x20, 0x30, 0x03, 0x2f, 0x10, 0x30, 0x21, 0x2e, 0x7e, 0x01, 0x0a, 0x2d, 0x21, 0x2e, 0x7e, 0x01,
             - 0x07, 0x2d,
C251 COMPILER V5.60.0,  zf_device_config                                                   08/01/26  02:12:47  PAGE 9   

  279              0x20, 0x30, 0x21, 0x2e, 0x7e, 0x01, 0x03, 0x2d, 0x10, 0x30, 0x21, 0x2e, 0x7e, 0x01, 0xc2, 0x6f, 0x01,
             - 0x2e, 0xc9,
  280              0x00, 0xbc, 0x84, 0x02, 0x80, 0x82, 0x40, 0x00, 0x40, 0x90, 0x0e, 0xd5, 0x6f, 0x02, 0x2f, 0x15, 0x30,
             - 0x98, 0x2e,
  281              0xf3, 0x03, 0x41, 0x91, 0x05, 0x30, 0x07, 0x2f, 0x67, 0x50, 0x3d, 0x80, 0x2b, 0x2e, 0x8f, 0x01, 0x05,
             - 0x42, 0x04,
  282              0x80, 0x00, 0x2e, 0x05, 0x42, 0x02, 0x2c, 0x00, 0x30, 0x00, 0x30, 0xa2, 0x6f, 0x98, 0x8a, 0x86, 0x40,
             - 0x80, 0xa7,
  283              0x05, 0x2f, 0x98, 0x2e, 0xf3, 0x03, 0xc0, 0x30, 0x21, 0x2e, 0x95, 0x01, 0x06, 0x25, 0x1a, 0x25, 0xe2,
             - 0x6f, 0x76,
  284              0x82, 0x96, 0x40, 0x56, 0x43, 0x51, 0x0e, 0xfb, 0x2f, 0xbb, 0x6f, 0x30, 0x5f, 0xb8, 0x2e, 0x01, 0x2e,
             - 0xb8, 0x00,
  285              0x01, 0x31, 0x41, 0x08, 0x40, 0xb2, 0x20, 0x50, 0xf2, 0x30, 0x02, 0x08, 0xfb, 0x7f, 0x01, 0x30, 0x10,
             - 0x2f, 0x05,
  286              0x2e, 0xcc, 0x00, 0x81, 0x90, 0xe0, 0x7f, 0x03, 0x2f, 0x23, 0x2e, 0xcc, 0x00, 0x98, 0x2e, 0x55, 0xb6,
             - 0x98, 0x2e,
  287              0x1d, 0xb5, 0x10, 0x25, 0xfb, 0x6f, 0xe0, 0x6f, 0xe0, 0x5f, 0x80, 0x2e, 0x95, 0xcf, 0x98, 0x2e, 0x95,
             - 0xcf, 0x10,
  288              0x30, 0x21, 0x2e, 0xcc, 0x00, 0xfb, 0x6f, 0xe0, 0x5f, 0xb8, 0x2e, 0x00, 0x51, 0x05, 0x58, 0xeb, 0x7f,
             - 0x2a, 0x25,
  289              0x89, 0x52, 0x6f, 0x5a, 0x89, 0x50, 0x13, 0x41, 0x06, 0x40, 0xb3, 0x01, 0x16, 0x42, 0xcb, 0x16, 0x06,
             - 0x40, 0xf3,
  290              0x02, 0x13, 0x42, 0x65, 0x0e, 0xf5, 0x2f, 0x05, 0x40, 0x14, 0x30, 0x2c, 0x29, 0x04, 0x42, 0x08, 0xa1,
             - 0x00, 0x30,
  291              0x90, 0x2e, 0x52, 0xb6, 0xb3, 0x88, 0xb0, 0x8a, 0xb6, 0x84, 0xa4, 0x7f, 0xc4, 0x7f, 0xb5, 0x7f, 0xd5,
             - 0x7f, 0x92,
  292              0x7f, 0x73, 0x30, 0x04, 0x30, 0x55, 0x40, 0x42, 0x40, 0x8a, 0x17, 0xf3, 0x08, 0x6b, 0x01, 0x90, 0x02,
             - 0x53, 0xb8,
  293              0x4b, 0x82, 0xad, 0xbe, 0x71, 0x7f, 0x45, 0x0a, 0x09, 0x54, 0x84, 0x7f, 0x98, 0x2e, 0xd9, 0xc0, 0xa3,
             - 0x6f, 0x7b,
  294              0x54, 0xd0, 0x42, 0xa3, 0x7f, 0xf2, 0x7f, 0x60, 0x7f, 0x20, 0x25, 0x71, 0x6f, 0x75, 0x5a, 0x77, 0x58,
             - 0x79, 0x5c,
  295              0x75, 0x56, 0x98, 0x2e, 0x67, 0xcc, 0xb1, 0x6f, 0x62, 0x6f, 0x50, 0x42, 0xb1, 0x7f, 0xb3, 0x30, 0x10,
             - 0x25, 0x98,
  296              0x2e, 0x0f, 0xca, 0x84, 0x6f, 0x20, 0x29, 0x71, 0x6f, 0x92, 0x6f, 0xa5, 0x6f, 0x76, 0x82, 0x6a, 0x0e,
             - 0x73, 0x30,
  297              0x00, 0x30, 0xd0, 0x2f, 0xd2, 0x6f, 0xd1, 0x7f, 0xb4, 0x7f, 0x98, 0x2e, 0x2b, 0xb7, 0x15, 0xbd, 0x0b,
             - 0xb8, 0x02,
  298              0x0a, 0xc2, 0x6f, 0xc0, 0x7f, 0x98, 0x2e, 0x2b, 0xb7, 0x15, 0xbd, 0x0b, 0xb8, 0x42, 0x0a, 0xc0, 0x6f,
             - 0x08, 0x17,
  299              0x41, 0x18, 0x89, 0x16, 0xe1, 0x18, 0xd0, 0x18, 0xa1, 0x7f, 0x27, 0x25, 0x16, 0x25, 0x98, 0x2e, 0x79,
             - 0xc0, 0x8b,
  300              0x54, 0x90, 0x7f, 0xb3, 0x30, 0x82, 0x40, 0x80, 0x90, 0x0d, 0x2f, 0x7d, 0x52, 0x92, 0x6f, 0x98, 0x2e,
             - 0x0f, 0xca,
  301              0xb2, 0x6f, 0x90, 0x0e, 0x06, 0x2f, 0x8b, 0x50, 0x14, 0x30, 0x42, 0x6f, 0x51, 0x6f, 0x14, 0x42, 0x12,
             - 0x42, 0x01,
  302              0x42, 0x00, 0x2e, 0x31, 0x6f, 0x98, 0x2e, 0x74, 0xc0, 0x41, 0x6f, 0x80, 0x7f, 0x98, 0x2e, 0x74, 0xc0,
             - 0x82, 0x6f,
  303              0x10, 0x04, 0x43, 0x52, 0x01, 0x0f, 0x05, 0x2e, 0xcb, 0x00, 0x00, 0x30, 0x04, 0x30, 0x21, 0x2f, 0x51,
             - 0x6f, 0x43,
  304              0x58, 0x8c, 0x0e, 0x04, 0x30, 0x1c, 0x2f, 0x85, 0x88, 0x41, 0x6f, 0x04, 0x41, 0x8c, 0x0f, 0x04, 0x30,
             - 0x16, 0x2f,
  305              0x84, 0x88, 0x00, 0x2e, 0x04, 0x41, 0x04, 0x05, 0x8c, 0x0e, 0x04, 0x30, 0x0f, 0x2f, 0x82, 0x88, 0x31,
             - 0x6f, 0x04,
  306              0x41, 0x04, 0x05, 0x8c, 0x0e, 0x04, 0x30, 0x08, 0x2f, 0x83, 0x88, 0x00, 0x2e, 0x04, 0x41, 0x8c, 0x0f,
             - 0x04, 0x30,
  307              0x02, 0x2f, 0x21, 0x2e, 0xad, 0x01, 0x14, 0x30, 0x00, 0x91, 0x14, 0x2f, 0x03, 0x2e, 0xa1, 0x01, 0x41,
             - 0x90, 0x0e,
  308              0x2f, 0x03, 0x2e, 0xad, 0x01, 0x14, 0x30, 0x4c, 0x28, 0x23, 0x2e, 0xad, 0x01, 0x46, 0xa0, 0x06, 0x2f,
             - 0x81, 0x84,
  309              0x8d, 0x52, 0x48, 0x82, 0x82, 0x40, 0x21, 0x2e, 0xa1, 0x01, 0x42, 0x42, 0x5c, 0x2c, 0x02, 0x30, 0x05,
             - 0x2e, 0xaa,
  310              0x01, 0x80, 0xb2, 0x02, 0x30, 0x55, 0x2f, 0x03, 0x2e, 0xa9, 0x01, 0x92, 0x6f, 0xb3, 0x30, 0x98, 0x2e,
             - 0x0f, 0xca,
  311              0xb2, 0x6f, 0x90, 0x0f, 0x00, 0x30, 0x02, 0x30, 0x4a, 0x2f, 0xa2, 0x6f, 0x87, 0x52, 0x91, 0x00, 0x85,
             - 0x52, 0x51,
C251 COMPILER V5.60.0,  zf_device_config                                                   08/01/26  02:12:47  PAGE 10  

  312              0x0e, 0x02, 0x2f, 0x00, 0x2e, 0x43, 0x2c, 0x02, 0x30, 0xc2, 0x6f, 0x7f, 0x52, 0x91, 0x0e, 0x02, 0x30,
             - 0x3c, 0x2f,
  313              0x51, 0x6f, 0x81, 0x54, 0x98, 0x2e, 0xfe, 0xc9, 0x10, 0x25, 0xb3, 0x30, 0x21, 0x25, 0x98, 0x2e, 0x0f,
             - 0xca, 0x32,
  314              0x6f, 0xc0, 0x7f, 0xb3, 0x30, 0x12, 0x25, 0x98, 0x2e, 0x0f, 0xca, 0x42, 0x6f, 0xb0, 0x7f, 0xb3, 0x30,
             - 0x12, 0x25,
  315              0x98, 0x2e, 0x0f, 0xca, 0xb2, 0x6f, 0x90, 0x28, 0x83, 0x52, 0x98, 0x2e, 0xfe, 0xc9, 0xc2, 0x6f, 0x90,
             - 0x0f, 0x00,
  316              0x30, 0x02, 0x30, 0x1d, 0x2f, 0x05, 0x2e, 0xa1, 0x01, 0x80, 0xb2, 0x12, 0x30, 0x0f, 0x2f, 0x42, 0x6f,
             - 0x03, 0x2e,
  317              0xab, 0x01, 0x91, 0x0e, 0x02, 0x30, 0x12, 0x2f, 0x52, 0x6f, 0x03, 0x2e, 0xac, 0x01, 0x91, 0x0f, 0x02,
             - 0x30, 0x0c,
  318              0x2f, 0x21, 0x2e, 0xaa, 0x01, 0x0a, 0x2c, 0x12, 0x30, 0x03, 0x2e, 0xcb, 0x00, 0x8d, 0x58, 0x08, 0x89,
             - 0x41, 0x40,
  319              0x11, 0x43, 0x00, 0x43, 0x25, 0x2e, 0xa1, 0x01, 0xd4, 0x6f, 0x8f, 0x52, 0x00, 0x43, 0x3a, 0x89, 0x00,
             - 0x2e, 0x10,
  320              0x43, 0x10, 0x43, 0x61, 0x0e, 0xfb, 0x2f, 0x03, 0x2e, 0xa0, 0x01, 0x11, 0x1a, 0x02, 0x2f, 0x02, 0x25,
             - 0x21, 0x2e,
  321              0xa0, 0x01, 0xeb, 0x6f, 0x00, 0x5f, 0xb8, 0x2e, 0x91, 0x52, 0x10, 0x30, 0x02, 0x30, 0x95, 0x56, 0x52,
             - 0x42, 0x4b,
  322              0x0e, 0xfc, 0x2f, 0x8d, 0x54, 0x88, 0x82, 0x93, 0x56, 0x80, 0x42, 0x53, 0x42, 0x40, 0x42, 0x42, 0x86,
             - 0x83, 0x54,
  323              0xc0, 0x2e, 0xc2, 0x42, 0x00, 0x2e, 0xa3, 0x52, 0x00, 0x51, 0x52, 0x40, 0x47, 0x40, 0x1a, 0x25, 0x01,
             - 0x2e, 0x97,
  324              0x00, 0x8f, 0xbe, 0x72, 0x86, 0xfb, 0x7f, 0x0b, 0x30, 0x7c, 0xbf, 0xa5, 0x50, 0x10, 0x08, 0xdf, 0xba,
             - 0x70, 0x88,
  325              0xf8, 0xbf, 0xcb, 0x42, 0xd3, 0x7f, 0x6c, 0xbb, 0xfc, 0xbb, 0xc5, 0x0a, 0x90, 0x7f, 0x1b, 0x7f, 0x0b,
             - 0x43, 0xc0,
  326              0xb2, 0xe5, 0x7f, 0xb7, 0x7f, 0xa6, 0x7f, 0xc4, 0x7f, 0x90, 0x2e, 0x1c, 0xb7, 0x07, 0x2e, 0xd2, 0x00,
             - 0xc0, 0xb2,
  327              0x0b, 0x2f, 0x97, 0x52, 0x01, 0x2e, 0xcd, 0x00, 0x82, 0x7f, 0x98, 0x2e, 0xbb, 0xcc, 0x0b, 0x30, 0x37,
             - 0x2e, 0xd2,
  328              0x00, 0x82, 0x6f, 0x90, 0x6f, 0x1a, 0x25, 0x00, 0xb2, 0x8b, 0x7f, 0x14, 0x2f, 0xa6, 0xbd, 0x25, 0xbd,
             - 0xb6, 0xb9,
  329              0x2f, 0xb9, 0x80, 0xb2, 0xd4, 0xb0, 0x0c, 0x2f, 0x99, 0x54, 0x9b, 0x56, 0x0b, 0x30, 0x0b, 0x2e, 0xb1,
             - 0x00, 0xa1,
  330              0x58, 0x9b, 0x42, 0xdb, 0x42, 0x6c, 0x09, 0x2b, 0x2e, 0xb1, 0x00, 0x8b, 0x42, 0xcb, 0x42, 0x86, 0x7f,
             - 0x73, 0x84,
  331              0xa7, 0x56, 0xc3, 0x08, 0x39, 0x52, 0x05, 0x50, 0x72, 0x7f, 0x63, 0x7f, 0x98, 0x2e, 0xc2, 0xc0, 0xe1,
             - 0x6f, 0x62,
  332              0x6f, 0xd1, 0x0a, 0x01, 0x2e, 0xcd, 0x00, 0xd5, 0x6f, 0xc4, 0x6f, 0x72, 0x6f, 0x97, 0x52, 0x9d, 0x5c,
             - 0x98, 0x2e,
  333              0x06, 0xcd, 0x23, 0x6f, 0x90, 0x6f, 0x99, 0x52, 0xc0, 0xb2, 0x04, 0xbd, 0x54, 0x40, 0xaf, 0xb9, 0x45,
             - 0x40, 0xe1,
  334              0x7f, 0x02, 0x30, 0x06, 0x2f, 0xc0, 0xb2, 0x02, 0x30, 0x03, 0x2f, 0x9b, 0x5c, 0x12, 0x30, 0x94, 0x43,
             - 0x85, 0x43,
  335              0x03, 0xbf, 0x6f, 0xbb, 0x80, 0xb3, 0x20, 0x2f, 0x06, 0x6f, 0x26, 0x01, 0x16, 0x6f, 0x6e, 0x03, 0x45,
             - 0x42, 0xc0,
  336              0x90, 0x29, 0x2e, 0xce, 0x00, 0x9b, 0x52, 0x14, 0x2f, 0x9b, 0x5c, 0x00, 0x2e, 0x93, 0x41, 0x86, 0x41,
             - 0xe3, 0x04,
  337              0xae, 0x07, 0x80, 0xab, 0x04, 0x2f, 0x80, 0x91, 0x0a, 0x2f, 0x86, 0x6f, 0x73, 0x0f, 0x07, 0x2f, 0x83,
             - 0x6f, 0xc0,
  338              0xb2, 0x04, 0x2f, 0x54, 0x42, 0x45, 0x42, 0x12, 0x30, 0x04, 0x2c, 0x11, 0x30, 0x02, 0x2c, 0x11, 0x30,
             - 0x11, 0x30,
  339              0x02, 0xbc, 0x0f, 0xb8, 0xd2, 0x7f, 0x00, 0xb2, 0x0a, 0x2f, 0x01, 0x2e, 0xfc, 0x00, 0x05, 0x2e, 0xc7,
             - 0x01, 0x10,
  340              0x1a, 0x02, 0x2f, 0x21, 0x2e, 0xc7, 0x01, 0x03, 0x2d, 0x02, 0x2c, 0x01, 0x30, 0x01, 0x30, 0xb0, 0x6f,
             - 0x98, 0x2e,
  341              0x95, 0xcf, 0xd1, 0x6f, 0xa0, 0x6f, 0x98, 0x2e, 0x95, 0xcf, 0xe2, 0x6f, 0x9f, 0x52, 0x01, 0x2e, 0xce,
             - 0x00, 0x82,
  342              0x40, 0x50, 0x42, 0x0c, 0x2c, 0x42, 0x42, 0x11, 0x30, 0x23, 0x2e, 0xd2, 0x00, 0x01, 0x30, 0xb0, 0x6f,
             - 0x98, 0x2e,
  343              0x95, 0xcf, 0xa0, 0x6f, 0x01, 0x30, 0x98, 0x2e, 0x95, 0xcf, 0x00, 0x2e, 0xfb, 0x6f, 0x00, 0x5f, 0xb8,
             - 0x2e, 0x83,
  344              0x86, 0x01, 0x30, 0x00, 0x30, 0x94, 0x40, 0x24, 0x18, 0x06, 0x00, 0x53, 0x0e, 0x4f, 0x02, 0xf9, 0x2f,
             - 0xb8, 0x2e,
C251 COMPILER V5.60.0,  zf_device_config                                                   08/01/26  02:12:47  PAGE 11  

  345              0xa9, 0x52, 0x00, 0x2e, 0x60, 0x40, 0x41, 0x40, 0x0d, 0xbc, 0x98, 0xbc, 0xc0, 0x2e, 0x01, 0x0a, 0x0f,
             - 0xb8, 0xab,
  346              0x52, 0x53, 0x3c, 0x52, 0x40, 0x40, 0x40, 0x4b, 0x00, 0x82, 0x16, 0x26, 0xb9, 0x01, 0xb8, 0x41, 0x40,
             - 0x10, 0x08,
  347              0x97, 0xb8, 0x01, 0x08, 0xc0, 0x2e, 0x11, 0x30, 0x01, 0x08, 0x43, 0x86, 0x25, 0x40, 0x04, 0x40, 0xd8,
             - 0xbe, 0x2c,
  348              0x0b, 0x22, 0x11, 0x54, 0x42, 0x03, 0x80, 0x4b, 0x0e, 0xf6, 0x2f, 0xb8, 0x2e, 0x9f, 0x50, 0x10, 0x50,
             - 0xad, 0x52,
  349              0x05, 0x2e, 0xd3, 0x00, 0xfb, 0x7f, 0x00, 0x2e, 0x13, 0x40, 0x93, 0x42, 0x41, 0x0e, 0xfb, 0x2f, 0x98,
             - 0x2e, 0xa5,
  350              0xb7, 0x98, 0x2e, 0x87, 0xcf, 0x01, 0x2e, 0xd9, 0x00, 0x00, 0xb2, 0xfb, 0x6f, 0x0b, 0x2f, 0x01, 0x2e,
             - 0x69, 0xf7,
  351              0xb1, 0x3f, 0x01, 0x08, 0x01, 0x30, 0xf0, 0x5f, 0x23, 0x2e, 0xd9, 0x00, 0x21, 0x2e, 0x69, 0xf7, 0x80,
             - 0x2e, 0x7a,
  352              0xb7, 0xf0, 0x5f, 0xb8, 0x2e, 0x01, 0x2e, 0xc0, 0xf8, 0x03, 0x2e, 0xfc, 0xf5, 0x15, 0x54, 0xaf, 0x56,
             - 0x82, 0x08,
  353              0x0b, 0x2e, 0x69, 0xf7, 0xcb, 0x0a, 0xb1, 0x58, 0x80, 0x90, 0xdd, 0xbe, 0x4c, 0x08, 0x5f, 0xb9, 0x59,
             - 0x22, 0x80,
  354              0x90, 0x07, 0x2f, 0x03, 0x34, 0xc3, 0x08, 0xf2, 0x3a, 0x0a, 0x08, 0x02, 0x35, 0xc0, 0x90, 0x4a, 0x0a,
             - 0x48, 0x22,
  355              0xc0, 0x2e, 0x23, 0x2e, 0xfc, 0xf5, 0x10, 0x50, 0xfb, 0x7f, 0x98, 0x2e, 0x56, 0xc7, 0x98, 0x2e, 0x49,
             - 0xc3, 0x10,
  356              0x30, 0xfb, 0x6f, 0xf0, 0x5f, 0x21, 0x2e, 0xcc, 0x00, 0x21, 0x2e, 0xca, 0x00, 0xb8, 0x2e, 0x03, 0x2e,
             - 0xd3, 0x00,
  357              0x16, 0xb8, 0x02, 0x34, 0x4a, 0x0c, 0x21, 0x2e, 0x2d, 0xf5, 0xc0, 0x2e, 0x23, 0x2e, 0xd3, 0x00, 0x03,
             - 0xbc, 0x21,
  358              0x2e, 0xd5, 0x00, 0x03, 0x2e, 0xd5, 0x00, 0x40, 0xb2, 0x10, 0x30, 0x21, 0x2e, 0x77, 0x00, 0x01, 0x30,
             - 0x05, 0x2f,
  359              0x05, 0x2e, 0xd8, 0x00, 0x80, 0x90, 0x01, 0x2f, 0x23, 0x2e, 0x6f, 0xf5, 0xc0, 0x2e, 0x21, 0x2e, 0xd9,
             - 0x00, 0x11,
  360              0x30, 0x81, 0x08, 0x01, 0x2e, 0x6a, 0xf7, 0x71, 0x3f, 0x23, 0xbd, 0x01, 0x08, 0x02, 0x0a, 0xc0, 0x2e,
             - 0x21, 0x2e,
  361              0x6a, 0xf7, 0x30, 0x25, 0x00, 0x30, 0x21, 0x2e, 0x5a, 0xf5, 0x10, 0x50, 0x21, 0x2e, 0x7b, 0x00, 0x21,
             - 0x2e, 0x7c,
  362              0x00, 0xfb, 0x7f, 0x98, 0x2e, 0xc3, 0xb7, 0x40, 0x30, 0x21, 0x2e, 0xd4, 0x00, 0xfb, 0x6f, 0xf0, 0x5f,
             - 0x03, 0x25,
  363              0x80, 0x2e, 0xaf, 0xb7, 0x80, 0x2e, 0x00, 0xc1, 0x80, 0x2e, 0x00, 0xc1, 0x80, 0x2e, 0x00, 0xc1, 0x80,
             - 0x2e, 0x00,
  364              0xc1, 0x80, 0x2e, 0x00, 0xc1, 0x80, 0x2e, 0x00, 0xc1, 0x80, 0x2e, 0x00, 0xc1, 0x80, 0x2e, 0x00, 0xc1,
             - 0x80, 0x2e,
  365              0x00, 0xc1, 0x80, 0x2e, 0x00, 0xc1, 0x80, 0x2e, 0x00, 0xc1, 0x80, 0x2e, 0x00, 0xc1, 0x80, 0x2e, 0x00,
             - 0xc1, 0x80,
  366              0x2e, 0x00, 0xc1, 0x80, 0x2e, 0x00, 0xc1, 0x01, 0x2e, 0x5d, 0xf7, 0x08, 0xbc, 0x80, 0xac, 0x0e, 0xbb,
             - 0x02, 0x2f,
  367              0x00, 0x30, 0x41, 0x04, 0x82, 0x06, 0xc0, 0xa4, 0x00, 0x30, 0x11, 0x2f, 0x40, 0xa9, 0x03, 0x2f, 0x40,
             - 0x91, 0x0d,
  368              0x2f, 0x00, 0xa7, 0x0b, 0x2f, 0x80, 0xb3, 0xb3, 0x58, 0x02, 0x2f, 0x90, 0xa1, 0x26, 0x13, 0x20, 0x23,
             - 0x80, 0x90,
  369              0x10, 0x30, 0x01, 0x2f, 0xcc, 0x0e, 0x00, 0x2f, 0x00, 0x30, 0xb8, 0x2e, 0xb5, 0x50, 0x18, 0x08, 0x08,
             - 0xbc, 0x88,
  370              0xb6, 0x0d, 0x17, 0xc6, 0xbd, 0x56, 0xbc, 0xb7, 0x58, 0xda, 0xba, 0x04, 0x01, 0x1d, 0x0a, 0x10, 0x50,
             - 0x05, 0x30,
  371              0x32, 0x25, 0x45, 0x03, 0xfb, 0x7f, 0xf6, 0x30, 0x21, 0x25, 0x98, 0x2e, 0x37, 0xca, 0x16, 0xb5, 0x9a,
             - 0xbc, 0x06,
  372              0xb8, 0x80, 0xa8, 0x41, 0x0a, 0x0e, 0x2f, 0x80, 0x90, 0x02, 0x2f, 0x2d, 0x50, 0x48, 0x0f, 0x09, 0x2f,
             - 0xbf, 0xa0,
  373              0x04, 0x2f, 0xbf, 0x90, 0x06, 0x2f, 0xb7, 0x54, 0xca, 0x0f, 0x03, 0x2f, 0x00, 0x2e, 0x02, 0x2c, 0xb7,
             - 0x52, 0x2d,
  374              0x52, 0xf2, 0x33, 0x98, 0x2e, 0xd9, 0xc0, 0xfb, 0x6f, 0xf1, 0x37, 0xc0, 0x2e, 0x01, 0x08, 0xf0, 0x5f,
             - 0xbf, 0x56,
  375              0xb9, 0x54, 0xd0, 0x40, 0xc4, 0x40, 0x0b, 0x2e, 0xfd, 0xf3, 0xbf, 0x52, 0x90, 0x42, 0x94, 0x42, 0x95,
             - 0x42, 0x05,
  376              0x30, 0xc1, 0x50, 0x0f, 0x88, 0x06, 0x40, 0x04, 0x41, 0x96, 0x42, 0xc5, 0x42, 0x48, 0xbe, 0x73, 0x30,
             - 0x0d, 0x2e,
  377              0xd8, 0x00, 0x4f, 0xba, 0x84, 0x42, 0x03, 0x42, 0x81, 0xb3, 0x02, 0x2f, 0x2b, 0x2e, 0x6f, 0xf5, 0x06,
             - 0x2d, 0x05,
C251 COMPILER V5.60.0,  zf_device_config                                                   08/01/26  02:12:47  PAGE 12  

  378              0x2e, 0x77, 0xf7, 0xbd, 0x56, 0x93, 0x08, 0x25, 0x2e, 0x77, 0xf7, 0xbb, 0x54, 0x25, 0x2e, 0xc2, 0xf5,
             - 0x07, 0x2e,
  379              0xfd, 0xf3, 0x42, 0x30, 0xb4, 0x33, 0xda, 0x0a, 0x4c, 0x00, 0x27, 0x2e, 0xfd, 0xf3, 0x43, 0x40, 0xd4,
             - 0x3f, 0xdc,
  380              0x08, 0x43, 0x42, 0x00, 0x2e, 0x00, 0x2e, 0x43, 0x40, 0x24, 0x30, 0xdc, 0x0a, 0x43, 0x42, 0x04, 0x80,
             - 0x03, 0x2e,
  381              0xfd, 0xf3, 0x4a, 0x0a, 0x23, 0x2e, 0xfd, 0xf3, 0x61, 0x34, 0xc0, 0x2e, 0x01, 0x42, 0x00, 0x2e, 0x60,
             - 0x50, 0x1a,
  382              0x25, 0x7a, 0x86, 0xe0, 0x7f, 0xf3, 0x7f, 0x03, 0x25, 0xc3, 0x52, 0x41, 0x84, 0xdb, 0x7f, 0x33, 0x30,
             - 0x98, 0x2e,
  383              0x16, 0xc2, 0x1a, 0x25, 0x7d, 0x82, 0xf0, 0x6f, 0xe2, 0x6f, 0x32, 0x25, 0x16, 0x40, 0x94, 0x40, 0x26,
             - 0x01, 0x85,
  384              0x40, 0x8e, 0x17, 0xc4, 0x42, 0x6e, 0x03, 0x95, 0x42, 0x41, 0x0e, 0xf4, 0x2f, 0xdb, 0x6f, 0xa0, 0x5f,
             - 0xb8, 0x2e,
  385              0xb0, 0x51, 0xfb, 0x7f, 0x98, 0x2e, 0xe8, 0x0d, 0x5a, 0x25, 0x98, 0x2e, 0x0f, 0x0e, 0xcb, 0x58, 0x32,
             - 0x87, 0xc4,
  386              0x7f, 0x65, 0x89, 0x6b, 0x8d, 0xc5, 0x5a, 0x65, 0x7f, 0xe1, 0x7f, 0x83, 0x7f, 0xa6, 0x7f, 0x74, 0x7f,
             - 0xd0, 0x7f,
  387              0xb6, 0x7f, 0x94, 0x7f, 0x17, 0x30, 0xc7, 0x52, 0xc9, 0x54, 0x51, 0x7f, 0x00, 0x2e, 0x85, 0x6f, 0x42,
             - 0x7f, 0x00,
  388              0x2e, 0x51, 0x41, 0x45, 0x81, 0x42, 0x41, 0x13, 0x40, 0x3b, 0x8a, 0x00, 0x40, 0x4b, 0x04, 0xd0, 0x06,
             - 0xc0, 0xac,
  389              0x85, 0x7f, 0x02, 0x2f, 0x02, 0x30, 0x51, 0x04, 0xd3, 0x06, 0x41, 0x84, 0x05, 0x30, 0x5d, 0x02, 0xc9,
             - 0x16, 0xdf,
  390              0x08, 0xd3, 0x00, 0x8d, 0x02, 0xaf, 0xbc, 0xb1, 0xb9, 0x59, 0x0a, 0x65, 0x6f, 0x11, 0x43, 0xa1, 0xb4,
             - 0x52, 0x41,
  391              0x53, 0x41, 0x01, 0x43, 0x34, 0x7f, 0x65, 0x7f, 0x26, 0x31, 0xe5, 0x6f, 0xd4, 0x6f, 0x98, 0x2e, 0x37,
             - 0xca, 0x32,
  392              0x6f, 0x75, 0x6f, 0x83, 0x40, 0x42, 0x41, 0x23, 0x7f, 0x12, 0x7f, 0xf6, 0x30, 0x40, 0x25, 0x51, 0x25,
             - 0x98, 0x2e,
  393              0x37, 0xca, 0x14, 0x6f, 0x20, 0x05, 0x70, 0x6f, 0x25, 0x6f, 0x69, 0x07, 0xa2, 0x6f, 0x31, 0x6f, 0x0b,
             - 0x30, 0x04,
  394              0x42, 0x9b, 0x42, 0x8b, 0x42, 0x55, 0x42, 0x32, 0x7f, 0x40, 0xa9, 0xc3, 0x6f, 0x71, 0x7f, 0x02, 0x30,
             - 0xd0, 0x40,
  395              0xc3, 0x7f, 0x03, 0x2f, 0x40, 0x91, 0x15, 0x2f, 0x00, 0xa7, 0x13, 0x2f, 0x00, 0xa4, 0x11, 0x2f, 0x84,
             - 0xbd, 0x98,
  396              0x2e, 0x79, 0xca, 0x55, 0x6f, 0xb7, 0x54, 0x54, 0x41, 0x82, 0x00, 0xf3, 0x3f, 0x45, 0x41, 0xcb, 0x02,
             - 0xf6, 0x30,
  397              0x98, 0x2e, 0x37, 0xca, 0x35, 0x6f, 0xa4, 0x6f, 0x41, 0x43, 0x03, 0x2c, 0x00, 0x43, 0xa4, 0x6f, 0x35,
             - 0x6f, 0x17,
  398              0x30, 0x42, 0x6f, 0x51, 0x6f, 0x93, 0x40, 0x42, 0x82, 0x00, 0x41, 0xc3, 0x00, 0x03, 0x43, 0x51, 0x7f,
             - 0x00, 0x2e,
  399              0x94, 0x40, 0x41, 0x41, 0x4c, 0x02, 0xc4, 0x6f, 0xd1, 0x56, 0x63, 0x0e, 0x74, 0x6f, 0x51, 0x43, 0xa5,
             - 0x7f, 0x8a,
  400              0x2f, 0x09, 0x2e, 0xd8, 0x00, 0x01, 0xb3, 0x21, 0x2f, 0xcb, 0x58, 0x90, 0x6f, 0x13, 0x41, 0xb6, 0x6f,
             - 0xe4, 0x7f,
  401              0x00, 0x2e, 0x91, 0x41, 0x14, 0x40, 0x92, 0x41, 0x15, 0x40, 0x17, 0x2e, 0x6f, 0xf5, 0xb6, 0x7f, 0xd0,
             - 0x7f, 0xcb,
  402              0x7f, 0x98, 0x2e, 0x00, 0x0c, 0x07, 0x15, 0xc2, 0x6f, 0x14, 0x0b, 0x29, 0x2e, 0x6f, 0xf5, 0xc3, 0xa3,
             - 0xc1, 0x8f,
  403              0xe4, 0x6f, 0xd0, 0x6f, 0xe6, 0x2f, 0x14, 0x30, 0x05, 0x2e, 0x6f, 0xf5, 0x14, 0x0b, 0x29, 0x2e, 0x6f,
             - 0xf5, 0x18,
  404              0x2d, 0xcd, 0x56, 0x04, 0x32, 0xb5, 0x6f, 0x1c, 0x01, 0x51, 0x41, 0x52, 0x41, 0xc3, 0x40, 0xb5, 0x7f,
             - 0xe4, 0x7f,
  405              0x98, 0x2e, 0x1f, 0x0c, 0xe4, 0x6f, 0x21, 0x87, 0x00, 0x43, 0x04, 0x32, 0xcf, 0x54, 0x5a, 0x0e, 0xef,
             - 0x2f, 0x15,
  406              0x54, 0x09, 0x2e, 0x77, 0xf7, 0x22, 0x0b, 0x29, 0x2e, 0x77, 0xf7, 0xfb, 0x6f, 0x50, 0x5e, 0xb8, 0x2e,
             - 0x10, 0x50,
  407              0x01, 0x2e, 0xd4, 0x00, 0x00, 0xb2, 0xfb, 0x7f, 0x51, 0x2f, 0x01, 0xb2, 0x48, 0x2f, 0x02, 0xb2, 0x42,
             - 0x2f, 0x03,
  408              0x90, 0x56, 0x2f, 0xd7, 0x52, 0x79, 0x80, 0x42, 0x40, 0x81, 0x84, 0x00, 0x40, 0x42, 0x42, 0x98, 0x2e,
             - 0x93, 0x0c,
  409              0xd9, 0x54, 0xd7, 0x50, 0xa1, 0x40, 0x98, 0xbd, 0x82, 0x40, 0x3e, 0x82, 0xda, 0x0a, 0x44, 0x40, 0x8b,
             - 0x16, 0xe3,
  410              0x00, 0x53, 0x42, 0x00, 0x2e, 0x43, 0x40, 0x9a, 0x02, 0x52, 0x42, 0x00, 0x2e, 0x41, 0x40, 0x15, 0x54,
             - 0x4a, 0x0e,
C251 COMPILER V5.60.0,  zf_device_config                                                   08/01/26  02:12:47  PAGE 13  

  411              0x3a, 0x2f, 0x3a, 0x82, 0x00, 0x30, 0x41, 0x40, 0x21, 0x2e, 0x85, 0x0f, 0x40, 0xb2, 0x0a, 0x2f, 0x98,
             - 0x2e, 0xb1,
  412              0x0c, 0x98, 0x2e, 0x45, 0x0e, 0x98, 0x2e, 0x5b, 0x0e, 0xfb, 0x6f, 0xf0, 0x5f, 0x00, 0x30, 0x80, 0x2e,
             - 0xce, 0xb7,
  413              0xdd, 0x52, 0xd3, 0x54, 0x42, 0x42, 0x4f, 0x84, 0x73, 0x30, 0xdb, 0x52, 0x83, 0x42, 0x1b, 0x30, 0x6b,
             - 0x42, 0x23,
  414              0x30, 0x27, 0x2e, 0xd7, 0x00, 0x37, 0x2e, 0xd4, 0x00, 0x21, 0x2e, 0xd6, 0x00, 0x7a, 0x84, 0x17, 0x2c,
             - 0x42, 0x42,
  415              0x30, 0x30, 0x21, 0x2e, 0xd4, 0x00, 0x12, 0x2d, 0x21, 0x30, 0x00, 0x30, 0x23, 0x2e, 0xd4, 0x00, 0x21,
             - 0x2e, 0x7b,
  416              0xf7, 0x0b, 0x2d, 0x17, 0x30, 0x98, 0x2e, 0x51, 0x0c, 0xd5, 0x50, 0x0c, 0x82, 0x72, 0x30, 0x2f, 0x2e,
             - 0xd4, 0x00,
  417              0x25, 0x2e, 0x7b, 0xf7, 0x40, 0x42, 0x00, 0x2e, 0xfb, 0x6f, 0xf0, 0x5f, 0xb8, 0x2e, 0x70, 0x50, 0x0a,
             - 0x25, 0x39,
  418              0x86, 0xfb, 0x7f, 0xe1, 0x32, 0x62, 0x30, 0x98, 0x2e, 0xc2, 0xc4, 0xb5, 0x56, 0xa5, 0x6f, 0xab, 0x08,
             - 0x91, 0x6f,
  419              0x4b, 0x08, 0xdf, 0x56, 0xc4, 0x6f, 0x23, 0x09, 0x4d, 0xba, 0x93, 0xbc, 0x8c, 0x0b, 0xd1, 0x6f, 0x0b,
             - 0x09, 0xcb,
  420              0x52, 0xe1, 0x5e, 0x56, 0x42, 0xaf, 0x09, 0x4d, 0xba, 0x23, 0xbd, 0x94, 0x0a, 0xe5, 0x6f, 0x68, 0xbb,
             - 0xeb, 0x08,
  421              0xbd, 0xb9, 0x63, 0xbe, 0xfb, 0x6f, 0x52, 0x42, 0xe3, 0x0a, 0xc0, 0x2e, 0x43, 0x42, 0x90, 0x5f, 0xd1,
             - 0x50, 0x03,
  422              0x2e, 0x25, 0xf3, 0x13, 0x40, 0x00, 0x40, 0x9b, 0xbc, 0x9b, 0xb4, 0x08, 0xbd, 0xb8, 0xb9, 0x98, 0xbc,
             - 0xda, 0x0a,
  423              0x08, 0xb6, 0x89, 0x16, 0xc0, 0x2e, 0x19, 0x00, 0x62, 0x02, 0x10, 0x50, 0xfb, 0x7f, 0x98, 0x2e, 0x81,
             - 0x0d, 0x01,
  424              0x2e, 0xd4, 0x00, 0x31, 0x30, 0x08, 0x04, 0xfb, 0x6f, 0x01, 0x30, 0xf0, 0x5f, 0x23, 0x2e, 0xd6, 0x00,
             - 0x21, 0x2e,
  425              0xd7, 0x00, 0xb8, 0x2e, 0x01, 0x2e, 0xd7, 0x00, 0x03, 0x2e, 0xd6, 0x00, 0x48, 0x0e, 0x01, 0x2f, 0x80,
             - 0x2e, 0x1f,
  426              0x0e, 0xb8, 0x2e, 0xe3, 0x50, 0x21, 0x34, 0x01, 0x42, 0x82, 0x30, 0xc1, 0x32, 0x25, 0x2e, 0x62, 0xf5,
             - 0x01, 0x00,
  427              0x22, 0x30, 0x01, 0x40, 0x4a, 0x0a, 0x01, 0x42, 0xb8, 0x2e, 0xe3, 0x54, 0xf0, 0x3b, 0x83, 0x40, 0xd8,
             - 0x08, 0xe5,
  428              0x52, 0x83, 0x42, 0x00, 0x30, 0x83, 0x30, 0x50, 0x42, 0xc4, 0x32, 0x27, 0x2e, 0x64, 0xf5, 0x94, 0x00,
             - 0x50, 0x42,
  429              0x40, 0x42, 0xd3, 0x3f, 0x84, 0x40, 0x7d, 0x82, 0xe3, 0x08, 0x40, 0x42, 0x83, 0x42, 0xb8, 0x2e, 0xdd,
             - 0x52, 0x00,
  430              0x30, 0x40, 0x42, 0x7c, 0x86, 0xb9, 0x52, 0x09, 0x2e, 0x70, 0x0f, 0xbf, 0x54, 0xc4, 0x42, 0xd3, 0x86,
             - 0x54, 0x40,
  431              0x55, 0x40, 0x94, 0x42, 0x85, 0x42, 0x21, 0x2e, 0xd7, 0x00, 0x42, 0x40, 0x25, 0x2e, 0xfd, 0xf3, 0xc0,
             - 0x42, 0x7e,
  432              0x82, 0x05, 0x2e, 0x7d, 0x00, 0x80, 0xb2, 0x14, 0x2f, 0x05, 0x2e, 0x89, 0x00, 0x27, 0xbd, 0x2f, 0xb9,
             - 0x80, 0x90,
  433              0x02, 0x2f, 0x21, 0x2e, 0x6f, 0xf5, 0x0c, 0x2d, 0x07, 0x2e, 0x71, 0x0f, 0x14, 0x30, 0x1c, 0x09, 0x05,
             - 0x2e, 0x77,
  434              0xf7, 0xbd, 0x56, 0x47, 0xbe, 0x93, 0x08, 0x94, 0x0a, 0x25, 0x2e, 0x77, 0xf7, 0xe7, 0x54, 0x50, 0x42,
             - 0x4a, 0x0e,
  435              0xfc, 0x2f, 0xb8, 0x2e, 0x50, 0x50, 0x02, 0x30, 0x43, 0x86, 0xe5, 0x50, 0xfb, 0x7f, 0xe3, 0x7f, 0xd2,
             - 0x7f, 0xc0,
  436              0x7f, 0xb1, 0x7f, 0x00, 0x2e, 0x41, 0x40, 0x00, 0x40, 0x48, 0x04, 0x98, 0x2e, 0x74, 0xc0, 0x1e, 0xaa,
             - 0xd3, 0x6f,
  437              0x14, 0x30, 0xb1, 0x6f, 0xe3, 0x22, 0xc0, 0x6f, 0x52, 0x40, 0xe4, 0x6f, 0x4c, 0x0e, 0x12, 0x42, 0xd3,
             - 0x7f, 0xeb,
  438              0x2f, 0x03, 0x2e, 0x86, 0x0f, 0x40, 0x90, 0x11, 0x30, 0x03, 0x2f, 0x23, 0x2e, 0x86, 0x0f, 0x02, 0x2c,
             - 0x00, 0x30,
  439              0xd0, 0x6f, 0xfb, 0x6f, 0xb0, 0x5f, 0xb8, 0x2e, 0x40, 0x50, 0xf1, 0x7f, 0x0a, 0x25, 0x3c, 0x86, 0xeb,
             - 0x7f, 0x41,
  440              0x33, 0x22, 0x30, 0x98, 0x2e, 0xc2, 0xc4, 0xd3, 0x6f, 0xf4, 0x30, 0xdc, 0x09, 0x47, 0x58, 0xc2, 0x6f,
             - 0x94, 0x09,
  441              0xeb, 0x58, 0x6a, 0xbb, 0xdc, 0x08, 0xb4, 0xb9, 0xb1, 0xbd, 0xe9, 0x5a, 0x95, 0x08, 0x21, 0xbd, 0xf6,
             - 0xbf, 0x77,
  442              0x0b, 0x51, 0xbe, 0xf1, 0x6f, 0xeb, 0x6f, 0x52, 0x42, 0x54, 0x42, 0xc0, 0x2e, 0x43, 0x42, 0xc0, 0x5f,
             - 0x50, 0x50,
  443              0xf5, 0x50, 0x31, 0x30, 0x11, 0x42, 0xfb, 0x7f, 0x7b, 0x30, 0x0b, 0x42, 0x11, 0x30, 0x02, 0x80, 0x23,
             - 0x33, 0x01,
C251 COMPILER V5.60.0,  zf_device_config                                                   08/01/26  02:12:47  PAGE 14  

  444              0x42, 0x03, 0x00, 0x07, 0x2e, 0x80, 0x03, 0x05, 0x2e, 0xd3, 0x00, 0x23, 0x52, 0xe2, 0x7f, 0xd3, 0x7f,
             - 0xc0, 0x7f,
  445              0x98, 0x2e, 0xb6, 0x0e, 0xd1, 0x6f, 0x08, 0x0a, 0x1a, 0x25, 0x7b, 0x86, 0xd0, 0x7f, 0x01, 0x33, 0x12,
             - 0x30, 0x98,
  446              0x2e, 0xc2, 0xc4, 0xd1, 0x6f, 0x08, 0x0a, 0x00, 0xb2, 0x0d, 0x2f, 0xe3, 0x6f, 0x01, 0x2e, 0x80, 0x03,
             - 0x51, 0x30,
  447              0xc7, 0x86, 0x23, 0x2e, 0x21, 0xf2, 0x08, 0xbc, 0xc0, 0x42, 0x98, 0x2e, 0xa5, 0xb7, 0x00, 0x2e, 0x00,
             - 0x2e, 0xd0,
  448              0x2e, 0xb0, 0x6f, 0x0b, 0xb8, 0x03, 0x2e, 0x1b, 0x00, 0x08, 0x1a, 0xb0, 0x7f, 0x70, 0x30, 0x04, 0x2f,
             - 0x21, 0x2e,
  449              0x21, 0xf2, 0x00, 0x2e, 0x00, 0x2e, 0xd0, 0x2e, 0x98, 0x2e, 0x6d, 0xc0, 0x98, 0x2e, 0x5d, 0xc0, 0xed,
             - 0x50, 0x98,
  450              0x2e, 0x44, 0xcb, 0xef, 0x50, 0x98, 0x2e, 0x46, 0xc3, 0xf1, 0x50, 0x98, 0x2e, 0x53, 0xc7, 0x35, 0x50,
             - 0x98, 0x2e,
  451              0x64, 0xcf, 0x10, 0x30, 0x98, 0x2e, 0xdc, 0x03, 0x20, 0x26, 0xc0, 0x6f, 0x02, 0x31, 0x12, 0x42, 0xab,
             - 0x33, 0x0b,
  452              0x42, 0x37, 0x80, 0x01, 0x30, 0x01, 0x42, 0xf3, 0x37, 0xf7, 0x52, 0xfb, 0x50, 0x44, 0x40, 0xa2, 0x0a,
             - 0x42, 0x42,
  453              0x8b, 0x31, 0x09, 0x2e, 0x5e, 0xf7, 0xf9, 0x54, 0xe3, 0x08, 0x83, 0x42, 0x1b, 0x42, 0x23, 0x33, 0x4b,
             - 0x00, 0xbc,
  454              0x84, 0x0b, 0x40, 0x33, 0x30, 0x83, 0x42, 0x0b, 0x42, 0xe0, 0x7f, 0xd1, 0x7f, 0x98, 0x2e, 0x58, 0xb7,
             - 0xd1, 0x6f,
  455              0x80, 0x30, 0x40, 0x42, 0x03, 0x30, 0xe0, 0x6f, 0xf3, 0x54, 0x04, 0x30, 0x00, 0x2e, 0x00, 0x2e, 0x01,
             - 0x89, 0x62,
  456              0x0e, 0xfa, 0x2f, 0x43, 0x42, 0x11, 0x30, 0xfb, 0x6f, 0xc0, 0x2e, 0x01, 0x42, 0xb0, 0x5f, 0xc1, 0x4a,
             - 0x00, 0x00,
  457              0x6d, 0x57, 0x00, 0x00, 0x77, 0x8e, 0x00, 0x00, 0xe0, 0xff, 0xff, 0xff, 0xd3, 0xff, 0xff, 0xff, 0xe5,
             - 0xff, 0xff,
  458              0xff, 0xee, 0xe1, 0xff, 0xff, 0x7c, 0x13, 0x00, 0x00, 0x46, 0xe6, 0xff, 0xff, 0x00, 0x00, 0x00, 0x00,
             - 0x00, 0x00,
  459              0x00, 0x00, 0x00, 0x00, 0x00, 0x00, 0x00, 0x00, 0x00, 0x00, 0x00, 0x00, 0x00, 0x00, 0x00, 0x00, 0x00,
             - 0x00, 0x00,
  460              0x00, 0x00, 0x00, 0x00, 0x00, 0x00, 0x00, 0x00, 0x00, 0x00, 0x00, 0x00, 0x00, 0x00, 0x00, 0x00, 0x00,
             - 0x00, 0x00,
  461              0x00, 0x00, 0x00, 0x00, 0x00, 0x00, 0x00, 0x00, 0x00, 0x00, 0x00, 0x00, 0x00, 0x00, 0x80, 0x2e, 0x00,
             - 0xc1, 0x80,
  462              0x2e, 0x00, 0xc1, 0x80, 0x2e, 0x00, 0xc1, 0x80, 0x2e, 0x00, 0xc1, 0x80, 0x2e, 0x00, 0xc1, 0x80, 0x2e,
             - 0x00, 0xc1,
  463              0x80, 0x2e, 0x00, 0xc1, 0x80, 0x2e, 0x00, 0xc1, 0x80, 0x2e, 0x00, 0xc1, 0x80, 0x2e, 0x00, 0xc1, 0x80,
             - 0x2e, 0x00,
  464              0xc1, 0x80, 0x2e, 0x00, 0xc1, 0x80, 0x2e, 0x00, 0xc1, 0x80, 0x2e, 0x00, 0xc1, 0x80, 0x2e, 0x00, 0xc1,
             - 0x80, 0x2e,
  465              0x00, 0xc1, 0x80, 0x2e, 0x00, 0xc1, 0x80, 0x2e, 0x00, 0xc1, 0x80, 0x2e, 0x00, 0xc1, 0x80, 0x2e, 0x00,
             - 0xc1, 0x80,
  466              0x2e, 0x00, 0xc1, 0x80, 0x2e, 0x00, 0xc1, 0x80, 0x2e, 0x00, 0xc1, 0x80, 0x2e, 0x00, 0xc1, 0x80, 0x2e,
             - 0x00, 0xc1,
  467              0x80, 0x2e, 0x00, 0xc1, 0x80, 0x2e, 0x00, 0xc1, 0x80, 0x2e, 0x00, 0xc1, 0x80, 0x2e, 0x00, 0xc1, 0x80,
             - 0x2e, 0x00,
  468              0xc1, 0x80, 0x2e, 0x00, 0xc1, 0x80, 0x2e, 0x00, 0xc1, 0x80, 0x2e, 0x00, 0xc1, 0x80, 0x2e, 0x00, 0xc1,
             - 0x80, 0x2e,
  469              0x00, 0xc1, 0x80, 0x2e, 0x00, 0xc1, 0x80, 0x2e, 0x00, 0xc1, 0x80, 0x2e, 0x00, 0xc1, 0x80, 0x2e, 0x00,
             - 0xc1, 0x80,
  470              0x2e, 0x00, 0xc1, 0x80, 0x2e, 0x00, 0xc1, 0x80, 0x2e, 0x00, 0xc1, 0x80, 0x2e, 0x00, 0xc1, 0x80, 0x2e,
             - 0x00, 0xc1,
  471              0x80, 0x2e, 0x00, 0xc1, 0x80, 0x2e, 0x00, 0xc1, 0x80, 0x2e, 0x00, 0xc1, 0x80, 0x2e, 0x00, 0xc1, 0x80,
             - 0x2e, 0x00,
  472              0xc1, 0x80, 0x2e, 0x00, 0xc1, 0x80, 0x2e, 0x00, 0xc1, 0x80, 0x2e, 0x00, 0xc1, 0x80, 0x2e, 0x00, 0xc1,
             - 0x80, 0x2e,
  473              0x00, 0xc1, 0x80, 0x2e, 0x00, 0xc1, 0x80, 0x2e, 0x00, 0xc1, 0x80, 0x2e, 0x00, 0xc1, 0x80, 0x2e, 0x00,
             - 0xc1, 0x80,
  474              0x2e, 0x00, 0xc1
  475          };
  476          
  477          
  478          

C251 COMPILER V5.60.0,  zf_device_config                                                   08/01/26  02:12:47  PAGE 15  


Module Information          Static   Overlayable
------------------------------------------------
  code size            =      8192     ------
  ecode size           =    ------     ------
  data size            =    ------     ------
  idata size           =    ------     ------
  pdata size           =    ------     ------
  xdata size           =    ------     ------
  xdata-const size     =    ------     ------
  edata size           =    ------     ------
  bit size             =    ------     ------
  ebit size            =    ------     ------
  bitaddressable size  =    ------     ------
  ebitaddressable size =    ------     ------
  far data size        =    ------     ------
  huge data size       =    ------     ------
  const size           =    ------     ------
  hconst size          =    ------     ------
End of Module Information.


C251 COMPILATION COMPLETE.  0 WARNING(S),  0 ERROR(S)
